#
# There is insufficient memory for the Java Runtime Environment to continue.
# Native memory allocation (mmap) failed to map 44040192 bytes for G1 virtual space
# Possible reasons:
#   The system is out of physical RAM or swap space
#   The process is running with CompressedOops enabled, and the Java Heap may be blocking the growth of the native heap
# Possible solutions:
#   Reduce memory load on the system
#   Increase physical memory or swap space
#   Check if swap backing store is full
#   Decrease Java heap size (-Xmx/-Xms)
#   Decrease number of Java threads
#   Decrease Java thread stack sizes (-Xss)
#   Set larger code cache with -XX:ReservedCodeCacheSize=
#   JVM is running with Unscaled Compressed Oops mode in which the Java heap is
#     placed in the first 4GB address space. The Java Heap base address is the
#     maximum limit for the native heap growth. Please use -XX:HeapBaseMinAddress
#     to set the Java Heap base and to place the Java Heap above 4GB virtual address.
# This output file may be truncated or incomplete.
#
#  Out of Memory Error (os_windows.cpp:3769), pid=14328, tid=8464
#
# JRE version: OpenJDK Runtime Environment (17.0.6) (build 17.0.6+0-b2043.56-9586694)
# Java VM: OpenJDK 64-Bit Server VM (17.0.6+0-b2043.56-9586694, mixed mode, tiered, compressed oops, compressed class ptrs, g1 gc, windows-amd64)
# No core dump will be written. Minidumps are not enabled by default on client versions of Windows
#

---------------  S U M M A R Y ------------

Command Line: --add-opens=java.base/java.util=ALL-UNNAMED --add-opens=java.base/java.lang=ALL-UNNAMED --add-opens=java.base/java.lang.invoke=ALL-UNNAMED --add-opens=java.prefs/java.util.prefs=ALL-UNNAMED --add-opens=java.base/java.nio.charset=ALL-UNNAMED --add-opens=java.base/java.net=ALL-UNNAMED --add-opens=java.base/java.util.concurrent.atomic=ALL-UNNAMED -Xmx2048m -Dfile.encoding=UTF-8 -Duser.country=KR -Duser.language=ko -Duser.variant org.gradle.launcher.daemon.bootstrap.GradleDaemon 8.0

Host: AMD Ryzen 7 3700U with Radeon Vega Mobile Gfx  , 8 cores, 13G,  Windows 10 , 64 bit Build 19041 (10.0.19041.2788)
Time: Thu Apr 20 20:20:27 2023  Windows 10 , 64 bit Build 19041 (10.0.19041.2788) elapsed time: 18.515829 seconds (0d 0h 0m 18s)

---------------  T H R E A D  ---------------

Current thread (0x000001e5f1e38560):  VMThread "VM Thread" [stack: 0x000000ba6e900000,0x000000ba6ea00000] [id=8464]

Stack: [0x000000ba6e900000,0x000000ba6ea00000]
Native frames: (J=compiled Java code, j=interpreted, Vv=VM code, C=native code)
V  [jvm.dll+0x683b4a]
V  [jvm.dll+0x842654]
V  [jvm.dll+0x843dfe]
V  [jvm.dll+0x844463]
V  [jvm.dll+0x249b75]
V  [jvm.dll+0x680a19]
V  [jvm.dll+0x674f0a]
V  [jvm.dll+0x309acb]
V  [jvm.dll+0x310f86]
V  [jvm.dll+0x3608ee]
V  [jvm.dll+0x360b1f]
V  [jvm.dll+0x2dfbf8]
V  [jvm.dll+0x2ddec4]
V  [jvm.dll+0x2dd4cc]
V  [jvm.dll+0x321f3b]
V  [jvm.dll+0x84893b]
V  [jvm.dll+0x849674]
V  [jvm.dll+0x849b8d]
V  [jvm.dll+0x849f64]
V  [jvm.dll+0x84a030]
V  [jvm.dll+0x7f25fa]
V  [jvm.dll+0x682985]
C  [ucrtbase.dll+0x21bb2]
C  [KERNEL32.DLL+0x17604]
C  [ntdll.dll+0x526a1]

VM_Operation (0x000000ba734fd480): G1CollectForAllocation, mode: safepoint, requested by thread 0x000001e5f85e9890


---------------  P R O C E S S  ---------------

Threads class SMR info:
_java_thread_list=0x000001e5faa21690, length=136, elements={
0x000001e5d7fbd680, 0x000001e5f2821590, 0x000001e5f2822310, 0x000001e5f286a410,
0x000001e5f286acd0, 0x000001e5f2893030, 0x000001e5f28938f0, 0x000001e5f28944e0,
0x000001e5f2894e90, 0x000001e5f28977a0, 0x000001e5f2a2ae40, 0x000001e5f2a2fb40,
0x000001e5f5000030, 0x000001e5f4da1cb0, 0x000001e5f4d10440, 0x000001e5f42a5130,
0x000001e5f53b5400, 0x000001e5f5203340, 0x000001e5f4381120, 0x000001e5f5a18880,
0x000001e5f3990de0, 0x000001e5f3992120, 0x000001e5f3991c50, 0x000001e5f398faa0,
0x000001e5f398f5d0, 0x000001e5f398ff70, 0x000001e5f39925f0, 0x000001e5f3992ac0,
0x000001e5f3990440, 0x000001e5f398f100, 0x000001e5f3990910, 0x000001e5f39912b0,
0x000001e5f3991780, 0x000001e5f6b2fb00, 0x000001e5f6ccc430, 0x000001e5f6b30e40,
0x000001e5f6b32650, 0x000001e5f6b32b20, 0x000001e5f6b33990, 0x000001e5f6b334c0,
0x000001e5f6b34800, 0x000001e5f6b317e0, 0x000001e5f6b36e80, 0x000001e5f6b32ff0,
0x000001e5f6b32180, 0x000001e5f6b369b0, 0x000001e5f6b351a0, 0x000001e5f6b33e60,
0x000001e5f6b31310, 0x000001e5f6b36010, 0x000001e5f6b34330, 0x000001e5f6b364e0,
0x000001e5f6b2ffd0, 0x000001e5f6b30970, 0x000001e5f6b2f630, 0x000001e5f6b34cd0,
0x000001e5f6b31cb0, 0x000001e5f85e7bb0, 0x000001e5f85e7210, 0x000001e5f85e46c0,
0x000001e5f85e63a0, 0x000001e5f85e4b90, 0x000001e5f85e2eb0, 0x000001e5f85e6870,
0x000001e5f85e9890, 0x000001e5f85e8550, 0x000001e5f85e5a00, 0x000001e5f85e8080,
0x000001e5f85e5530, 0x000001e5f85e9d60, 0x000001e5f85ea230, 0x000001e5f85e3380,
0x000001e5f85e5060, 0x000001e5f85e6d40, 0x000001e5f85e5ed0, 0x000001e5f85e3850,
0x000001e5f85e76e0, 0x000001e5f85e29e0, 0x000001e5f85e8a20, 0x000001e5f85e8ef0,
0x000001e5f85e93c0, 0x000001e5f85e3d20, 0x000001e5f85e41f0, 0x000001e5f41f1490,
0x000001e5f41f6b30, 0x000001e5f41f3fe0, 0x000001e5f41f5320, 0x000001e5f41f57f0,
0x000001e5f41f8340, 0x000001e5f41f6190, 0x000001e5f41f0af0, 0x000001e5f41f3b10,
0x000001e5f41f27d0, 0x000001e5f41f7e70, 0x000001e5f41f5cc0, 0x000001e5f41f0fc0,
0x000001e5f41f3640, 0x000001e5f41f7000, 0x000001e5f41f44b0, 0x000001e5f41f74d0,
0x000001e5f41f79a0, 0x000001e5f41f4980, 0x000001e5f41f1960, 0x000001e5f41f1e30,
0x000001e5f41f4e50, 0x000001e5f41f2ca0, 0x000001e5f41f6660, 0x000001e5f41f2300,
0x000001e5f41f3170, 0x000001e5f538d5e0, 0x000001e5f538f2c0, 0x000001e5f538df80,
0x000001e5f538f790, 0x000001e5f538dab0, 0x000001e5f538e920, 0x000001e5f538cc40,
0x000001e5f5390130, 0x000001e5f538e450, 0x000001e5f5390600, 0x000001e5f538d110,
0x000001e5f538edf0, 0x000001e5f538fc60, 0x000001e5fa395090, 0x000001e5fa395f00,
0x000001e5f2ae8ba0, 0x000001e5fa39ac00, 0x000001e5fa39bf40, 0x000001e5fa399d90,
0x000001e5fa396d70, 0x000001e5fa398f20, 0x000001e5fa3993f0, 0x000001e5fa397710,
0x000001e5fa39c410, 0x000001e5fa39c8e0, 0x000001e5fa3998c0, 0x000001e5fa395560
}

Java Threads: ( => current thread )
  0x000001e5d7fbd680 JavaThread "main" [_thread_blocked, id=8500, stack(0x000000ba6e300000,0x000000ba6e400000)]
  0x000001e5f2821590 JavaThread "Reference Handler" daemon [_thread_blocked, id=1468, stack(0x000000ba6ea00000,0x000000ba6eb00000)]
  0x000001e5f2822310 JavaThread "Finalizer" daemon [_thread_blocked, id=10584, stack(0x000000ba6eb00000,0x000000ba6ec00000)]
  0x000001e5f286a410 JavaThread "Signal Dispatcher" daemon [_thread_blocked, id=12860, stack(0x000000ba6ec00000,0x000000ba6ed00000)]
  0x000001e5f286acd0 JavaThread "Attach Listener" daemon [_thread_blocked, id=4488, stack(0x000000ba6ed00000,0x000000ba6ee00000)]
  0x000001e5f2893030 JavaThread "Service Thread" daemon [_thread_blocked, id=2836, stack(0x000000ba6ee00000,0x000000ba6ef00000)]
  0x000001e5f28938f0 JavaThread "Monitor Deflation Thread" daemon [_thread_blocked, id=5248, stack(0x000000ba6ef00000,0x000000ba6f000000)]
  0x000001e5f28944e0 JavaThread "C2 CompilerThread0" daemon [_thread_blocked, id=908, stack(0x000000ba6f000000,0x000000ba6f100000)]
  0x000001e5f2894e90 JavaThread "C1 CompilerThread0" daemon [_thread_blocked, id=3828, stack(0x000000ba6f100000,0x000000ba6f200000)]
  0x000001e5f28977a0 JavaThread "Sweeper thread" daemon [_thread_blocked, id=1260, stack(0x000000ba6f200000,0x000000ba6f300000)]
  0x000001e5f2a2ae40 JavaThread "Common-Cleaner" daemon [_thread_blocked, id=16556, stack(0x000000ba6f300000,0x000000ba6f400000)]
  0x000001e5f2a2fb40 JavaThread "Notification Thread" daemon [_thread_blocked, id=9864, stack(0x000000ba6f400000,0x000000ba6f500000)]
  0x000001e5f5000030 JavaThread "Daemon health stats" [_thread_blocked, id=2532, stack(0x000000ba6fc00000,0x000000ba6fd00000)]
  0x000001e5f4da1cb0 JavaThread "Incoming local TCP Connector on port 50241" [_thread_in_native, id=6300, stack(0x000000ba6f600000,0x000000ba6f700000)]
  0x000001e5f4d10440 JavaThread "Daemon periodic checks" [_thread_blocked, id=13464, stack(0x000000ba6f700000,0x000000ba6f800000)]
  0x000001e5f42a5130 JavaThread "Daemon" [_thread_blocked, id=10108, stack(0x000000ba6ff00000,0x000000ba70000000)]
  0x000001e5f53b5400 JavaThread "Handler for socket connection from /127.0.0.1:50241 to /127.0.0.1:50242" [_thread_in_native, id=16056, stack(0x000000ba70000000,0x000000ba70100000)]
  0x000001e5f5203340 JavaThread "Cancel handler" [_thread_blocked, id=14852, stack(0x000000ba70100000,0x000000ba70200000)]
  0x000001e5f4381120 JavaThread "Daemon worker" [_thread_blocked, id=9800, stack(0x000000ba70200000,0x000000ba70300000)]
  0x000001e5f5a18880 JavaThread "Asynchronous log dispatcher for DefaultDaemonConnection: socket connection from /127.0.0.1:50241 to /127.0.0.1:50242" [_thread_blocked, id=14672, stack(0x000000ba70300000,0x000000ba70400000)]
  0x000001e5f3990de0 JavaThread "Stdin handler" [_thread_blocked, id=16044, stack(0x000000ba6fe00000,0x000000ba6ff00000)]
  0x000001e5f3992120 JavaThread "Daemon client event forwarder" [_thread_blocked, id=3436, stack(0x000000ba70400000,0x000000ba70500000)]
  0x000001e5f3991c50 JavaThread "Cache worker for journal cache (C:\Users\user\.gradle\caches\journal-1)" [_thread_blocked, id=8164, stack(0x000000ba70900000,0x000000ba70a00000)]
  0x000001e5f398faa0 JavaThread "File lock request listener" [_thread_in_native, id=2592, stack(0x000000ba70a00000,0x000000ba70b00000)]
  0x000001e5f398f5d0 JavaThread "Cache worker for file hash cache (C:\Users\user\.gradle\caches\8.0\fileHashes)" [_thread_blocked, id=4304, stack(0x000000ba70b00000,0x000000ba70c00000)]
  0x000001e5f398ff70 JavaThread "File watcher server" daemon [_thread_blocked, id=15016, stack(0x000000ba70d00000,0x000000ba70e00000)]
  0x000001e5f39925f0 JavaThread "File watcher consumer" daemon [_thread_blocked, id=14880, stack(0x000000ba70e00000,0x000000ba70f00000)]
  0x000001e5f3992ac0 JavaThread "Cache worker for checksums cache (C:\Users\user\AndroidStudioProjects\anyang_setup\.gradle\8.0\checksums)" [_thread_blocked, id=11980, stack(0x000000ba70f00000,0x000000ba71000000)]
  0x000001e5f3990440 JavaThread "Cache worker for cache directory md-rule (C:\Users\user\.gradle\caches\8.0\md-rule)" [_thread_blocked, id=1788, stack(0x000000ba71000000,0x000000ba71100000)]
  0x000001e5f398f100 JavaThread "Cache worker for file content cache (C:\Users\user\.gradle\caches\8.0\fileContent)" [_thread_blocked, id=14948, stack(0x000000ba71100000,0x000000ba71200000)]
  0x000001e5f3990910 JavaThread "Cache worker for file hash cache (C:\Users\user\AndroidStudioProjects\anyang_setup\.gradle\8.0\fileHashes)" [_thread_blocked, id=16344, stack(0x000000ba70c00000,0x000000ba70d00000)]
  0x000001e5f39912b0 JavaThread "Cache worker for cache directory md-supplier (C:\Users\user\.gradle\caches\8.0\md-supplier)" [_thread_blocked, id=17360, stack(0x000000ba71200000,0x000000ba71300000)]
  0x000001e5f3991780 JavaThread "Cache worker for execution history cache (C:\Users\user\.gradle\caches\8.0\executionHistory)" [_thread_blocked, id=15652, stack(0x000000ba71300000,0x000000ba71400000)]
  0x000001e5f6b2fb00 JavaThread "jar transforms" [_thread_blocked, id=15136, stack(0x000000ba6fd00000,0x000000ba6fe00000)]
  0x000001e5f6ccc430 JavaThread "C2 CompilerThread1" daemon [_thread_blocked, id=15416, stack(0x000000ba71400000,0x000000ba71500000)]
  0x000001e5f6b30e40 JavaThread "jar transforms Thread 2" [_thread_blocked, id=1656, stack(0x000000ba71500000,0x000000ba71600000)]
  0x000001e5f6b32650 JavaThread "jar transforms Thread 3" [_thread_blocked, id=1692, stack(0x000000ba71800000,0x000000ba71900000)]
  0x000001e5f6b32b20 JavaThread "jar transforms Thread 4" [_thread_blocked, id=11288, stack(0x000000ba71900000,0x000000ba71a00000)]
  0x000001e5f6b33990 JavaThread "Cache worker for dependencies-accessors (C:\Users\user\AndroidStudioProjects\anyang_setup\.gradle\8.0\dependencies-accessors)" [_thread_blocked, id=15964, stack(0x000000ba71a00000,0x000000ba71b00000)]
  0x000001e5f6b334c0 JavaThread "jar transforms Thread 5" [_thread_blocked, id=7928, stack(0x000000ba71b00000,0x000000ba71c00000)]
  0x000001e5f6b34800 JavaThread "Cache worker for Build Output Cleanup Cache (C:\Users\user\AndroidStudioProjects\anyang_setup\.gradle\buildOutputCleanup)" [_thread_blocked, id=912, stack(0x000000ba71c00000,0x000000ba71d00000)]
  0x000001e5f6b317e0 JavaThread "Unconstrained build operations" [_thread_blocked, id=15236, stack(0x000000ba71d00000,0x000000ba71e00000)]
  0x000001e5f6b36e80 JavaThread "Unconstrained build operations Thread 2" [_thread_blocked, id=8856, stack(0x000000ba71e00000,0x000000ba71f00000)]
  0x000001e5f6b32ff0 JavaThread "Unconstrained build operations Thread 3" [_thread_blocked, id=7880, stack(0x000000ba71f00000,0x000000ba72000000)]
  0x000001e5f6b32180 JavaThread "Unconstrained build operations Thread 4" [_thread_blocked, id=15648, stack(0x000000ba72000000,0x000000ba72100000)]
  0x000001e5f6b369b0 JavaThread "Unconstrained build operations Thread 5" [_thread_blocked, id=8168, stack(0x000000ba72100000,0x000000ba72200000)]
  0x000001e5f6b351a0 JavaThread "Unconstrained build operations Thread 6" [_thread_blocked, id=15856, stack(0x000000ba72200000,0x000000ba72300000)]
  0x000001e5f6b33e60 JavaThread "Unconstrained build operations Thread 7" [_thread_blocked, id=15888, stack(0x000000ba72300000,0x000000ba72400000)]
  0x000001e5f6b31310 JavaThread "Unconstrained build operations Thread 8" [_thread_blocked, id=13948, stack(0x000000ba72400000,0x000000ba72500000)]
  0x000001e5f6b36010 JavaThread "Unconstrained build operations Thread 9" [_thread_blocked, id=10908, stack(0x000000ba72500000,0x000000ba72600000)]
  0x000001e5f6b34330 JavaThread "Unconstrained build operations Thread 10" [_thread_blocked, id=9700, stack(0x000000ba72600000,0x000000ba72700000)]
  0x000001e5f6b364e0 JavaThread "Unconstrained build operations Thread 11" [_thread_blocked, id=4628, stack(0x000000ba72700000,0x000000ba72800000)]
  0x000001e5f6b2ffd0 JavaThread "Unconstrained build operations Thread 12" [_thread_blocked, id=14260, stack(0x000000ba72800000,0x000000ba72900000)]
  0x000001e5f6b30970 JavaThread "Unconstrained build operations Thread 13" [_thread_blocked, id=15148, stack(0x000000ba72900000,0x000000ba72a00000)]
  0x000001e5f6b2f630 JavaThread "Unconstrained build operations Thread 14" [_thread_blocked, id=15656, stack(0x000000ba72a00000,0x000000ba72b00000)]
  0x000001e5f6b34cd0 JavaThread "Unconstrained build operations Thread 15" [_thread_blocked, id=15764, stack(0x000000ba72b00000,0x000000ba72c00000)]
  0x000001e5f6b31cb0 JavaThread "Unconstrained build operations Thread 16" [_thread_blocked, id=2828, stack(0x000000ba72c00000,0x000000ba72d00000)]
  0x000001e5f85e7bb0 JavaThread "Unconstrained build operations Thread 17" [_thread_blocked, id=13472, stack(0x000000ba72d00000,0x000000ba72e00000)]
  0x000001e5f85e7210 JavaThread "Unconstrained build operations Thread 18" [_thread_blocked, id=9496, stack(0x000000ba72e00000,0x000000ba72f00000)]
  0x000001e5f85e46c0 JavaThread "Unconstrained build operations Thread 19" [_thread_blocked, id=1028, stack(0x000000ba72f00000,0x000000ba73000000)]
  0x000001e5f85e63a0 JavaThread "Unconstrained build operations Thread 20" [_thread_blocked, id=13120, stack(0x000000ba73000000,0x000000ba73100000)]
  0x000001e5f85e4b90 JavaThread "Unconstrained build operations Thread 21" [_thread_blocked, id=2556, stack(0x000000ba73100000,0x000000ba73200000)]
  0x000001e5f85e2eb0 JavaThread "Unconstrained build operations Thread 22" [_thread_blocked, id=16064, stack(0x000000ba73200000,0x000000ba73300000)]
  0x000001e5f85e6870 JavaThread "Unconstrained build operations Thread 23" [_thread_blocked, id=15384, stack(0x000000ba73300000,0x000000ba73400000)]
  0x000001e5f85e9890 JavaThread "Unconstrained build operations Thread 24" [_thread_blocked, id=14832, stack(0x000000ba73400000,0x000000ba73500000)]
  0x000001e5f85e8550 JavaThread "Unconstrained build operations Thread 25" [_thread_blocked, id=12144, stack(0x000000ba73500000,0x000000ba73600000)]
  0x000001e5f85e5a00 JavaThread "Unconstrained build operations Thread 26" [_thread_blocked, id=13164, stack(0x000000ba73600000,0x000000ba73700000)]
  0x000001e5f85e8080 JavaThread "Unconstrained build operations Thread 27" [_thread_blocked, id=13824, stack(0x000000ba73700000,0x000000ba73800000)]
  0x000001e5f85e5530 JavaThread "Unconstrained build operations Thread 28" [_thread_blocked, id=9968, stack(0x000000ba73800000,0x000000ba73900000)]
  0x000001e5f85e9d60 JavaThread "Unconstrained build operations Thread 29" [_thread_blocked, id=12904, stack(0x000000ba73900000,0x000000ba73a00000)]
  0x000001e5f85ea230 JavaThread "Unconstrained build operations Thread 30" [_thread_blocked, id=5080, stack(0x000000ba73a00000,0x000000ba73b00000)]
  0x000001e5f85e3380 JavaThread "Unconstrained build operations Thread 31" [_thread_blocked, id=15832, stack(0x000000ba73b00000,0x000000ba73c00000)]
  0x000001e5f85e5060 JavaThread "Unconstrained build operations Thread 32" [_thread_blocked, id=13448, stack(0x000000ba73c00000,0x000000ba73d00000)]
  0x000001e5f85e6d40 JavaThread "Unconstrained build operations Thread 33" [_thread_blocked, id=15924, stack(0x000000ba73d00000,0x000000ba73e00000)]
  0x000001e5f85e5ed0 JavaThread "Unconstrained build operations Thread 34" [_thread_blocked, id=8440, stack(0x000000ba73e00000,0x000000ba73f00000)]
  0x000001e5f85e3850 JavaThread "Unconstrained build operations Thread 35" [_thread_blocked, id=1792, stack(0x000000ba73f00000,0x000000ba74000000)]
  0x000001e5f85e76e0 JavaThread "Unconstrained build operations Thread 36" [_thread_blocked, id=2072, stack(0x000000ba74000000,0x000000ba74100000)]
  0x000001e5f85e29e0 JavaThread "Unconstrained build operations Thread 37" [_thread_blocked, id=9256, stack(0x000000ba74100000,0x000000ba74200000)]
  0x000001e5f85e8a20 JavaThread "Unconstrained build operations Thread 38" [_thread_blocked, id=12020, stack(0x000000ba74200000,0x000000ba74300000)]
  0x000001e5f85e8ef0 JavaThread "Unconstrained build operations Thread 39" [_thread_blocked, id=7864, stack(0x000000ba74300000,0x000000ba74400000)]
  0x000001e5f85e93c0 JavaThread "Unconstrained build operations Thread 40" [_thread_blocked, id=14772, stack(0x000000ba74400000,0x000000ba74500000)]
  0x000001e5f85e3d20 JavaThread "Unconstrained build operations Thread 41" [_thread_blocked, id=10916, stack(0x000000ba74500000,0x000000ba74600000)]
  0x000001e5f85e41f0 JavaThread "Unconstrained build operations Thread 42" [_thread_blocked, id=9580, stack(0x000000ba74600000,0x000000ba74700000)]
  0x000001e5f41f1490 JavaThread "Unconstrained build operations Thread 43" [_thread_blocked, id=2816, stack(0x000000ba74700000,0x000000ba74800000)]
  0x000001e5f41f6b30 JavaThread "Unconstrained build operations Thread 44" [_thread_blocked, id=1744, stack(0x000000ba74800000,0x000000ba74900000)]
  0x000001e5f41f3fe0 JavaThread "Unconstrained build operations Thread 45" [_thread_blocked, id=16796, stack(0x000000ba74900000,0x000000ba74a00000)]
  0x000001e5f41f5320 JavaThread "Unconstrained build operations Thread 46" [_thread_blocked, id=9164, stack(0x000000ba74a00000,0x000000ba74b00000)]
  0x000001e5f41f57f0 JavaThread "Unconstrained build operations Thread 47" [_thread_blocked, id=1516, stack(0x000000ba74b00000,0x000000ba74c00000)]
  0x000001e5f41f8340 JavaThread "Unconstrained build operations Thread 48" [_thread_blocked, id=10552, stack(0x000000ba74c00000,0x000000ba74d00000)]
  0x000001e5f41f6190 JavaThread "Unconstrained build operations Thread 49" [_thread_blocked, id=9928, stack(0x000000ba74d00000,0x000000ba74e00000)]
  0x000001e5f41f0af0 JavaThread "Unconstrained build operations Thread 50" [_thread_blocked, id=11524, stack(0x000000ba74e00000,0x000000ba74f00000)]
  0x000001e5f41f3b10 JavaThread "Unconstrained build operations Thread 51" [_thread_blocked, id=5216, stack(0x000000ba74f00000,0x000000ba75000000)]
  0x000001e5f41f27d0 JavaThread "Unconstrained build operations Thread 52" [_thread_blocked, id=14312, stack(0x000000ba75000000,0x000000ba75100000)]
  0x000001e5f41f7e70 JavaThread "Unconstrained build operations Thread 53" [_thread_blocked, id=13932, stack(0x000000ba75100000,0x000000ba75200000)]
  0x000001e5f41f5cc0 JavaThread "Unconstrained build operations Thread 54" [_thread_blocked, id=10344, stack(0x000000ba75200000,0x000000ba75300000)]
  0x000001e5f41f0fc0 JavaThread "Unconstrained build operations Thread 55" [_thread_blocked, id=12868, stack(0x000000ba75300000,0x000000ba75400000)]
  0x000001e5f41f3640 JavaThread "Unconstrained build operations Thread 56" [_thread_blocked, id=3360, stack(0x000000ba75400000,0x000000ba75500000)]
  0x000001e5f41f7000 JavaThread "Unconstrained build operations Thread 57" [_thread_blocked, id=16144, stack(0x000000ba75500000,0x000000ba75600000)]
  0x000001e5f41f44b0 JavaThread "Unconstrained build operations Thread 58" [_thread_blocked, id=14620, stack(0x000000ba75600000,0x000000ba75700000)]
  0x000001e5f41f74d0 JavaThread "Unconstrained build operations Thread 59" [_thread_blocked, id=12744, stack(0x000000ba75700000,0x000000ba75800000)]
  0x000001e5f41f79a0 JavaThread "Unconstrained build operations Thread 60" [_thread_blocked, id=11536, stack(0x000000ba75800000,0x000000ba75900000)]
  0x000001e5f41f4980 JavaThread "Unconstrained build operations Thread 61" [_thread_blocked, id=9484, stack(0x000000ba75900000,0x000000ba75a00000)]
  0x000001e5f41f1960 JavaThread "Unconstrained build operations Thread 62" [_thread_blocked, id=9780, stack(0x000000ba75a00000,0x000000ba75b00000)]
  0x000001e5f41f1e30 JavaThread "Unconstrained build operations Thread 63" [_thread_blocked, id=3524, stack(0x000000ba75b00000,0x000000ba75c00000)]
  0x000001e5f41f4e50 JavaThread "Unconstrained build operations Thread 64" [_thread_blocked, id=10812, stack(0x000000ba75c00000,0x000000ba75d00000)]
  0x000001e5f41f2ca0 JavaThread "Unconstrained build operations Thread 65" [_thread_blocked, id=2852, stack(0x000000ba75d00000,0x000000ba75e00000)]
  0x000001e5f41f6660 JavaThread "Unconstrained build operations Thread 66" [_thread_blocked, id=8808, stack(0x000000ba75e00000,0x000000ba75f00000)]
  0x000001e5f41f2300 JavaThread "Unconstrained build operations Thread 67" [_thread_blocked, id=4428, stack(0x000000ba75f00000,0x000000ba76000000)]
  0x000001e5f41f3170 JavaThread "Unconstrained build operations Thread 68" [_thread_blocked, id=14596, stack(0x000000ba76000000,0x000000ba76100000)]
  0x000001e5f538d5e0 JavaThread "Unconstrained build operations Thread 69" [_thread_blocked, id=14904, stack(0x000000ba76100000,0x000000ba76200000)]
  0x000001e5f538f2c0 JavaThread "Unconstrained build operations Thread 70" [_thread_blocked, id=13480, stack(0x000000ba76200000,0x000000ba76300000)]
  0x000001e5f538df80 JavaThread "Unconstrained build operations Thread 71" [_thread_blocked, id=14696, stack(0x000000ba76300000,0x000000ba76400000)]
  0x000001e5f538f790 JavaThread "Unconstrained build operations Thread 72" [_thread_blocked, id=14704, stack(0x000000ba76400000,0x000000ba76500000)]
  0x000001e5f538dab0 JavaThread "Unconstrained build operations Thread 73" [_thread_blocked, id=14448, stack(0x000000ba76500000,0x000000ba76600000)]
  0x000001e5f538e920 JavaThread "Unconstrained build operations Thread 74" [_thread_blocked, id=2944, stack(0x000000ba76600000,0x000000ba76700000)]
  0x000001e5f538cc40 JavaThread "Unconstrained build operations Thread 75" [_thread_blocked, id=12668, stack(0x000000ba76700000,0x000000ba76800000)]
  0x000001e5f5390130 JavaThread "Unconstrained build operations Thread 76" [_thread_blocked, id=14708, stack(0x000000ba76800000,0x000000ba76900000)]
  0x000001e5f538e450 JavaThread "Unconstrained build operations Thread 77" [_thread_blocked, id=15624, stack(0x000000ba76900000,0x000000ba76a00000)]
  0x000001e5f5390600 JavaThread "Unconstrained build operations Thread 78" [_thread_blocked, id=13176, stack(0x000000ba76a00000,0x000000ba76b00000)]
  0x000001e5f538d110 JavaThread "Unconstrained build operations Thread 79" [_thread_blocked, id=9560, stack(0x000000ba76b00000,0x000000ba76c00000)]
  0x000001e5f538edf0 JavaThread "Unconstrained build operations Thread 80" [_thread_blocked, id=4448, stack(0x000000ba76c00000,0x000000ba76d00000)]
  0x000001e5f538fc60 JavaThread "jar transforms Thread 6" [_thread_blocked, id=2540, stack(0x000000ba76d00000,0x000000ba76e00000)]
  0x000001e5fa395090 JavaThread "jar transforms Thread 7" [_thread_blocked, id=12708, stack(0x000000ba76e00000,0x000000ba76f00000)]
  0x000001e5fa395f00 JavaThread "jar transforms Thread 8" [_thread_blocked, id=3168, stack(0x000000ba76f00000,0x000000ba77000000)]
  0x000001e5f2ae8ba0 JavaThread "C2 CompilerThread2" daemon [_thread_blocked, id=2536, stack(0x000000ba71600000,0x000000ba71700000)]
  0x000001e5fa39ac00 JavaThread "build event listener" [_thread_blocked, id=16032, stack(0x000000ba77000000,0x000000ba77100000)]
  0x000001e5fa39bf40 JavaThread "Memory manager" [_thread_blocked, id=16348, stack(0x000000ba77100000,0x000000ba77200000)]
  0x000001e5fa399d90 JavaThread "included builds" [_thread_blocked, id=9400, stack(0x000000ba77200000,0x000000ba77300000)]
  0x000001e5fa396d70 JavaThread "Execution worker" [_thread_blocked, id=9232, stack(0x000000ba77300000,0x000000ba77400000)]
  0x000001e5fa398f20 JavaThread "Execution worker Thread 2" [_thread_blocked, id=4504, stack(0x000000ba77400000,0x000000ba77500000)]
  0x000001e5fa3993f0 JavaThread "Execution worker Thread 3" [_thread_blocked, id=10760, stack(0x000000ba77500000,0x000000ba77600000)]
  0x000001e5fa397710 JavaThread "Execution worker Thread 4" [_thread_blocked, id=4552, stack(0x000000ba77600000,0x000000ba77700000)]
  0x000001e5fa39c410 JavaThread "Execution worker Thread 5" [_thread_blocked, id=8732, stack(0x000000ba77700000,0x000000ba77800000)]
  0x000001e5fa39c8e0 JavaThread "Execution worker Thread 6" [_thread_blocked, id=808, stack(0x000000ba77800000,0x000000ba77900000)]
  0x000001e5fa3998c0 JavaThread "Execution worker Thread 7" [_thread_blocked, id=4496, stack(0x000000ba77900000,0x000000ba77a00000)]
  0x000001e5fa395560 JavaThread "Cache worker for execution history cache (C:\Users\user\AndroidStudioProjects\anyang_setup\.gradle\8.0\executionHistory)" [_thread_blocked, id=5316, stack(0x000000ba77a00000,0x000000ba77b00000)]

Other Threads:
=>0x000001e5f1e38560 VMThread "VM Thread" [stack: 0x000000ba6e900000,0x000000ba6ea00000] [id=8464]
  0x000001e5f2a32460 WatcherThread [stack: 0x000000ba6f500000,0x000000ba6f600000] [id=8188]
  0x000001e5d801ac50 GCTaskThread "GC Thread#0" [stack: 0x000000ba6e400000,0x000000ba6e500000] [id=6956]
  0x000001e5f3a21910 GCTaskThread "GC Thread#1" [stack: 0x000000ba6f800000,0x000000ba6f900000] [id=7348]
  0x000001e5f3a21fd0 GCTaskThread "GC Thread#2" [stack: 0x000000ba6f900000,0x000000ba6fa00000] [id=7296]
  0x000001e5f3a22650 GCTaskThread "GC Thread#3" [stack: 0x000000ba6fa00000,0x000000ba6fb00000] [id=6128]
  0x000001e5f3494270 GCTaskThread "GC Thread#4" [stack: 0x000000ba6fb00000,0x000000ba6fc00000] [id=15876]
  0x000001e5f5670b00 GCTaskThread "GC Thread#5" [stack: 0x000000ba70500000,0x000000ba70600000] [id=6396]
  0x000001e5f53b58d0 GCTaskThread "GC Thread#6" [stack: 0x000000ba70600000,0x000000ba70700000] [id=4328]
  0x000001e5f4e10430 GCTaskThread "GC Thread#7" [stack: 0x000000ba70700000,0x000000ba70800000] [id=3624]
  0x000001e5d802cab0 ConcurrentGCThread "G1 Main Marker" [stack: 0x000000ba6e500000,0x000000ba6e600000] [id=6616]
  0x000001e5d802d3d0 ConcurrentGCThread "G1 Conc#0" [stack: 0x000000ba6e600000,0x000000ba6e700000] [id=4708]
  0x000001e5f4d309d0 ConcurrentGCThread "G1 Conc#1" [stack: 0x000000ba70800000,0x000000ba70900000] [id=9752]
  0x000001e5d808d530 ConcurrentGCThread "G1 Refine#0" [stack: 0x000000ba6e700000,0x000000ba6e800000] [id=15696]
  0x000001e5f864f2e0 ConcurrentGCThread "G1 Refine#1" [stack: 0x000000ba71700000,0x000000ba71800000] [id=15192]
  0x000001e5f1cabd00 ConcurrentGCThread "G1 Service" [stack: 0x000000ba6e800000,0x000000ba6e900000] [id=9728]

Threads with active compile tasks:
C2 CompilerThread0    18586 9943       4       org.gradle.internal.time.MonotonicClock::syncIsDue (28 bytes)
C1 CompilerThread0    18586 9938       3       org.gradle.internal.watch.registry.impl.AbstractFileWatcherUpdater::virtualFileSystemContentsChanged (20 bytes)
C2 CompilerThread1    18586 9686       4       com.google.common.cache.LocalCache::getIfPresent (49 bytes)
C2 CompilerThread2    18586 9880       4       org.gradle.internal.snapshot.VfsRelativePath::compareToFirstSegment (203 bytes)

VM state: at safepoint (normal execution)

VM Mutex/Monitor currently owned by a thread:  ([mutex/lock_event])
[0x000001e5d7fb8960] Threads_lock - owner thread: 0x000001e5f1e38560
[0x000001e5d7fb90b0] Heap_lock - owner thread: 0x000001e5f85e9890

Heap address: 0x0000000080000000, size: 2048 MB, Compressed Oops mode: 32-bit

CDS archive(s) not mapped
Compressed class space mapped at: 0x0000000100000000-0x0000000140000000, reserved size: 1073741824
Narrow klass base: 0x0000000000000000, Narrow klass shift: 3, Narrow klass range: 0x140000000

GC Precious Log:
 CPUs: 8 total, 8 available
 Memory: 14269M
 Large Page Support: Disabled
 NUMA Support: Disabled
 Compressed Oops: Enabled (32-bit)
 Heap Region Size: 1M
 Heap Min Capacity: 8M
 Heap Initial Capacity: 224M
 Heap Max Capacity: 2G
 Pre-touch: Disabled
 Parallel Workers: 8
 Concurrent Workers: 2
 Concurrent Refinement Workers: 8
 Periodic GC: Disabled

Heap:
 garbage-first heap   total 186368K, used 78217K [0x0000000080000000, 0x0000000100000000)
  region size 1024K, 3 young (3072K), 3 survivors (3072K)
 Metaspace       used 84665K, committed 85312K, reserved 1130496K
  class space    used 11653K, committed 11968K, reserved 1048576K

Heap Regions: E=young(eden), S=young(survivor), O=old, HS=humongous(starts), HC=humongous(continues), CS=collection set, F=free, OA=open archive, CA=closed archive, TAMS=top-at-mark-start (previous, next)
|   0|0x0000000080000000, 0x0000000080100000, 0x0000000080100000|100%|HS|  |TAMS 0x0000000080100000, 0x0000000080100000| Complete 
|   1|0x0000000080100000, 0x0000000080200000, 0x0000000080200000|100%|HC|  |TAMS 0x0000000080200000, 0x0000000080200000| Complete 
|   2|0x0000000080200000, 0x0000000080300000, 0x0000000080300000|100%|HC|  |TAMS 0x0000000080300000, 0x0000000080300000| Complete 
|   3|0x0000000080300000, 0x0000000080400000, 0x0000000080400000|100%|HC|  |TAMS 0x0000000080400000, 0x0000000080400000| Complete 
|   4|0x0000000080400000, 0x0000000080500000, 0x0000000080500000|100%| O|  |TAMS 0x0000000080500000, 0x0000000080500000| Untracked 
|   5|0x0000000080500000, 0x0000000080600000, 0x0000000080600000|100%| O|  |TAMS 0x0000000080600000, 0x0000000080600000| Untracked 
|   6|0x0000000080600000, 0x0000000080700000, 0x0000000080700000|100%| O|  |TAMS 0x0000000080700000, 0x0000000080700000| Untracked 
|   7|0x0000000080700000, 0x0000000080800000, 0x0000000080800000|100%| O|  |TAMS 0x0000000080800000, 0x0000000080800000| Untracked 
|   8|0x0000000080800000, 0x0000000080900000, 0x0000000080900000|100%| O|  |TAMS 0x0000000080900000, 0x0000000080900000| Untracked 
|   9|0x0000000080900000, 0x0000000080a00000, 0x0000000080a00000|100%| O|  |TAMS 0x0000000080a00000, 0x0000000080a00000| Untracked 
|  10|0x0000000080a00000, 0x0000000080b00000, 0x0000000080b00000|100%| O|  |TAMS 0x0000000080b00000, 0x0000000080b00000| Untracked 
|  11|0x0000000080b00000, 0x0000000080c00000, 0x0000000080c00000|100%| O|  |TAMS 0x0000000080b00000, 0x0000000080c00000| Untracked 
|  12|0x0000000080c00000, 0x0000000080d00000, 0x0000000080d00000|100%| O|  |TAMS 0x0000000080d00000, 0x0000000080d00000| Untracked 
|  13|0x0000000080d00000, 0x0000000080e00000, 0x0000000080e00000|100%| O|  |TAMS 0x0000000080e00000, 0x0000000080e00000| Untracked 
|  14|0x0000000080e00000, 0x0000000080f00000, 0x0000000080f00000|100%| O|  |TAMS 0x0000000080f00000, 0x0000000080f00000| Untracked 
|  15|0x0000000080f00000, 0x0000000081000000, 0x0000000081000000|100%| O|  |TAMS 0x0000000081000000, 0x0000000081000000| Untracked 
|  16|0x0000000081000000, 0x0000000081100000, 0x0000000081100000|100%| O|  |TAMS 0x0000000081100000, 0x0000000081100000| Untracked 
|  17|0x0000000081100000, 0x0000000081200000, 0x0000000081200000|100%| O|  |TAMS 0x0000000081200000, 0x0000000081200000| Untracked 
|  18|0x0000000081200000, 0x0000000081300000, 0x0000000081300000|100%| O|  |TAMS 0x0000000081300000, 0x0000000081300000| Untracked 
|  19|0x0000000081300000, 0x0000000081400000, 0x0000000081400000|100%| O|  |TAMS 0x0000000081400000, 0x0000000081400000| Untracked 
|  20|0x0000000081400000, 0x0000000081500000, 0x0000000081500000|100%| O|  |TAMS 0x0000000081500000, 0x0000000081500000| Untracked 
|  21|0x0000000081500000, 0x0000000081600000, 0x0000000081600000|100%| O|  |TAMS 0x0000000081600000, 0x0000000081600000| Untracked 
|  22|0x0000000081600000, 0x0000000081700000, 0x0000000081700000|100%| O|  |TAMS 0x0000000081700000, 0x0000000081700000| Untracked 
|  23|0x0000000081700000, 0x0000000081800000, 0x0000000081800000|100%| O|  |TAMS 0x0000000081800000, 0x0000000081800000| Untracked 
|  24|0x0000000081800000, 0x0000000081900000, 0x0000000081900000|100%| O|  |TAMS 0x0000000081900000, 0x0000000081900000| Untracked 
|  25|0x0000000081900000, 0x0000000081a00000, 0x0000000081a00000|100%| O|  |TAMS 0x0000000081a00000, 0x0000000081a00000| Untracked 
|  26|0x0000000081a00000, 0x0000000081b00000, 0x0000000081b00000|100%| O|  |TAMS 0x0000000081b00000, 0x0000000081b00000| Untracked 
|  27|0x0000000081b00000, 0x0000000081c00000, 0x0000000081c00000|100%| O|  |TAMS 0x0000000081c00000, 0x0000000081c00000| Untracked 
|  28|0x0000000081c00000, 0x0000000081d00000, 0x0000000081d00000|100%| O|  |TAMS 0x0000000081d00000, 0x0000000081d00000| Untracked 
|  29|0x0000000081d00000, 0x0000000081e00000, 0x0000000081e00000|100%| O|  |TAMS 0x0000000081e00000, 0x0000000081e00000| Untracked 
|  30|0x0000000081e00000, 0x0000000081f00000, 0x0000000081f00000|100%| O|  |TAMS 0x0000000081f00000, 0x0000000081f00000| Untracked 
|  31|0x0000000081f00000, 0x0000000082000000, 0x0000000082000000|100%| O|  |TAMS 0x0000000082000000, 0x0000000082000000| Untracked 
|  32|0x0000000082000000, 0x0000000082100000, 0x0000000082100000|100%| O|  |TAMS 0x0000000082100000, 0x0000000082100000| Untracked 
|  33|0x0000000082100000, 0x0000000082200000, 0x0000000082200000|100%| O|  |TAMS 0x0000000082200000, 0x0000000082200000| Untracked 
|  34|0x0000000082200000, 0x0000000082300000, 0x0000000082300000|100%| O|  |TAMS 0x0000000082300000, 0x0000000082300000| Untracked 
|  35|0x0000000082300000, 0x0000000082400000, 0x0000000082400000|100%|HS|  |TAMS 0x0000000082400000, 0x0000000082400000| Complete 
|  36|0x0000000082400000, 0x0000000082500000, 0x0000000082500000|100%|HS|  |TAMS 0x0000000082500000, 0x0000000082500000| Complete 
|  37|0x0000000082500000, 0x0000000082600000, 0x0000000082600000|100%| O|  |TAMS 0x0000000082600000, 0x0000000082600000| Untracked 
|  38|0x0000000082600000, 0x0000000082600000, 0x0000000082700000|  0%| F|  |TAMS 0x0000000082600000, 0x0000000082600000| Untracked 
|  39|0x0000000082700000, 0x0000000082800000, 0x0000000082800000|100%| O|  |TAMS 0x0000000082800000, 0x0000000082800000| Untracked 
|  40|0x0000000082800000, 0x0000000082900000, 0x0000000082900000|100%| O|  |TAMS 0x0000000082900000, 0x0000000082900000| Untracked 
|  41|0x0000000082900000, 0x0000000082a00000, 0x0000000082a00000|100%| O|  |TAMS 0x0000000082a00000, 0x0000000082a00000| Untracked 
|  42|0x0000000082a00000, 0x0000000082b00000, 0x0000000082b00000|100%| O|  |TAMS 0x0000000082b00000, 0x0000000082b00000| Untracked 
|  43|0x0000000082b00000, 0x0000000082c00000, 0x0000000082c00000|100%| O|  |TAMS 0x0000000082c00000, 0x0000000082c00000| Untracked 
|  44|0x0000000082c00000, 0x0000000082d00000, 0x0000000082d00000|100%| O|  |TAMS 0x0000000082d00000, 0x0000000082d00000| Untracked 
|  45|0x0000000082d00000, 0x0000000082e00000, 0x0000000082e00000|100%| O|  |TAMS 0x0000000082e00000, 0x0000000082e00000| Untracked 
|  46|0x0000000082e00000, 0x0000000082f00000, 0x0000000082f00000|100%| O|  |TAMS 0x0000000082f00000, 0x0000000082f00000| Untracked 
|  47|0x0000000082f00000, 0x0000000083000000, 0x0000000083000000|100%| O|  |TAMS 0x0000000083000000, 0x0000000083000000| Untracked 
|  48|0x0000000083000000, 0x0000000083100000, 0x0000000083100000|100%| O|  |TAMS 0x0000000083100000, 0x0000000083100000| Untracked 
|  49|0x0000000083100000, 0x0000000083200000, 0x0000000083200000|100%| O|  |TAMS 0x0000000083200000, 0x0000000083200000| Untracked 
|  50|0x0000000083200000, 0x0000000083300000, 0x0000000083300000|100%| O|  |TAMS 0x0000000083300000, 0x0000000083300000| Untracked 
|  51|0x0000000083300000, 0x0000000083400000, 0x0000000083400000|100%| O|  |TAMS 0x0000000083400000, 0x0000000083400000| Untracked 
|  52|0x0000000083400000, 0x0000000083500000, 0x0000000083500000|100%| O|  |TAMS 0x0000000083500000, 0x0000000083500000| Untracked 
|  53|0x0000000083500000, 0x0000000083600000, 0x0000000083600000|100%| O|  |TAMS 0x0000000083600000, 0x0000000083600000| Untracked 
|  54|0x0000000083600000, 0x0000000083700000, 0x0000000083700000|100%| O|  |TAMS 0x0000000083700000, 0x0000000083700000| Untracked 
|  55|0x0000000083700000, 0x0000000083800000, 0x0000000083800000|100%| O|  |TAMS 0x0000000083800000, 0x0000000083800000| Untracked 
|  56|0x0000000083800000, 0x0000000083900000, 0x0000000083900000|100%| O|  |TAMS 0x0000000083900000, 0x0000000083900000| Untracked 
|  57|0x0000000083900000, 0x0000000083a00000, 0x0000000083a00000|100%| O|  |TAMS 0x0000000083a00000, 0x0000000083a00000| Untracked 
|  58|0x0000000083a00000, 0x0000000083b00000, 0x0000000083b00000|100%| O|  |TAMS 0x0000000083b00000, 0x0000000083b00000| Untracked 
|  59|0x0000000083b00000, 0x0000000083c00000, 0x0000000083c00000|100%| O|  |TAMS 0x0000000083c00000, 0x0000000083c00000| Untracked 
|  60|0x0000000083c00000, 0x0000000083d00000, 0x0000000083d00000|100%| O|  |TAMS 0x0000000083d00000, 0x0000000083d00000| Untracked 
|  61|0x0000000083d00000, 0x0000000083e00000, 0x0000000083e00000|100%| O|  |TAMS 0x0000000083e00000, 0x0000000083e00000| Untracked 
|  62|0x0000000083e00000, 0x0000000083f00000, 0x0000000083f00000|100%| O|  |TAMS 0x0000000083f00000, 0x0000000083f00000| Untracked 
|  63|0x0000000083f00000, 0x0000000084000000, 0x0000000084000000|100%| O|  |TAMS 0x0000000084000000, 0x0000000084000000| Untracked 
|  64|0x0000000084000000, 0x0000000084100000, 0x0000000084100000|100%| O|  |TAMS 0x0000000084100000, 0x0000000084100000| Untracked 
|  65|0x0000000084100000, 0x0000000084200000, 0x0000000084200000|100%| O|  |TAMS 0x0000000084200000, 0x0000000084200000| Untracked 
|  66|0x0000000084200000, 0x0000000084300000, 0x0000000084300000|100%| O|  |TAMS 0x0000000084300000, 0x0000000084300000| Untracked 
|  67|0x0000000084300000, 0x0000000084400000, 0x0000000084400000|100%| O|  |TAMS 0x0000000084400000, 0x0000000084400000| Untracked 
|  68|0x0000000084400000, 0x0000000084500000, 0x0000000084500000|100%| O|  |TAMS 0x0000000084500000, 0x0000000084500000| Untracked 
|  69|0x0000000084500000, 0x0000000084600000, 0x0000000084600000|100%| O|  |TAMS 0x00000000845f4c00, 0x0000000084600000| Untracked 
|  70|0x0000000084600000, 0x0000000084700000, 0x0000000084700000|100%| O|  |TAMS 0x0000000084600000, 0x0000000084700000| Untracked 
|  71|0x0000000084700000, 0x0000000084800000, 0x0000000084800000|100%| O|  |TAMS 0x0000000084700000, 0x0000000084800000| Untracked 
|  72|0x0000000084800000, 0x0000000084900000, 0x0000000084900000|100%| O|  |TAMS 0x0000000084800000, 0x0000000084900000| Untracked 
|  73|0x0000000084900000, 0x0000000084a00000, 0x0000000084a00000|100%| O|  |TAMS 0x0000000084900000, 0x0000000084a00000| Untracked 
|  74|0x0000000084a00000, 0x0000000084ae3200, 0x0000000084b00000| 88%| O|  |TAMS 0x0000000084a00000, 0x0000000084ae3200| Untracked 
|  75|0x0000000084b00000, 0x0000000084b00000, 0x0000000084c00000|  0%| F|  |TAMS 0x0000000084b00000, 0x0000000084b00000| Untracked 
|  76|0x0000000084c00000, 0x0000000084c00000, 0x0000000084d00000|  0%| F|  |TAMS 0x0000000084c00000, 0x0000000084c00000| Untracked 
|  77|0x0000000084d00000, 0x0000000084d00000, 0x0000000084e00000|  0%| F|  |TAMS 0x0000000084d00000, 0x0000000084d00000| Untracked 
|  78|0x0000000084e00000, 0x0000000084e00000, 0x0000000084f00000|  0%| F|  |TAMS 0x0000000084e00000, 0x0000000084e00000| Untracked 
|  79|0x0000000084f00000, 0x0000000084f00000, 0x0000000085000000|  0%| F|  |TAMS 0x0000000084f00000, 0x0000000084f00000| Untracked 
|  80|0x0000000085000000, 0x0000000085000000, 0x0000000085100000|  0%| F|  |TAMS 0x0000000085000000, 0x0000000085000000| Untracked 
|  81|0x0000000085100000, 0x0000000085100000, 0x0000000085200000|  0%| F|  |TAMS 0x0000000085100000, 0x0000000085100000| Untracked 
|  82|0x0000000085200000, 0x0000000085200000, 0x0000000085300000|  0%| F|  |TAMS 0x0000000085200000, 0x0000000085200000| Untracked 
|  83|0x0000000085300000, 0x0000000085300000, 0x0000000085400000|  0%| F|  |TAMS 0x0000000085300000, 0x0000000085300000| Untracked 
|  84|0x0000000085400000, 0x0000000085400000, 0x0000000085500000|  0%| F|  |TAMS 0x0000000085400000, 0x0000000085400000| Untracked 
|  85|0x0000000085500000, 0x0000000085500000, 0x0000000085600000|  0%| F|  |TAMS 0x0000000085500000, 0x0000000085500000| Untracked 
|  86|0x0000000085600000, 0x0000000085600000, 0x0000000085700000|  0%| F|  |TAMS 0x0000000085600000, 0x0000000085600000| Untracked 
|  87|0x0000000085700000, 0x0000000085700000, 0x0000000085800000|  0%| F|  |TAMS 0x0000000085700000, 0x0000000085700000| Untracked 
|  88|0x0000000085800000, 0x0000000085800000, 0x0000000085900000|  0%| F|  |TAMS 0x0000000085800000, 0x0000000085800000| Untracked 
|  89|0x0000000085900000, 0x0000000085900000, 0x0000000085a00000|  0%| F|  |TAMS 0x0000000085900000, 0x0000000085900000| Untracked 
|  90|0x0000000085a00000, 0x0000000085a00000, 0x0000000085b00000|  0%| F|  |TAMS 0x0000000085a00000, 0x0000000085a00000| Untracked 
|  91|0x0000000085b00000, 0x0000000085b00000, 0x0000000085c00000|  0%| F|  |TAMS 0x0000000085b00000, 0x0000000085b00000| Untracked 
|  92|0x0000000085c00000, 0x0000000085c00000, 0x0000000085d00000|  0%| F|  |TAMS 0x0000000085c00000, 0x0000000085c00000| Untracked 
|  93|0x0000000085d00000, 0x0000000085d00000, 0x0000000085e00000|  0%| F|  |TAMS 0x0000000085d00000, 0x0000000085d00000| Untracked 
|  94|0x0000000085e00000, 0x0000000085e7f468, 0x0000000085f00000| 49%| S|CS|TAMS 0x0000000085e00000, 0x0000000085e00000| Complete 
|  95|0x0000000085f00000, 0x0000000086000000, 0x0000000086000000|100%| S|CS|TAMS 0x0000000085f00000, 0x0000000085f00000| Complete 
|  96|0x0000000086000000, 0x0000000086100000, 0x0000000086100000|100%| S|CS|TAMS 0x0000000086000000, 0x0000000086000000| Complete 
|  97|0x0000000086100000, 0x0000000086100000, 0x0000000086200000|  0%| F|  |TAMS 0x0000000086100000, 0x0000000086100000| Untracked 
|  98|0x0000000086200000, 0x0000000086200000, 0x0000000086300000|  0%| F|  |TAMS 0x0000000086200000, 0x0000000086200000| Untracked 
|  99|0x0000000086300000, 0x0000000086300000, 0x0000000086400000|  0%| F|  |TAMS 0x0000000086300000, 0x0000000086300000| Untracked 
| 100|0x0000000086400000, 0x0000000086400000, 0x0000000086500000|  0%| F|  |TAMS 0x0000000086400000, 0x0000000086400000| Untracked 
| 101|0x0000000086500000, 0x0000000086500000, 0x0000000086600000|  0%| F|  |TAMS 0x0000000086500000, 0x0000000086500000| Untracked 
| 102|0x0000000086600000, 0x0000000086600000, 0x0000000086700000|  0%| F|  |TAMS 0x0000000086600000, 0x0000000086600000| Untracked 
| 103|0x0000000086700000, 0x0000000086700000, 0x0000000086800000|  0%| F|  |TAMS 0x0000000086700000, 0x0000000086700000| Untracked 
| 104|0x0000000086800000, 0x0000000086800000, 0x0000000086900000|  0%| F|  |TAMS 0x0000000086800000, 0x0000000086800000| Untracked 
| 105|0x0000000086900000, 0x0000000086900000, 0x0000000086a00000|  0%| F|  |TAMS 0x0000000086900000, 0x0000000086900000| Untracked 
| 106|0x0000000086a00000, 0x0000000086a00000, 0x0000000086b00000|  0%| F|  |TAMS 0x0000000086a00000, 0x0000000086a00000| Untracked 
| 107|0x0000000086b00000, 0x0000000086b00000, 0x0000000086c00000|  0%| F|  |TAMS 0x0000000086b00000, 0x0000000086b00000| Untracked 
| 108|0x0000000086c00000, 0x0000000086c00000, 0x0000000086d00000|  0%| F|  |TAMS 0x0000000086c00000, 0x0000000086c00000| Untracked 
| 109|0x0000000086d00000, 0x0000000086d00000, 0x0000000086e00000|  0%| F|  |TAMS 0x0000000086d00000, 0x0000000086d00000| Untracked 
| 110|0x0000000086e00000, 0x0000000086e00000, 0x0000000086f00000|  0%| F|  |TAMS 0x0000000086e00000, 0x0000000086e00000| Untracked 
| 111|0x0000000086f00000, 0x0000000086f00000, 0x0000000087000000|  0%| F|  |TAMS 0x0000000086f00000, 0x0000000086f00000| Untracked 
| 112|0x0000000087000000, 0x0000000087000000, 0x0000000087100000|  0%| F|  |TAMS 0x0000000087000000, 0x0000000087000000| Untracked 
| 113|0x0000000087100000, 0x0000000087100000, 0x0000000087200000|  0%| F|  |TAMS 0x0000000087100000, 0x0000000087100000| Untracked 
| 114|0x0000000087200000, 0x0000000087200000, 0x0000000087300000|  0%| F|  |TAMS 0x0000000087200000, 0x0000000087200000| Untracked 
| 115|0x0000000087300000, 0x0000000087300000, 0x0000000087400000|  0%| F|  |TAMS 0x0000000087300000, 0x0000000087300000| Untracked 
| 116|0x0000000087400000, 0x0000000087400000, 0x0000000087500000|  0%| F|  |TAMS 0x0000000087400000, 0x0000000087400000| Untracked 
| 117|0x0000000087500000, 0x0000000087500000, 0x0000000087600000|  0%| F|  |TAMS 0x0000000087500000, 0x0000000087500000| Untracked 
| 118|0x0000000087600000, 0x0000000087600000, 0x0000000087700000|  0%| F|  |TAMS 0x0000000087600000, 0x0000000087600000| Untracked 
| 119|0x0000000087700000, 0x0000000087700000, 0x0000000087800000|  0%| F|  |TAMS 0x0000000087700000, 0x0000000087700000| Untracked 
| 120|0x0000000087800000, 0x0000000087800000, 0x0000000087900000|  0%| F|  |TAMS 0x0000000087800000, 0x0000000087800000| Untracked 
| 121|0x0000000087900000, 0x0000000087900000, 0x0000000087a00000|  0%| F|  |TAMS 0x0000000087900000, 0x0000000087900000| Untracked 
| 122|0x0000000087a00000, 0x0000000087a00000, 0x0000000087b00000|  0%| F|  |TAMS 0x0000000087a00000, 0x0000000087a00000| Untracked 
| 123|0x0000000087b00000, 0x0000000087b00000, 0x0000000087c00000|  0%| F|  |TAMS 0x0000000087b00000, 0x0000000087b00000| Untracked 
| 124|0x0000000087c00000, 0x0000000087c00000, 0x0000000087d00000|  0%| F|  |TAMS 0x0000000087c00000, 0x0000000087c00000| Untracked 
| 125|0x0000000087d00000, 0x0000000087d00000, 0x0000000087e00000|  0%| F|  |TAMS 0x0000000087d00000, 0x0000000087d00000| Untracked 
| 126|0x0000000087e00000, 0x0000000087e00000, 0x0000000087f00000|  0%| F|  |TAMS 0x0000000087e00000, 0x0000000087e00000| Untracked 
| 127|0x0000000087f00000, 0x0000000087f00000, 0x0000000088000000|  0%| F|  |TAMS 0x0000000087f00000, 0x0000000087f00000| Untracked 
| 128|0x0000000088000000, 0x0000000088000000, 0x0000000088100000|  0%| F|  |TAMS 0x0000000088000000, 0x0000000088000000| Untracked 
| 129|0x0000000088100000, 0x0000000088100000, 0x0000000088200000|  0%| F|  |TAMS 0x0000000088100000, 0x0000000088100000| Untracked 
| 130|0x0000000088200000, 0x0000000088200000, 0x0000000088300000|  0%| F|  |TAMS 0x0000000088200000, 0x0000000088200000| Untracked 
| 131|0x0000000088300000, 0x0000000088300000, 0x0000000088400000|  0%| F|  |TAMS 0x0000000088300000, 0x0000000088300000| Untracked 
| 132|0x0000000088400000, 0x0000000088400000, 0x0000000088500000|  0%| F|  |TAMS 0x0000000088400000, 0x0000000088400000| Untracked 
| 133|0x0000000088500000, 0x0000000088500000, 0x0000000088600000|  0%| F|  |TAMS 0x0000000088500000, 0x0000000088500000| Untracked 
| 134|0x0000000088600000, 0x0000000088600000, 0x0000000088700000|  0%| F|  |TAMS 0x0000000088600000, 0x0000000088600000| Untracked 
| 135|0x0000000088700000, 0x0000000088700000, 0x0000000088800000|  0%| F|  |TAMS 0x0000000088700000, 0x0000000088700000| Untracked 
| 136|0x0000000088800000, 0x0000000088800000, 0x0000000088900000|  0%| F|  |TAMS 0x0000000088800000, 0x0000000088800000| Untracked 
| 137|0x0000000088900000, 0x0000000088900000, 0x0000000088a00000|  0%| F|  |TAMS 0x0000000088900000, 0x0000000088900000| Untracked 
| 138|0x0000000088a00000, 0x0000000088a00000, 0x0000000088b00000|  0%| F|  |TAMS 0x0000000088a00000, 0x0000000088a00000| Untracked 
| 139|0x0000000088b00000, 0x0000000088b00000, 0x0000000088c00000|  0%| F|  |TAMS 0x0000000088b00000, 0x0000000088b00000| Untracked 
| 140|0x0000000088c00000, 0x0000000088c00000, 0x0000000088d00000|  0%| F|  |TAMS 0x0000000088c00000, 0x0000000088c00000| Untracked 
| 141|0x0000000088d00000, 0x0000000088d00000, 0x0000000088e00000|  0%| F|  |TAMS 0x0000000088d00000, 0x0000000088d00000| Untracked 
| 142|0x0000000088e00000, 0x0000000088e00000, 0x0000000088f00000|  0%| F|  |TAMS 0x0000000088e00000, 0x0000000088e00000| Untracked 
| 143|0x0000000088f00000, 0x0000000088f00000, 0x0000000089000000|  0%| F|  |TAMS 0x0000000088f00000, 0x0000000088f00000| Untracked 
| 144|0x0000000089000000, 0x0000000089000000, 0x0000000089100000|  0%| F|  |TAMS 0x0000000089000000, 0x0000000089000000| Untracked 
| 145|0x0000000089100000, 0x0000000089100000, 0x0000000089200000|  0%| F|  |TAMS 0x0000000089100000, 0x0000000089100000| Untracked 
| 146|0x0000000089200000, 0x0000000089200000, 0x0000000089300000|  0%| F|  |TAMS 0x0000000089200000, 0x0000000089200000| Untracked 
| 147|0x0000000089300000, 0x0000000089300000, 0x0000000089400000|  0%| F|  |TAMS 0x0000000089300000, 0x0000000089300000| Untracked 
| 148|0x0000000089400000, 0x0000000089400000, 0x0000000089500000|  0%| F|  |TAMS 0x0000000089400000, 0x0000000089400000| Untracked 
| 149|0x0000000089500000, 0x0000000089500000, 0x0000000089600000|  0%| F|  |TAMS 0x0000000089500000, 0x0000000089500000| Untracked 
| 150|0x0000000089600000, 0x0000000089600000, 0x0000000089700000|  0%| F|  |TAMS 0x0000000089600000, 0x0000000089600000| Untracked 
| 151|0x0000000089700000, 0x0000000089700000, 0x0000000089800000|  0%| F|  |TAMS 0x0000000089700000, 0x0000000089700000| Untracked 
| 152|0x0000000089800000, 0x0000000089800000, 0x0000000089900000|  0%| F|  |TAMS 0x0000000089800000, 0x0000000089800000| Untracked 
| 153|0x0000000089900000, 0x0000000089900000, 0x0000000089a00000|  0%| F|  |TAMS 0x0000000089900000, 0x0000000089900000| Untracked 
| 154|0x0000000089a00000, 0x0000000089a00000, 0x0000000089b00000|  0%| F|  |TAMS 0x0000000089a00000, 0x0000000089a00000| Untracked 
| 155|0x0000000089b00000, 0x0000000089b00000, 0x0000000089c00000|  0%| F|  |TAMS 0x0000000089b00000, 0x0000000089b00000| Untracked 
| 156|0x0000000089c00000, 0x0000000089c00000, 0x0000000089d00000|  0%| F|  |TAMS 0x0000000089c00000, 0x0000000089c00000| Untracked 
| 157|0x0000000089d00000, 0x0000000089d00000, 0x0000000089e00000|  0%| F|  |TAMS 0x0000000089d00000, 0x0000000089d00000| Untracked 
| 158|0x0000000089e00000, 0x0000000089e00000, 0x0000000089f00000|  0%| F|  |TAMS 0x0000000089e00000, 0x0000000089e00000| Untracked 
| 159|0x0000000089f00000, 0x0000000089f00000, 0x000000008a000000|  0%| F|  |TAMS 0x0000000089f00000, 0x0000000089f00000| Untracked 
| 160|0x000000008a000000, 0x000000008a000000, 0x000000008a100000|  0%| F|  |TAMS 0x000000008a000000, 0x000000008a000000| Untracked 
| 161|0x000000008a100000, 0x000000008a100000, 0x000000008a200000|  0%| F|  |TAMS 0x000000008a100000, 0x000000008a100000| Untracked 
| 162|0x000000008a200000, 0x000000008a200000, 0x000000008a300000|  0%| F|  |TAMS 0x000000008a200000, 0x000000008a200000| Untracked 
| 163|0x000000008a300000, 0x000000008a300000, 0x000000008a400000|  0%| F|  |TAMS 0x000000008a300000, 0x000000008a300000| Untracked 
| 164|0x000000008a400000, 0x000000008a400000, 0x000000008a500000|  0%| F|  |TAMS 0x000000008a400000, 0x000000008a400000| Untracked 
| 165|0x000000008a500000, 0x000000008a500000, 0x000000008a600000|  0%| F|  |TAMS 0x000000008a500000, 0x000000008a500000| Untracked 
| 166|0x000000008a600000, 0x000000008a600000, 0x000000008a700000|  0%| F|  |TAMS 0x000000008a600000, 0x000000008a600000| Untracked 
| 167|0x000000008a700000, 0x000000008a700000, 0x000000008a800000|  0%| F|  |TAMS 0x000000008a700000, 0x000000008a700000| Untracked 
| 168|0x000000008a800000, 0x000000008a800000, 0x000000008a900000|  0%| F|  |TAMS 0x000000008a800000, 0x000000008a800000| Untracked 
| 169|0x000000008a900000, 0x000000008a900000, 0x000000008aa00000|  0%| F|  |TAMS 0x000000008a900000, 0x000000008a900000| Untracked 
| 170|0x000000008aa00000, 0x000000008aa00000, 0x000000008ab00000|  0%| F|  |TAMS 0x000000008aa00000, 0x000000008aa00000| Untracked 
| 171|0x000000008ab00000, 0x000000008ab00000, 0x000000008ac00000|  0%| F|  |TAMS 0x000000008ab00000, 0x000000008ab00000| Untracked 
| 172|0x000000008ac00000, 0x000000008ac00000, 0x000000008ad00000|  0%| F|  |TAMS 0x000000008ac00000, 0x000000008ac00000| Untracked 
| 173|0x000000008ad00000, 0x000000008ad00000, 0x000000008ae00000|  0%| F|  |TAMS 0x000000008ad00000, 0x000000008ad00000| Untracked 
| 174|0x000000008ae00000, 0x000000008ae00000, 0x000000008af00000|  0%| F|  |TAMS 0x000000008ae00000, 0x000000008ae00000| Untracked 
| 175|0x000000008af00000, 0x000000008af00000, 0x000000008b000000|  0%| F|  |TAMS 0x000000008af00000, 0x000000008af00000| Untracked 
| 176|0x000000008b000000, 0x000000008b000000, 0x000000008b100000|  0%| F|  |TAMS 0x000000008b000000, 0x000000008b000000| Untracked 
| 177|0x000000008b100000, 0x000000008b100000, 0x000000008b200000|  0%| F|  |TAMS 0x000000008b100000, 0x000000008b100000| Untracked 
| 178|0x000000008b200000, 0x000000008b200000, 0x000000008b300000|  0%| F|  |TAMS 0x000000008b200000, 0x000000008b200000| Untracked 
| 179|0x000000008b300000, 0x000000008b300000, 0x000000008b400000|  0%| F|  |TAMS 0x000000008b300000, 0x000000008b300000| Untracked 
| 180|0x000000008b400000, 0x000000008b400000, 0x000000008b500000|  0%| F|  |TAMS 0x000000008b400000, 0x000000008b400000| Untracked 
| 223|0x000000008df00000, 0x000000008df00000, 0x000000008e000000|  0%| F|  |TAMS 0x000000008df00000, 0x000000008df00000| Untracked 

Card table byte_map: [0x000001e5eabc0000,0x000001e5eafc0000] _byte_map_base: 0x000001e5ea7c0000

Marking Bits (Prev, Next): (CMBitMap*) 0x000001e5d801c180, (CMBitMap*) 0x000001e5d801c1c0
 Prev Bits: [0x000001e5eb3c0000, 0x000001e5ed3c0000)
 Next Bits: [0x000001e5ed3c0000, 0x000001e5ef3c0000)

Polling page: 0x000001e5d7790000

Metaspace:

Usage:
  Non-class:     71.30 MB used.
      Class:     11.38 MB used.
       Both:     82.68 MB used.

Virtual space:
  Non-class space:       80.00 MB reserved,      71.62 MB ( 90%) committed,  10 nodes.
      Class space:        1.00 GB reserved,      11.69 MB (  1%) committed,  1 nodes.
             Both:        1.08 GB reserved,      83.31 MB (  8%) committed. 

Chunk freelists:
   Non-Class:  3.55 MB
       Class:  359.00 KB
        Both:  3.90 MB

MaxMetaspaceSize: unlimited
CompressedClassSpaceSize: 1.00 GB
Initial GC threshold: 21.00 MB
Current GC threshold: 137.81 MB
CDS: off
MetaspaceReclaimPolicy: balanced
 - commit_granule_bytes: 65536.
 - commit_granule_words: 8192.
 - virtual_space_node_default_size: 1048576.
 - enlarge_chunks_in_place: 1.
 - new_chunks_are_fully_committed: 0.
 - uncommit_free_chunks: 1.
 - use_allocation_guard: 0.
 - handle_deallocations: 1.


Internal statistics:

num_allocs_failed_limit: 6.
num_arena_births: 828.
num_arena_deaths: 0.
num_vsnodes_births: 11.
num_vsnodes_deaths: 0.
num_space_committed: 1333.
num_space_uncommitted: 0.
num_chunks_returned_to_freelist: 6.
num_chunks_taken_from_freelist: 3890.
num_chunk_merges: 6.
num_chunk_splits: 2521.
num_chunks_enlarged: 1655.
num_purges: 0.
num_inconsistent_stats: 0.

CodeHeap 'non-profiled nmethods': size=120000Kb used=5755Kb max_used=5755Kb free=114244Kb
 bounds [0x000001e5e2f60000, 0x000001e5e3500000, 0x000001e5ea490000]
CodeHeap 'profiled nmethods': size=120000Kb used=18198Kb max_used=18198Kb free=101801Kb
 bounds [0x000001e5db490000, 0x000001e5dc660000, 0x000001e5e29c0000]
CodeHeap 'non-nmethods': size=5760Kb used=2367Kb max_used=2444Kb free=3393Kb
 bounds [0x000001e5e29c0000, 0x000001e5e2c30000, 0x000001e5e2f60000]
 total_blobs=9971 nmethods=9072 adapters=811
 compilation: enabled
              stopped_count=0, restarted_count=0
 full_count=0

Compilation events (20 events):
Event: 18.501 Thread 0x000001e5f2894e90 nmethod 9929 0x000001e5dc650c90 code [0x000001e5dc650e40, 0x000001e5dc651088]
Event: 18.502 Thread 0x000001e5f2894e90 9940       3       org.gradle.internal.watch.registry.impl.SnapshotCollectingDiffListener::publishSnapshotDiff (39 bytes)
Event: 18.502 Thread 0x000001e5f6ccc430 nmethod 9685 0x000001e5e34fd210 code [0x000001e5e34fd380, 0x000001e5e34fd418]
Event: 18.502 Thread 0x000001e5f2894e90 nmethod 9940 0x000001e5dc651190 code [0x000001e5dc651380, 0x000001e5dc651948]
Event: 18.502 Thread 0x000001e5f6ccc430 9686       4       com.google.common.cache.LocalCache::getIfPresent (49 bytes)
Event: 18.502 Thread 0x000001e5f2894e90 9930       3       org.gradle.internal.vfs.impl.AbstractVirtualFileSystem::lambda$storeIfUnchanged$2 (10 bytes)
Event: 18.502 Thread 0x000001e5f2894e90 nmethod 9930 0x000001e5dc651c10 code [0x000001e5dc651dc0, 0x000001e5dc651f68]
Event: 18.502 Thread 0x000001e5f2894e90 9931       3       org.gradle.internal.snapshot.AbstractFileSystemLocationSnapshot::asFileSystemNode (2 bytes)
Event: 18.502 Thread 0x000001e5f2894e90 nmethod 9931 0x000001e5dc652090 code [0x000001e5dc652220, 0x000001e5dc652338]
Event: 18.503 Thread 0x000001e5f2894e90 9932       3       org.gradle.internal.watch.registry.impl.SnapshotCollectingDiffListener$$Lambda$360/0x00000001004cba78::accept (14 bytes)
Event: 18.503 Thread 0x000001e5f28944e0 nmethod 9701% 0x000001e5e34fd510 code [0x000001e5e34fd6c0, 0x000001e5e34fe2b8]
Event: 18.503 Thread 0x000001e5f28944e0 9888       4       org.gradle.internal.hash.HashCode::longToBytes (118 bytes)
Event: 18.503 Thread 0x000001e5f2894e90 nmethod 9932 0x000001e5dc652410 code [0x000001e5dc6525c0, 0x000001e5dc652888]
Event: 18.503 Thread 0x000001e5f2894e90 9941       3       org.gradle.internal.vfs.impl.AbstractVirtualFileSystem::storeIfUnchanged (45 bytes)
Event: 18.505 Thread 0x000001e5f2894e90 nmethod 9941 0x000001e5dc652990 code [0x000001e5dc652ca0, 0x000001e5dc654008]
Event: 18.505 Thread 0x000001e5f2894e90 9938       3       org.gradle.internal.watch.registry.impl.AbstractFileWatcherUpdater::virtualFileSystemContentsChanged (20 bytes)
Event: 18.505 Thread 0x000001e5f28944e0 nmethod 9888 0x000001e5e34fe890 code [0x000001e5e34fea00, 0x000001e5e34feb58]
Event: 18.505 Thread 0x000001e5f28944e0 9724       4       java.util.concurrent.atomic.AtomicLong::compareAndSet (13 bytes)
Event: 18.505 Thread 0x000001e5f28944e0 nmethod 9724 0x000001e5e34fec90 code [0x000001e5e34fee00, 0x000001e5e34fee98]
Event: 18.505 Thread 0x000001e5f28944e0 9943       4       org.gradle.internal.time.MonotonicClock::syncIsDue (28 bytes)

GC Heap History (20 events):
Event: 13.691 GC heap after
{Heap after GC invocations=36 (full 0):
 garbage-first heap   total 104448K, used 54521K [0x0000000080000000, 0x0000000100000000)
  region size 1024K, 3 young (3072K), 3 survivors (3072K)
 Metaspace       used 67553K, committed 68096K, reserved 1114112K
  class space    used 8923K, committed 9152K, reserved 1048576K
}
Event: 14.122 GC heap before
{Heap before GC invocations=36 (full 0):
 garbage-first heap   total 104448K, used 80121K [0x0000000080000000, 0x0000000100000000)
  region size 1024K, 28 young (28672K), 3 survivors (3072K)
 Metaspace       used 68652K, committed 69184K, reserved 1114112K
  class space    used 9070K, committed 9280K, reserved 1048576K
}
Event: 14.130 GC heap after
{Heap after GC invocations=37 (full 0):
 garbage-first heap   total 125952K, used 57006K [0x0000000080000000, 0x0000000100000000)
  region size 1024K, 4 young (4096K), 4 survivors (4096K)
 Metaspace       used 68652K, committed 69184K, reserved 1114112K
  class space    used 9070K, committed 9280K, reserved 1048576K
}
Event: 15.064 GC heap before
{Heap before GC invocations=38 (full 0):
 garbage-first heap   total 125952K, used 94894K [0x0000000080000000, 0x0000000100000000)
  region size 1024K, 41 young (41984K), 4 survivors (4096K)
 Metaspace       used 73238K, committed 73728K, reserved 1114112K
  class space    used 9912K, committed 10112K, reserved 1048576K
}
Event: 15.069 GC heap after
{Heap after GC invocations=39 (full 0):
 garbage-first heap   total 125952K, used 59489K [0x0000000080000000, 0x0000000100000000)
  region size 1024K, 5 young (5120K), 5 survivors (5120K)
 Metaspace       used 73238K, committed 73728K, reserved 1114112K
  class space    used 9912K, committed 10112K, reserved 1048576K
}
Event: 15.825 GC heap before
{Heap before GC invocations=39 (full 0):
 garbage-first heap   total 125952K, used 97377K [0x0000000080000000, 0x0000000100000000)
  region size 1024K, 42 young (43008K), 5 survivors (5120K)
 Metaspace       used 76841K, committed 77440K, reserved 1122304K
  class space    used 10448K, committed 10688K, reserved 1048576K
}
Event: 15.830 GC heap after
{Heap after GC invocations=40 (full 0):
 garbage-first heap   total 125952K, used 62142K [0x0000000080000000, 0x0000000100000000)
  region size 1024K, 6 young (6144K), 6 survivors (6144K)
 Metaspace       used 76841K, committed 77440K, reserved 1122304K
  class space    used 10448K, committed 10688K, reserved 1048576K
}
Event: 16.518 GC heap before
{Heap before GC invocations=40 (full 0):
 garbage-first heap   total 125952K, used 97982K [0x0000000080000000, 0x0000000100000000)
  region size 1024K, 41 young (41984K), 6 survivors (6144K)
 Metaspace       used 81080K, committed 81664K, reserved 1122304K
  class space    used 11051K, committed 11264K, reserved 1048576K
}
Event: 16.524 GC heap after
{Heap after GC invocations=41 (full 0):
 garbage-first heap   total 125952K, used 65345K [0x0000000080000000, 0x0000000100000000)
  region size 1024K, 6 young (6144K), 6 survivors (6144K)
 Metaspace       used 81080K, committed 81664K, reserved 1122304K
  class space    used 11051K, committed 11264K, reserved 1048576K
}
Event: 16.934 GC heap before
{Heap before GC invocations=42 (full 0):
 garbage-first heap   total 125952K, used 100161K [0x0000000080000000, 0x0000000100000000)
  region size 1024K, 40 young (40960K), 6 survivors (6144K)
 Metaspace       used 81672K, committed 82240K, reserved 1122304K
  class space    used 11129K, committed 11392K, reserved 1048576K
}
Event: 16.944 GC heap after
{Heap after GC invocations=43 (full 0):
 garbage-first heap   total 125952K, used 70496K [0x0000000080000000, 0x0000000100000000)
  region size 1024K, 5 young (5120K), 5 survivors (5120K)
 Metaspace       used 81672K, committed 82240K, reserved 1122304K
  class space    used 11129K, committed 11392K, reserved 1048576K
}
Event: 16.953 GC heap before
{Heap before GC invocations=43 (full 0):
 garbage-first heap   total 125952K, used 71520K [0x0000000080000000, 0x0000000100000000)
  region size 1024K, 6 young (6144K), 5 survivors (5120K)
 Metaspace       used 81673K, committed 82240K, reserved 1122304K
  class space    used 11129K, committed 11392K, reserved 1048576K
}
Event: 16.958 GC heap after
{Heap after GC invocations=44 (full 0):
 garbage-first heap   total 125952K, used 71515K [0x0000000080000000, 0x0000000100000000)
  region size 1024K, 1 young (1024K), 1 survivors (1024K)
 Metaspace       used 81673K, committed 82240K, reserved 1122304K
  class space    used 11129K, committed 11392K, reserved 1048576K
}
Event: 17.543 GC heap before
{Heap before GC invocations=44 (full 0):
 garbage-first heap   total 125952K, used 101211K [0x0000000080000000, 0x0000000100000000)
  region size 1024K, 30 young (30720K), 1 survivors (1024K)
 Metaspace       used 83644K, committed 84288K, reserved 1122304K
  class space    used 11506K, committed 11840K, reserved 1048576K
}
Event: 17.547 GC heap after
{Heap after GC invocations=45 (full 0):
 garbage-first heap   total 125952K, used 74187K [0x0000000080000000, 0x0000000100000000)
  region size 1024K, 4 young (4096K), 4 survivors (4096K)
 Metaspace       used 83644K, committed 84288K, reserved 1122304K
  class space    used 11506K, committed 11840K, reserved 1048576K
}
Event: 17.905 GC heap before
{Heap before GC invocations=46 (full 0):
 garbage-first heap   total 133120K, used 100811K [0x0000000080000000, 0x0000000100000000)
  region size 1024K, 31 young (31744K), 4 survivors (4096K)
 Metaspace       used 84147K, committed 84864K, reserved 1130496K
  class space    used 11618K, committed 11968K, reserved 1048576K
}
Event: 17.911 GC heap after
{Heap after GC invocations=47 (full 0):
 garbage-first heap   total 133120K, used 76309K [0x0000000080000000, 0x0000000100000000)
  region size 1024K, 3 young (3072K), 3 survivors (3072K)
 Metaspace       used 84147K, committed 84864K, reserved 1130496K
  class space    used 11618K, committed 11968K, reserved 1048576K
}
Event: 17.942 GC heap before
{Heap before GC invocations=47 (full 0):
 garbage-first heap   total 133120K, used 79381K [0x0000000080000000, 0x0000000100000000)
  region size 1024K, 6 young (6144K), 3 survivors (3072K)
 Metaspace       used 84175K, committed 84864K, reserved 1130496K
  class space    used 11618K, committed 11968K, reserved 1048576K
}
Event: 17.945 GC heap after
{Heap after GC invocations=48 (full 0):
 garbage-first heap   total 133120K, used 76089K [0x0000000080000000, 0x0000000100000000)
  region size 1024K, 1 young (1024K), 1 survivors (1024K)
 Metaspace       used 84175K, committed 84864K, reserved 1130496K
  class space    used 11618K, committed 11968K, reserved 1048576K
}
Event: 18.506 GC heap before
{Heap before GC invocations=48 (full 0):
 garbage-first heap   total 133120K, used 107833K [0x0000000080000000, 0x0000000100000000)
  region size 1024K, 33 young (33792K), 1 survivors (1024K)
 Metaspace       used 84665K, committed 85312K, reserved 1130496K
  class space    used 11653K, committed 11968K, reserved 1048576K
}

Dll operation events (2 events):
Event: 0.025 Loaded shared library C:\Program Files\Android\Android Studio\jbr\bin\java.dll
Event: 0.863 Loaded shared library C:\Program Files\Android\Android Studio\jbr\bin\verify.dll

Deoptimization events (20 events):
Event: 18.368 Thread 0x000001e5f3992120 DEOPT PACKING pc=0x000001e5dc0fcb2e sp=0x000000ba704fe360
Event: 18.368 Thread 0x000001e5f3992120 DEOPT UNPACKING pc=0x000001e5e2a17143 sp=0x000000ba704fd820 mode 0
Event: 18.372 Thread 0x000001e5f3992120 DEOPT PACKING pc=0x000001e5dc0fd690 sp=0x000000ba704fe550
Event: 18.372 Thread 0x000001e5f3992120 DEOPT UNPACKING pc=0x000001e5e2a17143 sp=0x000000ba704fda18 mode 0
Event: 18.452 Thread 0x000001e5fa396d70 Uncommon trap: trap_request=0xffffffd6 fr.pc=0x000001e5e34f0320 relative=0x00000000000007e0
Event: 18.452 Thread 0x000001e5fa396d70 Uncommon trap: reason=array_check action=maybe_recompile pc=0x000001e5e34f0320 method=java.util.TimSort.binarySort([Ljava/lang/Object;IIILjava/util/Comparator;)V @ 193 c2
Event: 18.453 Thread 0x000001e5fa396d70 DEOPT PACKING pc=0x000001e5e34f0320 sp=0x000000ba773fad60
Event: 18.453 Thread 0x000001e5fa396d70 DEOPT UNPACKING pc=0x000001e5e2a169a3 sp=0x000000ba773facf8 mode 2
Event: 18.453 Thread 0x000001e5fa396d70 Uncommon trap: trap_request=0xffffffd6 fr.pc=0x000001e5e34f0320 relative=0x00000000000007e0
Event: 18.453 Thread 0x000001e5fa396d70 Uncommon trap: reason=array_check action=maybe_recompile pc=0x000001e5e34f0320 method=java.util.TimSort.binarySort([Ljava/lang/Object;IIILjava/util/Comparator;)V @ 193 c2
Event: 18.453 Thread 0x000001e5fa396d70 DEOPT PACKING pc=0x000001e5e34f0320 sp=0x000000ba773faa40
Event: 18.453 Thread 0x000001e5fa396d70 DEOPT UNPACKING pc=0x000001e5e2a169a3 sp=0x000000ba773fa9d8 mode 2
Event: 18.453 Thread 0x000001e5fa396d70 Uncommon trap: trap_request=0xffffffd6 fr.pc=0x000001e5e34f0320 relative=0x00000000000007e0
Event: 18.453 Thread 0x000001e5fa396d70 Uncommon trap: reason=array_check action=maybe_recompile pc=0x000001e5e34f0320 method=java.util.TimSort.binarySort([Ljava/lang/Object;IIILjava/util/Comparator;)V @ 193 c2
Event: 18.453 Thread 0x000001e5fa396d70 DEOPT PACKING pc=0x000001e5e34f0320 sp=0x000000ba773faa40
Event: 18.453 Thread 0x000001e5fa396d70 DEOPT UNPACKING pc=0x000001e5e2a169a3 sp=0x000000ba773fa9d8 mode 2
Event: 18.454 Thread 0x000001e5fa396d70 Uncommon trap: trap_request=0xffffffd6 fr.pc=0x000001e5e34f0320 relative=0x00000000000007e0
Event: 18.454 Thread 0x000001e5fa396d70 Uncommon trap: reason=array_check action=maybe_recompile pc=0x000001e5e34f0320 method=java.util.TimSort.binarySort([Ljava/lang/Object;IIILjava/util/Comparator;)V @ 193 c2
Event: 18.454 Thread 0x000001e5fa396d70 DEOPT PACKING pc=0x000001e5e34f0320 sp=0x000000ba773fad60
Event: 18.454 Thread 0x000001e5fa396d70 DEOPT UNPACKING pc=0x000001e5e2a169a3 sp=0x000000ba773facf8 mode 2

Classes unloaded (0 events):
No events

Classes redefined (0 events):
No events

Internal exceptions (20 events):
Event: 17.339 Thread 0x000001e5f3992120 Exception <a 'java/lang/NoSuchMethodError'{0x0000000086511cc0}: static Lorg/gradle/internal/build/event/types/DefaultTaskSkippedResult;.<clinit>()V> (0x0000000086511cc0) 
thrown [s\src\hotspot\share\prims\jni.cpp, line 1108]
Event: 17.340 Thread 0x000001e5fa39ac00 Exception <a 'java/lang/NoSuchMethodError'{0x0000000086515000}: static [Ljava/lang/String;.<clinit>()V> (0x0000000086515000) 
thrown [s\src\hotspot\share\prims\jni.cpp, line 1108]
Event: 17.343 Thread 0x000001e5fa39ac00 Exception <a 'java/lang/NoSuchMethodError'{0x000000008657d498}: static Lcom/android/buildanalyzer/common/AndroidGradlePluginAttributionData$TaskInfo;.<clinit>()V> (0x000000008657d498) 
thrown [s\src\hotspot\share\prims\jni.cpp, line 1108]
Event: 17.345 Thread 0x000001e5fa39ac00 Exception <a 'java/lang/NoSuchMethodError'{0x0000000086589de0}: static Lcom/android/buildanalyzer/common/AndroidGradlePluginAttributionData$TaskCategoryInfo;.<clinit>()V> (0x0000000086589de0) 
thrown [s\src\hotspot\share\prims\jni.cpp, line 1108]
Event: 17.353 Thread 0x000001e5fa39ac00 Exception <a 'java/lang/NoSuchMethodError'{0x00000000865d7050}: 'void java.lang.invoke.DirectMethodHandle$Holder.invokeSpecial(java.lang.Object, java.lang.Object, java.lang.Object, int)'> (0x00000000865d7050) 
thrown [s\src\hotspot\share\interpreter\linkResolver.cpp, line 771]
Event: 17.530 Thread 0x000001e5fa39c8e0 Exception <a 'java/lang/NoSuchMethodError'{0x0000000086078eb0}: 'void java.lang.invoke.DirectMethodHandle$Holder.invokeStatic(java.lang.Object, java.lang.Object, java.lang.Object, java.lang.Object, int, java.lang.Object, java.lang.Object)'> (0x0000000086078eb0) 
thrown [s\src\hotspot\share\interpreter\linkResolver.cpp, line 771]
Event: 17.567 Thread 0x000001e5f6b36e80 Exception <a 'java/lang/NoSuchMethodError'{0x000000008b4aadc8}: 'java.lang.Object java.lang.invoke.DirectMethodHandle$Holder.invokeSpecialIFC(java.lang.Object, java.lang.Object, java.lang.Object)'> (0x000000008b4aadc8) 
thrown [s\src\hotspot\share\interpreter\linkResolver.cpp, line 771]
Event: 17.567 Thread 0x000001e5f6b351a0 Exception <a 'java/lang/NoSuchMethodError'{0x000000008b470100}: 'java.lang.Object java.lang.invoke.DirectMethodHandle$Holder.invokeSpecialIFC(java.lang.Object, java.lang.Object, java.lang.Object)'> (0x000000008b470100) 
thrown [s\src\hotspot\share\interpreter\linkResolver.cpp, line 771]
Event: 17.567 Thread 0x000001e5f5390600 Exception <a 'java/lang/NoSuchMethodError'{0x000000008b488060}: 'java.lang.Object java.lang.invoke.DirectMethodHandle$Holder.invokeSpecialIFC(java.lang.Object, java.lang.Object, java.lang.Object)'> (0x000000008b488060) 
thrown [s\src\hotspot\share\interpreter\linkResolver.cpp, line 771]
Event: 17.567 Thread 0x000001e5f41f79a0 Exception <a 'java/lang/NoSuchMethodError'{0x000000008b4810d0}: 'java.lang.Object java.lang.invoke.DirectMethodHandle$Holder.invokeSpecialIFC(java.lang.Object, java.lang.Object, java.lang.Object)'> (0x000000008b4810d0) 
thrown [s\src\hotspot\share\interpreter\linkResolver.cpp, line 771]
Event: 17.567 Thread 0x000001e5f6b369b0 Exception <a 'java/lang/NoSuchMethodError'{0x000000008b4b05e0}: 'java.lang.Object java.lang.invoke.DirectMethodHandle$Holder.invokeSpecialIFC(java.lang.Object, java.lang.Object, java.lang.Object)'> (0x000000008b4b05e0) 
thrown [s\src\hotspot\share\interpreter\linkResolver.cpp, line 771]
Event: 17.567 Thread 0x000001e5f41f7000 Exception <a 'java/lang/NoSuchMethodError'{0x000000008b4b7060}: 'java.lang.Object java.lang.invoke.DirectMethodHandle$Holder.invokeSpecialIFC(java.lang.Object, java.lang.Object, java.lang.Object)'> (0x000000008b4b7060) 
thrown [s\src\hotspot\share\interpreter\linkResolver.cpp, line 771]
Event: 17.568 Thread 0x000001e5f41f44b0 Exception <a 'java/lang/NoSuchMethodError'{0x000000008b479928}: 'java.lang.Object java.lang.invoke.DirectMethodHandle$Holder.invokeSpecialIFC(java.lang.Object, java.lang.Object, java.lang.Object)'> (0x000000008b479928) 
thrown [s\src\hotspot\share\interpreter\linkResolver.cpp, line 771]
Event: 17.568 Thread 0x000001e5fa39c8e0 Exception <a 'java/lang/NoSuchMethodError'{0x000000008b4907b8}: 'java.lang.Object java.lang.invoke.DirectMethodHandle$Holder.invokeSpecialIFC(java.lang.Object, java.lang.Object, java.lang.Object)'> (0x000000008b4907b8) 
thrown [s\src\hotspot\share\interpreter\linkResolver.cpp, line 771]
Event: 17.830 Thread 0x000001e5f85e5a00 Exception <a 'java/lang/NoSuchMethodError'{0x000000008af0dcb0}: 'void java.lang.invoke.DirectMethodHandle$Holder.invokeVirtual(java.lang.Object, java.lang.Object)'> (0x000000008af0dcb0) 
thrown [s\src\hotspot\share\interpreter\linkResolver.cpp, line 771]
Event: 18.057 Thread 0x000001e5f41f8340 Implicit null exception at 0x000001e5e34bd306 to 0x000001e5e34bdc68
Event: 18.057 Thread 0x000001e5f6b32180 Implicit null exception at 0x000001e5e34bd306 to 0x000001e5e34bdc68
Event: 18.057 Thread 0x000001e5f6b32180 Implicit null exception at 0x000001e5e34bd306 to 0x000001e5e34bdc68
Event: 18.057 Thread 0x000001e5f41f8340 Implicit null exception at 0x000001e5e34bd306 to 0x000001e5e34bdc68
Event: 18.343 Thread 0x000001e5fa3998c0 Implicit null exception at 0x000001e5e34cca3b to 0x000001e5e34cd37c

VM Operations (20 events):
Event: 17.290 Executing VM operation: HandshakeAllThreads done
Event: 17.337 Executing VM operation: HandshakeAllThreads
Event: 17.337 Executing VM operation: HandshakeAllThreads done
Event: 17.388 Executing VM operation: ICBufferFull
Event: 17.389 Executing VM operation: ICBufferFull done
Event: 17.543 Executing VM operation: G1CollectForAllocation
Event: 17.548 Executing VM operation: G1CollectForAllocation done
Event: 17.640 Executing VM operation: G1Concurrent
Event: 17.645 Executing VM operation: G1Concurrent done
Event: 17.683 Executing VM operation: G1Concurrent
Event: 17.684 Executing VM operation: G1Concurrent done
Event: 17.905 Executing VM operation: G1CollectForAllocation
Event: 17.911 Executing VM operation: G1CollectForAllocation done
Event: 17.942 Executing VM operation: G1CollectForAllocation
Event: 17.947 Executing VM operation: G1CollectForAllocation done
Event: 18.066 Executing VM operation: ICBufferFull
Event: 18.067 Executing VM operation: ICBufferFull done
Event: 18.365 Executing VM operation: ICBufferFull
Event: 18.366 Executing VM operation: ICBufferFull done
Event: 18.506 Executing VM operation: G1CollectForAllocation

Events (20 events):
Event: 17.360 loading class jdk/internal/access/JavaObjectInputFilterAccess
Event: 17.360 loading class jdk/internal/access/JavaObjectInputFilterAccess done
Event: 17.361 loading class jdk/internal/event/DeserializationEvent
Event: 17.362 loading class jdk/internal/event/DeserializationEvent done
Event: 17.362 loading class java/io/ObjectInputStream$FieldValues
Event: 17.362 loading class java/io/ObjectInputStream$GetField
Event: 17.362 loading class java/io/ObjectInputStream$GetField done
Event: 17.362 loading class java/io/ObjectInputStream$FieldValues done
Event: 17.616 loading class java/util/stream/ReferencePipeline$4
Event: 17.616 loading class java/util/stream/ReferencePipeline$4 done
Event: 17.616 loading class java/util/function/IntBinaryOperator
Event: 17.616 loading class java/util/function/IntBinaryOperator done
Event: 17.617 loading class java/util/stream/ReduceOps$6
Event: 17.617 loading class java/util/stream/ReduceOps$6 done
Event: 17.617 loading class java/util/stream/ReduceOps$5ReducingSink
Event: 17.617 loading class java/util/stream/ReduceOps$5ReducingSink done
Event: 17.617 loading class java/util/stream/ReferencePipeline$4$1
Event: 17.617 loading class java/util/stream/ReferencePipeline$4$1 done
Event: 18.257 loading class java/util/stream/SortedOps$SizedRefSortingSink
Event: 18.257 loading class java/util/stream/SortedOps$SizedRefSortingSink done


Dynamic libraries:
0x00007ff7ce260000 - 0x00007ff7ce26a000 	C:\Program Files\Android\Android Studio\jbr\bin\java.exe
0x00007ff96df10000 - 0x00007ff96e108000 	C:\WINDOWS\SYSTEM32\ntdll.dll
0x00007ff96dc80000 - 0x00007ff96dd3f000 	C:\WINDOWS\System32\KERNEL32.DLL
0x00007ff96bae0000 - 0x00007ff96bdba000 	C:\WINDOWS\System32\KERNELBASE.dll
0x00007ff96b7e0000 - 0x00007ff96b8e0000 	C:\WINDOWS\System32\ucrtbase.dll
0x00007ff966bb0000 - 0x00007ff966bcb000 	C:\Program Files\Android\Android Studio\jbr\bin\VCRUNTIME140.dll
0x00007ff966b90000 - 0x00007ff966ba7000 	C:\Program Files\Android\Android Studio\jbr\bin\jli.dll
0x00007ff96cfa0000 - 0x00007ff96d13d000 	C:\WINDOWS\System32\USER32.dll
0x00007ff96bdc0000 - 0x00007ff96bde2000 	C:\WINDOWS\System32\win32u.dll
0x00007ff96d140000 - 0x00007ff96d16b000 	C:\WINDOWS\System32\GDI32.dll
0x00007ff96b620000 - 0x00007ff96b730000 	C:\WINDOWS\System32\gdi32full.dll
0x00007ff96b8e0000 - 0x00007ff96b97d000 	C:\WINDOWS\System32\msvcp_win.dll
0x00007ff9547b0000 - 0x00007ff954a4a000 	C:\WINDOWS\WinSxS\amd64_microsoft.windows.common-controls_6595b64144ccf1df_6.0.19041.1110_none_60b5254171f9507e\COMCTL32.dll
0x00007ff96dd40000 - 0x00007ff96ddde000 	C:\WINDOWS\System32\msvcrt.dll
0x00007ff96dc40000 - 0x00007ff96dc70000 	C:\WINDOWS\System32\IMM32.DLL
0x00007ff963440000 - 0x00007ff96344c000 	C:\Program Files\Android\Android Studio\jbr\bin\vcruntime140_1.dll
0x00007ff954bc0000 - 0x00007ff954c4d000 	C:\Program Files\Android\Android Studio\jbr\bin\msvcp140.dll
0x00007ff9370b0000 - 0x00007ff937d1d000 	C:\Program Files\Android\Android Studio\jbr\bin\server\jvm.dll
0x00007ff96ca00000 - 0x00007ff96caae000 	C:\WINDOWS\System32\ADVAPI32.dll
0x00007ff96da70000 - 0x00007ff96db0c000 	C:\WINDOWS\System32\sechost.dll
0x00007ff96db10000 - 0x00007ff96dc36000 	C:\WINDOWS\System32\RPCRT4.dll
0x00007ff94e550000 - 0x00007ff94e559000 	C:\WINDOWS\SYSTEM32\WSOCK32.dll
0x00007ff95fba0000 - 0x00007ff95fbc7000 	C:\WINDOWS\SYSTEM32\WINMM.dll
0x00007ff96d9a0000 - 0x00007ff96da0b000 	C:\WINDOWS\System32\WS2_32.dll
0x00007ff964670000 - 0x00007ff96467a000 	C:\WINDOWS\SYSTEM32\VERSION.dll
0x00007ff969e70000 - 0x00007ff969e82000 	C:\WINDOWS\SYSTEM32\kernel.appcore.dll
0x00007ff968530000 - 0x00007ff96853a000 	C:\Program Files\Android\Android Studio\jbr\bin\jimage.dll
0x00007ff969c50000 - 0x00007ff969e34000 	C:\WINDOWS\SYSTEM32\DBGHELP.DLL
0x00007ff950e20000 - 0x00007ff950e54000 	C:\WINDOWS\SYSTEM32\dbgcore.DLL
0x00007ff96be20000 - 0x00007ff96bea2000 	C:\WINDOWS\System32\bcryptPrimitives.dll
0x00007ff966b60000 - 0x00007ff966b85000 	C:\Program Files\Android\Android Studio\jbr\bin\java.dll
0x00007ff966b40000 - 0x00007ff966b58000 	C:\Program Files\Android\Android Studio\jbr\bin\zip.dll
0x00007ff96bfd0000 - 0x00007ff96c714000 	C:\WINDOWS\System32\SHELL32.dll
0x00007ff9693f0000 - 0x00007ff969b83000 	C:\WINDOWS\SYSTEM32\windows.storage.dll
0x00007ff96d640000 - 0x00007ff96d994000 	C:\WINDOWS\System32\combase.dll
0x00007ff96afa0000 - 0x00007ff96afce000 	C:\WINDOWS\SYSTEM32\Wldp.dll
0x00007ff96d170000 - 0x00007ff96d21d000 	C:\WINDOWS\System32\SHCORE.dll
0x00007ff96da10000 - 0x00007ff96da65000 	C:\WINDOWS\System32\shlwapi.dll
0x00007ff96b560000 - 0x00007ff96b57f000 	C:\WINDOWS\SYSTEM32\profapi.dll
0x00007ff966b20000 - 0x00007ff966b39000 	C:\Program Files\Android\Android Studio\jbr\bin\net.dll
0x00007ff963280000 - 0x00007ff96338a000 	C:\WINDOWS\SYSTEM32\WINHTTP.dll
0x00007ff96ad00000 - 0x00007ff96ad6a000 	C:\WINDOWS\system32\mswsock.dll
0x00007ff966b00000 - 0x00007ff966b16000 	C:\Program Files\Android\Android Studio\jbr\bin\nio.dll
0x00007ff966080000 - 0x00007ff966090000 	C:\Program Files\Android\Android Studio\jbr\bin\verify.dll
0x00007ff966bd0000 - 0x00007ff966bf7000 	C:\Users\user\.gradle\native\68d5fa5c4cc2d200863cafc0d521ce42e7d3e7ee720ec0a83991735586a16f82\windows-amd64\native-platform.dll
0x00007ff936d50000 - 0x00007ff936e94000 	C:\Users\user\.gradle\native\e376f236ea51e6404a007f0833ffe2c6e607c4080706a723a18a27aeea778392\windows-amd64\native-platform-file-events.dll
0x00007ff966af0000 - 0x00007ff966af9000 	C:\Program Files\Android\Android Studio\jbr\bin\management.dll
0x00007ff966090000 - 0x00007ff96609b000 	C:\Program Files\Android\Android Studio\jbr\bin\management_ext.dll
0x00007ff96dc70000 - 0x00007ff96dc78000 	C:\WINDOWS\System32\PSAPI.DLL
0x00007ff96af00000 - 0x00007ff96af18000 	C:\WINDOWS\SYSTEM32\CRYPTSP.dll
0x00007ff96a620000 - 0x00007ff96a654000 	C:\WINDOWS\system32\rsaenh.dll
0x00007ff96bdf0000 - 0x00007ff96be17000 	C:\WINDOWS\System32\bcrypt.dll
0x00007ff96b520000 - 0x00007ff96b54e000 	C:\WINDOWS\SYSTEM32\USERENV.dll
0x00007ff96aef0000 - 0x00007ff96aefc000 	C:\WINDOWS\SYSTEM32\CRYPTBASE.dll
0x00007ff96a9f0000 - 0x00007ff96aa2c000 	C:\WINDOWS\SYSTEM32\IPHLPAPI.DLL
0x00007ff96dde0000 - 0x00007ff96dde8000 	C:\WINDOWS\System32\NSI.dll
0x00007ff962f40000 - 0x00007ff962f57000 	C:\WINDOWS\SYSTEM32\dhcpcsvc6.DLL
0x00007ff962dd0000 - 0x00007ff962ded000 	C:\WINDOWS\SYSTEM32\dhcpcsvc.DLL
0x00007ff96aa30000 - 0x00007ff96aafb000 	C:\WINDOWS\SYSTEM32\DNSAPI.dll
0x00007ff966070000 - 0x00007ff966077000 	C:\WINDOWS\system32\wshunix.dll

dbghelp: loaded successfully - version: 4.0.5 - missing functions: none
symbol engine: initialized successfully - sym options: 0x614 - pdb path: .;C:\Program Files\Android\Android Studio\jbr\bin;C:\WINDOWS\SYSTEM32;C:\WINDOWS\WinSxS\amd64_microsoft.windows.common-controls_6595b64144ccf1df_6.0.19041.1110_none_60b5254171f9507e;C:\Program Files\Android\Android Studio\jbr\bin\server;C:\Users\user\.gradle\native\68d5fa5c4cc2d200863cafc0d521ce42e7d3e7ee720ec0a83991735586a16f82\windows-amd64;C:\Users\user\.gradle\native\e376f236ea51e6404a007f0833ffe2c6e607c4080706a723a18a27aeea778392\windows-amd64

VM Arguments:
jvm_args: --add-opens=java.base/java.util=ALL-UNNAMED --add-opens=java.base/java.lang=ALL-UNNAMED --add-opens=java.base/java.lang.invoke=ALL-UNNAMED --add-opens=java.prefs/java.util.prefs=ALL-UNNAMED --add-opens=java.base/java.nio.charset=ALL-UNNAMED --add-opens=java.base/java.net=ALL-UNNAMED --add-opens=java.base/java.util.concurrent.atomic=ALL-UNNAMED -Xmx2048m -Dfile.encoding=UTF-8 -Duser.country=KR -Duser.language=ko -Duser.variant 
java_command: org.gradle.launcher.daemon.bootstrap.GradleDaemon 8.0
java_class_path (initial): C:\Users\user\.gradle\wrapper\dists\gradle-8.0-bin\ca5e32bp14vu59qr306oxotwh\gradle-8.0\lib\gradle-launcher-8.0.jar
Launcher Type: SUN_STANDARD

[Global flags]
     intx CICompilerCount                          = 4                                         {product} {ergonomic}
     uint ConcGCThreads                            = 2                                         {product} {ergonomic}
     uint G1ConcRefinementThreads                  = 8                                         {product} {ergonomic}
   size_t G1HeapRegionSize                         = 1048576                                   {product} {ergonomic}
    uintx GCDrainStackTargetSize                   = 64                                        {product} {ergonomic}
   size_t InitialHeapSize                          = 234881024                                 {product} {ergonomic}
   size_t MarkStackSize                            = 4194304                                   {product} {ergonomic}
   size_t MaxHeapSize                              = 2147483648                                {product} {command line}
   size_t MaxNewSize                               = 1287651328                                {product} {ergonomic}
   size_t MinHeapDeltaBytes                        = 1048576                                   {product} {ergonomic}
   size_t MinHeapSize                              = 8388608                                   {product} {ergonomic}
    uintx NonNMethodCodeHeapSize                   = 5839372                                {pd product} {ergonomic}
    uintx NonProfiledCodeHeapSize                  = 122909434                              {pd product} {ergonomic}
    uintx ProfiledCodeHeapSize                     = 122909434                              {pd product} {ergonomic}
    uintx ReservedCodeCacheSize                    = 251658240                              {pd product} {ergonomic}
     bool SegmentedCodeCache                       = true                                      {product} {ergonomic}
   size_t SoftMaxHeapSize                          = 2147483648                             {manageable} {ergonomic}
     bool UseCompressedClassPointers               = true                           {product lp64_product} {ergonomic}
     bool UseCompressedOops                        = true                           {product lp64_product} {ergonomic}
     bool UseG1GC                                  = true                                      {product} {ergonomic}
     bool UseLargePagesIndividualAllocation        = false                                  {pd product} {ergonomic}

Logging:
Log output configuration:
 #0: stdout all=warning uptime,level,tags
 #1: stderr all=off uptime,level,tags

Environment Variables:
JAVA_HOME=C:\Users\user\Desktop\jsp\bin
CLASSPATH=%java_home%\lib\tools.jar
PATH=C:\oracle_setup\bin;C:\Oracle\bin;C:\Program Files\Common Files\Oracle\Java\javapath;C:\Program Files (x86)\Common Files\Oracle\Java\javapath;C:\Users\python\Scripts\;C:\Users\python\;C:\Program Files\Python39\Scripts\;C:\Program Files\Python39\;C:\Program Files\Python38\Scripts\;C:\Program Files\Python38\;C:\WINDOWS\system32;C:\WINDOWS;C:\WINDOWS\System32\Wbem;C:\WINDOWS\System32\WindowsPowerShell\v1.0\;C:\WINDOWS\System32\OpenSSH\;C:\Users\user\.dnx\bin;C:\Program Files\Microsoft DNX\Dnvm\;C:\Program Files\Microsoft SQL Server\130\Tools\Binn\;C:\Program Files\dotnet\;%java_home%bin;C:\Users\user\anaconda3;C:\Users\user\anaconda3\Library\mingw-w64\bin;C:\Users\user\anaconda3\Library\usr\bin;C:\Users\user\anaconda3\Library\bin;C:\Users\user\anaconda3\Scripts;C:\Users\user\AppData\Local\Microsoft\WindowsApps;C:\Apache24\bin;C:\Users\pycharm\PyCharm Community Edition 2020.2.3\bin;;C:\Users\user\.dotnet\tools;C:\Program Files\CMake\bin
USERNAME=user
OS=Windows_NT
PROCESSOR_IDENTIFIER=AMD64 Family 23 Model 24 Stepping 1, AuthenticAMD
TMP=C:\Users\user\AppData\Local\Temp
TEMP=C:\Users\user\AppData\Local\Temp



---------------  S Y S T E M  ---------------

OS:
 Windows 10 , 64 bit Build 19041 (10.0.19041.2788)
OS uptime: 0 days 0:29 hours

CPU: total 8 (initial active 8) (8 cores per cpu, 2 threads per core) family 23 model 24 stepping 1 microcode 0x0, cx8, cmov, fxsr, ht, mmx, 3dnowpref, sse, sse2, sse3, ssse3, sse4a, sse4.1, sse4.2, popcnt, lzcnt, tsc, tscinvbit, avx, avx2, aes, clmul, bmi1, bmi2, adx, sha, fma, vzeroupper, clflush, clflushopt

Memory: 4k page, system-wide physical 14269M (4891M free)
TotalPageFile size 15924M (AvailPageFile size 35M)
current process WorkingSet (physical memory assigned to process): 394M, peak: 402M
current process commit charge ("private bytes"): 484M, peak: 526M

vm_info: OpenJDK 64-Bit Server VM (17.0.6+0-b2043.56-9586694) for windows-amd64 JRE (17.0.6+0-b2043.56-9586694), built on Feb  9 2023 20:06:20 by "androidbuild" with MS VC++ 16.10 / 16.11 (VS2019)

END.
