#
# There is insufficient memory for the Java Runtime Environment to continue.
# Native memory allocation (mmap) failed to map 82837504 bytes for G1 virtual space
# Possible reasons:
#   The system is out of physical RAM or swap space
#   The process is running with CompressedOops enabled, and the Java Heap may be blocking the growth of the native heap
# Possible solutions:
#   Reduce memory load on the system
#   Increase physical memory or swap space
#   Check if swap backing store is full
#   Decrease Java heap size (-Xmx/-Xms)
#   Decrease number of Java threads
#   Decrease Java thread stack sizes (-Xss)
#   Set larger code cache with -XX:ReservedCodeCacheSize=
#   JVM is running with Unscaled Compressed Oops mode in which the Java heap is
#     placed in the first 4GB address space. The Java Heap base address is the
#     maximum limit for the native heap growth. Please use -XX:HeapBaseMinAddress
#     to set the Java Heap base and to place the Java Heap above 4GB virtual address.
# This output file may be truncated or incomplete.
#
#  Out of Memory Error (os_windows.cpp:3769), pid=2216, tid=13220
#
# JRE version: OpenJDK Runtime Environment (17.0.6) (build 17.0.6+0-b2043.56-9586694)
# Java VM: OpenJDK 64-Bit Server VM (17.0.6+0-b2043.56-9586694, mixed mode, tiered, compressed oops, compressed class ptrs, g1 gc, windows-amd64)
# No core dump will be written. Minidumps are not enabled by default on client versions of Windows
#

---------------  S U M M A R Y ------------

Command Line: --add-opens=java.base/java.util=ALL-UNNAMED --add-opens=java.base/java.lang=ALL-UNNAMED --add-opens=java.base/java.lang.invoke=ALL-UNNAMED --add-opens=java.prefs/java.util.prefs=ALL-UNNAMED --add-opens=java.base/java.nio.charset=ALL-UNNAMED --add-opens=java.base/java.net=ALL-UNNAMED --add-opens=java.base/java.util.concurrent.atomic=ALL-UNNAMED -Xmx2048m -Dfile.encoding=UTF-8 -Duser.country=KR -Duser.language=ko -Duser.variant org.gradle.launcher.daemon.bootstrap.GradleDaemon 8.0

Host: AMD Ryzen 7 3700U with Radeon Vega Mobile Gfx  , 8 cores, 13G,  Windows 10 , 64 bit Build 19041 (10.0.19041.2546)
Time: Thu Apr 20 16:18:20 2023  Windows 10 , 64 bit Build 19041 (10.0.19041.2546) elapsed time: 11.815442 seconds (0d 0h 0m 11s)

---------------  T H R E A D  ---------------

Current thread (0x00000116fc7b66e0):  VMThread "VM Thread" [stack: 0x00000002a1300000,0x00000002a1400000] [id=13220]

Stack: [0x00000002a1300000,0x00000002a1400000]
Native frames: (J=compiled Java code, j=interpreted, Vv=VM code, C=native code)
V  [jvm.dll+0x683b4a]
V  [jvm.dll+0x842654]
V  [jvm.dll+0x843dfe]
V  [jvm.dll+0x844463]
V  [jvm.dll+0x249b75]
V  [jvm.dll+0x680a19]
V  [jvm.dll+0x674f0a]
V  [jvm.dll+0x309acb]
V  [jvm.dll+0x310f86]
V  [jvm.dll+0x3608ee]
V  [jvm.dll+0x360b1f]
V  [jvm.dll+0x2dfbf8]
V  [jvm.dll+0x2ddec4]
V  [jvm.dll+0x2dd4cc]
V  [jvm.dll+0x321f3b]
V  [jvm.dll+0x84893b]
V  [jvm.dll+0x849674]
V  [jvm.dll+0x849b8d]
V  [jvm.dll+0x849f64]
V  [jvm.dll+0x84a030]
V  [jvm.dll+0x7f25fa]
V  [jvm.dll+0x682985]
C  [ucrtbase.dll+0x21bb2]
C  [KERNEL32.DLL+0x17614]
C  [ntdll.dll+0x526a1]

VM_Operation (0x00000002a2bf7d10): G1CollectForAllocation, mode: safepoint, requested by thread 0x000001168f03b090


---------------  P R O C E S S  ---------------

Threads class SMR info:
_java_thread_list=0x00000116939b7710, length=127, elements={
0x00000116f197b8d0, 0x00000116fc7fb3d0, 0x00000116fc7fc3d0, 0x00000116fd029790,
0x00000116fd069000, 0x00000116fd0698c0, 0x00000116fd06a180, 0x00000116fd095c50,
0x00000116fd09e560, 0x00000116fd0b9620, 0x00000116fd20de70, 0x00000116fd20f760,
0x000001168fce37b0, 0x00000116fe3e76c0, 0x00000116fdeb1640, 0x00000116fe7ca490,
0x00000116fe4dd5a0, 0x00000116febe4eb0, 0x000001168f03b090, 0x00000116fe7f12c0,
0x00000116fdea8060, 0x00000116fdea76c0, 0x00000116fdea8ed0, 0x00000116fdea5eb0,
0x00000116fdea6850, 0x00000116fdea7b90, 0x00000116fdea8a00, 0x000001169048b560,
0x00000116fdea6d20, 0x00000116fdea71f0, 0x0000011691c92aa0, 0x0000011691c95f90,
0x0000011691c92f70, 0x0000011691c93440, 0x0000011691c93910, 0x0000011691c93de0,
0x0000011691c96460, 0x0000011691c91760, 0x0000011691c96930, 0x0000011691c96e00,
0x0000011691c977a0, 0x000001168fb47b40, 0x0000011691c908f0, 0x0000011691c91c30,
0x0000011691c92100, 0x0000011692055940, 0x0000011692051f80, 0x0000011692051110,
0x00000116920562e0, 0x0000011692050c40, 0x000001169204f900, 0x000001169204fdd0,
0x0000011692052450, 0x0000011692054fa0, 0x000001169204ef60, 0x0000011692052920,
0x0000011692054600, 0x000001169204f430, 0x0000011692053790, 0x0000011692051ab0,
0x00000116920515e0, 0x0000011692052df0, 0x00000116920532c0, 0x0000011692054130,
0x0000011692053c60, 0x00000116920502a0, 0x0000011692055e10, 0x0000011692054ad0,
0x0000011692055470, 0x0000011692050770, 0x00000116920567b0, 0x000001169038bcd0,
0x000001169038e350, 0x0000011690388cb0, 0x000001169038ae60, 0x000001169038a4c0,
0x000001169038c670, 0x000001169038a990, 0x0000011690386b00, 0x000001169038cb40,
0x000001169038de80, 0x0000011690386fd0, 0x0000011690389ff0, 0x00000116903874a0,
0x000001169038b330, 0x000001169038b800, 0x0000011690389650, 0x00000116903887e0,
0x0000011690388310, 0x0000011690387970, 0x0000011690387e40, 0x0000011690389180,
0x000001169038c1a0, 0x000001169038d010, 0x0000011690389b20, 0x000001169038d4e0,
0x000001169038d9b0, 0x0000011690652830, 0x000001169064d190, 0x000001169064f810,
0x000001169064ccc0, 0x000001169064d660, 0x000001169064db30, 0x0000011690650b50,
0x00000116906531d0, 0x0000011690652d00, 0x000001169064c7f0, 0x00000116906536a0,
0x000001169064be50, 0x000001169064e4d0, 0x000001169064c320, 0x000001169064e000,
0x000001169064e9a0, 0x000001169064ee70, 0x000001169064f340, 0x000001169064fce0,
0x00000116906501b0, 0x0000011690651e90, 0x0000011690650680, 0x0000011690651020,
0x00000116906514f0, 0x00000116906519c0, 0x0000011690652360, 0x000001169057b230,
0x0000011690579a20, 0x0000011690577d40, 0x000001169057c0a0
}

Java Threads: ( => current thread )
  0x00000116f197b8d0 JavaThread "main" [_thread_blocked, id=16928, stack(0x00000002a0d00000,0x00000002a0e00000)]
  0x00000116fc7fb3d0 JavaThread "Reference Handler" daemon [_thread_blocked, id=15252, stack(0x00000002a1400000,0x00000002a1500000)]
  0x00000116fc7fc3d0 JavaThread "Finalizer" daemon [_thread_blocked, id=7068, stack(0x00000002a1500000,0x00000002a1600000)]
  0x00000116fd029790 JavaThread "Signal Dispatcher" daemon [_thread_blocked, id=3656, stack(0x00000002a1600000,0x00000002a1700000)]
  0x00000116fd069000 JavaThread "Attach Listener" daemon [_thread_blocked, id=13928, stack(0x00000002a1700000,0x00000002a1800000)]
  0x00000116fd0698c0 JavaThread "Service Thread" daemon [_thread_blocked, id=7340, stack(0x00000002a1800000,0x00000002a1900000)]
  0x00000116fd06a180 JavaThread "Monitor Deflation Thread" daemon [_thread_blocked, id=8928, stack(0x00000002a1900000,0x00000002a1a00000)]
  0x00000116fd095c50 JavaThread "C2 CompilerThread0" daemon [_thread_blocked, id=8616, stack(0x00000002a1a00000,0x00000002a1b00000)]
  0x00000116fd09e560 JavaThread "C1 CompilerThread0" daemon [_thread_blocked, id=14876, stack(0x00000002a1b00000,0x00000002a1c00000)]
  0x00000116fd0b9620 JavaThread "Sweeper thread" daemon [_thread_blocked, id=17160, stack(0x00000002a1c00000,0x00000002a1d00000)]
  0x00000116fd20de70 JavaThread "Common-Cleaner" daemon [_thread_blocked, id=10408, stack(0x00000002a1d00000,0x00000002a1e00000)]
  0x00000116fd20f760 JavaThread "Notification Thread" daemon [_thread_blocked, id=2568, stack(0x00000002a1e00000,0x00000002a1f00000)]
  0x000001168fce37b0 JavaThread "Daemon health stats" [_thread_blocked, id=6300, stack(0x00000002a2600000,0x00000002a2700000)]
  0x00000116fe3e76c0 JavaThread "Incoming local TCP Connector on port 50935" [_thread_in_native, id=8784, stack(0x00000002a2000000,0x00000002a2100000)]
  0x00000116fdeb1640 JavaThread "Daemon periodic checks" [_thread_blocked, id=12956, stack(0x00000002a2500000,0x00000002a2600000)]
  0x00000116fe7ca490 JavaThread "Daemon" [_thread_blocked, id=9268, stack(0x00000002a2800000,0x00000002a2900000)]
  0x00000116fe4dd5a0 JavaThread "Handler for socket connection from /127.0.0.1:50935 to /127.0.0.1:50936" [_thread_in_native, id=16448, stack(0x00000002a2900000,0x00000002a2a00000)]
  0x00000116febe4eb0 JavaThread "Cancel handler" [_thread_blocked, id=18360, stack(0x00000002a2a00000,0x00000002a2b00000)]
  0x000001168f03b090 JavaThread "Daemon worker" [_thread_blocked, id=13816, stack(0x00000002a2b00000,0x00000002a2c00000)]
  0x00000116fe7f12c0 JavaThread "Asynchronous log dispatcher for DefaultDaemonConnection: socket connection from /127.0.0.1:50935 to /127.0.0.1:50936" [_thread_blocked, id=3588, stack(0x00000002a2c00000,0x00000002a2d00000)]
  0x00000116fdea8060 JavaThread "Stdin handler" [_thread_blocked, id=3812, stack(0x00000002a2d00000,0x00000002a2e00000)]
  0x00000116fdea76c0 JavaThread "Daemon client event forwarder" [_thread_blocked, id=16280, stack(0x00000002a2e00000,0x00000002a2f00000)]
  0x00000116fdea8ed0 JavaThread "Cache worker for journal cache (C:\Users\user\.gradle\caches\journal-1)" [_thread_blocked, id=15056, stack(0x00000002a3200000,0x00000002a3300000)]
  0x00000116fdea5eb0 JavaThread "File lock request listener" [_thread_in_native, id=8340, stack(0x00000002a3300000,0x00000002a3400000)]
  0x00000116fdea6850 JavaThread "Cache worker for file hash cache (C:\Users\user\.gradle\caches\8.0\fileHashes)" [_thread_blocked, id=4176, stack(0x00000002a3400000,0x00000002a3500000)]
  0x00000116fdea7b90 JavaThread "File watcher server" daemon [_thread_in_native, id=1780, stack(0x00000002a3700000,0x00000002a3800000)]
  0x00000116fdea8a00 JavaThread "File watcher consumer" daemon [_thread_blocked, id=9288, stack(0x00000002a3800000,0x00000002a3900000)]
  0x000001169048b560 JavaThread "C2 CompilerThread1" daemon [_thread_blocked, id=5732, stack(0x00000002a3500000,0x00000002a3600000)]
  0x00000116fdea6d20 JavaThread "Cache worker for checksums cache (C:\Users\user\AndroidStudioProjects\anyang_setup\.gradle\8.0\checksums)" [_thread_blocked, id=8256, stack(0x00000002a3600000,0x00000002a3700000)]
  0x00000116fdea71f0 JavaThread "Cache worker for cache directory md-rule (C:\Users\user\.gradle\caches\8.0\md-rule)" [_thread_blocked, id=11924, stack(0x00000002a3900000,0x00000002a3a00000)]
  0x0000011691c92aa0 JavaThread "Cache worker for file content cache (C:\Users\user\.gradle\caches\8.0\fileContent)" [_thread_blocked, id=14508, stack(0x00000002a3a00000,0x00000002a3b00000)]
  0x0000011691c95f90 JavaThread "Cache worker for file hash cache (C:\Users\user\AndroidStudioProjects\anyang_setup\.gradle\8.0\fileHashes)" [_thread_blocked, id=3752, stack(0x00000002a3b00000,0x00000002a3c00000)]
  0x0000011691c92f70 JavaThread "Cache worker for cache directory md-supplier (C:\Users\user\.gradle\caches\8.0\md-supplier)" [_thread_blocked, id=9500, stack(0x00000002a3c00000,0x00000002a3d00000)]
  0x0000011691c93440 JavaThread "Cache worker for execution history cache (C:\Users\user\.gradle\caches\8.0\executionHistory)" [_thread_blocked, id=11996, stack(0x00000002a3d00000,0x00000002a3e00000)]
  0x0000011691c93910 JavaThread "jar transforms" [_thread_blocked, id=14052, stack(0x00000002a3e00000,0x00000002a3f00000)]
  0x0000011691c93de0 JavaThread "jar transforms Thread 2" [_thread_blocked, id=9636, stack(0x00000002a3f00000,0x00000002a4000000)]
  0x0000011691c96460 JavaThread "jar transforms Thread 3" [_thread_blocked, id=9364, stack(0x00000002a4100000,0x00000002a4200000)]
  0x0000011691c91760 JavaThread "jar transforms Thread 4" [_thread_blocked, id=5004, stack(0x00000002a4200000,0x00000002a4300000)]
  0x0000011691c96930 JavaThread "Cache worker for dependencies-accessors (C:\Users\user\AndroidStudioProjects\anyang_setup\.gradle\8.0\dependencies-accessors)" [_thread_blocked, id=2588, stack(0x00000002a4300000,0x00000002a4400000)]
  0x0000011691c96e00 JavaThread "jar transforms Thread 5" [_thread_blocked, id=6632, stack(0x00000002a4400000,0x00000002a4500000)]
  0x0000011691c977a0 JavaThread "Cache worker for Build Output Cleanup Cache (C:\Users\user\AndroidStudioProjects\anyang_setup\.gradle\buildOutputCleanup)" [_thread_blocked, id=15892, stack(0x00000002a4000000,0x00000002a4100000)]
  0x000001168fb47b40 JavaThread "C2 CompilerThread2" daemon [_thread_in_native, id=13984, stack(0x00000002a4500000,0x00000002a4600000)]
  0x0000011691c908f0 JavaThread "Unconstrained build operations" [_thread_blocked, id=17280, stack(0x00000002a4600000,0x00000002a4700000)]
  0x0000011691c91c30 JavaThread "Unconstrained build operations Thread 2" [_thread_blocked, id=3168, stack(0x00000002a4700000,0x00000002a4800000)]
  0x0000011691c92100 JavaThread "Unconstrained build operations Thread 3" [_thread_blocked, id=17560, stack(0x00000002a4800000,0x00000002a4900000)]
  0x0000011692055940 JavaThread "Unconstrained build operations Thread 4" [_thread_blocked, id=1148, stack(0x00000002a4900000,0x00000002a4a00000)]
  0x0000011692051f80 JavaThread "Unconstrained build operations Thread 5" [_thread_blocked, id=15956, stack(0x00000002a4a00000,0x00000002a4b00000)]
  0x0000011692051110 JavaThread "Unconstrained build operations Thread 6" [_thread_blocked, id=10620, stack(0x00000002a4b00000,0x00000002a4c00000)]
  0x00000116920562e0 JavaThread "Unconstrained build operations Thread 7" [_thread_blocked, id=14500, stack(0x00000002a4c00000,0x00000002a4d00000)]
  0x0000011692050c40 JavaThread "Unconstrained build operations Thread 8" [_thread_blocked, id=1460, stack(0x00000002a4d00000,0x00000002a4e00000)]
  0x000001169204f900 JavaThread "Unconstrained build operations Thread 9" [_thread_blocked, id=1688, stack(0x00000002a4e00000,0x00000002a4f00000)]
  0x000001169204fdd0 JavaThread "Unconstrained build operations Thread 10" [_thread_blocked, id=17708, stack(0x00000002a4f00000,0x00000002a5000000)]
  0x0000011692052450 JavaThread "Unconstrained build operations Thread 11" [_thread_blocked, id=6648, stack(0x00000002a5000000,0x00000002a5100000)]
  0x0000011692054fa0 JavaThread "Unconstrained build operations Thread 12" [_thread_blocked, id=148, stack(0x00000002a5100000,0x00000002a5200000)]
  0x000001169204ef60 JavaThread "Unconstrained build operations Thread 13" [_thread_blocked, id=3276, stack(0x00000002a5200000,0x00000002a5300000)]
  0x0000011692052920 JavaThread "Unconstrained build operations Thread 14" [_thread_blocked, id=1764, stack(0x00000002a5300000,0x00000002a5400000)]
  0x0000011692054600 JavaThread "Unconstrained build operations Thread 15" [_thread_blocked, id=17668, stack(0x00000002a5400000,0x00000002a5500000)]
  0x000001169204f430 JavaThread "Unconstrained build operations Thread 16" [_thread_blocked, id=13216, stack(0x00000002a5500000,0x00000002a5600000)]
  0x0000011692053790 JavaThread "Unconstrained build operations Thread 17" [_thread_blocked, id=7796, stack(0x00000002a5600000,0x00000002a5700000)]
  0x0000011692051ab0 JavaThread "Unconstrained build operations Thread 18" [_thread_blocked, id=11068, stack(0x00000002a5700000,0x00000002a5800000)]
  0x00000116920515e0 JavaThread "Unconstrained build operations Thread 19" [_thread_blocked, id=2552, stack(0x00000002a5800000,0x00000002a5900000)]
  0x0000011692052df0 JavaThread "Unconstrained build operations Thread 20" [_thread_blocked, id=14292, stack(0x00000002a5900000,0x00000002a5a00000)]
  0x00000116920532c0 JavaThread "Unconstrained build operations Thread 21" [_thread_blocked, id=1952, stack(0x00000002a5a00000,0x00000002a5b00000)]
  0x0000011692054130 JavaThread "Unconstrained build operations Thread 22" [_thread_blocked, id=12980, stack(0x00000002a5b00000,0x00000002a5c00000)]
  0x0000011692053c60 JavaThread "Unconstrained build operations Thread 23" [_thread_blocked, id=3584, stack(0x00000002a5c00000,0x00000002a5d00000)]
  0x00000116920502a0 JavaThread "Unconstrained build operations Thread 24" [_thread_blocked, id=9624, stack(0x00000002a5d00000,0x00000002a5e00000)]
  0x0000011692055e10 JavaThread "Unconstrained build operations Thread 25" [_thread_blocked, id=3560, stack(0x00000002a5e00000,0x00000002a5f00000)]
  0x0000011692054ad0 JavaThread "Unconstrained build operations Thread 26" [_thread_blocked, id=16264, stack(0x00000002a5f00000,0x00000002a6000000)]
  0x0000011692055470 JavaThread "Unconstrained build operations Thread 27" [_thread_blocked, id=11644, stack(0x00000002a6000000,0x00000002a6100000)]
  0x0000011692050770 JavaThread "Unconstrained build operations Thread 28" [_thread_blocked, id=16760, stack(0x00000002a6100000,0x00000002a6200000)]
  0x00000116920567b0 JavaThread "Unconstrained build operations Thread 29" [_thread_blocked, id=4672, stack(0x00000002a6200000,0x00000002a6300000)]
  0x000001169038bcd0 JavaThread "Unconstrained build operations Thread 30" [_thread_blocked, id=8632, stack(0x00000002a6300000,0x00000002a6400000)]
  0x000001169038e350 JavaThread "Unconstrained build operations Thread 31" [_thread_blocked, id=752, stack(0x00000002a6400000,0x00000002a6500000)]
  0x0000011690388cb0 JavaThread "Unconstrained build operations Thread 32" [_thread_blocked, id=17444, stack(0x00000002a6500000,0x00000002a6600000)]
  0x000001169038ae60 JavaThread "Unconstrained build operations Thread 33" [_thread_blocked, id=17468, stack(0x00000002a6600000,0x00000002a6700000)]
  0x000001169038a4c0 JavaThread "Unconstrained build operations Thread 34" [_thread_blocked, id=17652, stack(0x00000002a6700000,0x00000002a6800000)]
  0x000001169038c670 JavaThread "Unconstrained build operations Thread 35" [_thread_blocked, id=4300, stack(0x00000002a6800000,0x00000002a6900000)]
  0x000001169038a990 JavaThread "Unconstrained build operations Thread 36" [_thread_blocked, id=1700, stack(0x00000002a6900000,0x00000002a6a00000)]
  0x0000011690386b00 JavaThread "Unconstrained build operations Thread 37" [_thread_blocked, id=8672, stack(0x00000002a6a00000,0x00000002a6b00000)]
  0x000001169038cb40 JavaThread "Unconstrained build operations Thread 38" [_thread_blocked, id=10276, stack(0x00000002a6b00000,0x00000002a6c00000)]
  0x000001169038de80 JavaThread "Unconstrained build operations Thread 39" [_thread_blocked, id=2988, stack(0x00000002a6c00000,0x00000002a6d00000)]
  0x0000011690386fd0 JavaThread "Unconstrained build operations Thread 40" [_thread_blocked, id=15292, stack(0x00000002a6d00000,0x00000002a6e00000)]
  0x0000011690389ff0 JavaThread "Unconstrained build operations Thread 41" [_thread_blocked, id=3680, stack(0x00000002a6e00000,0x00000002a6f00000)]
  0x00000116903874a0 JavaThread "Unconstrained build operations Thread 42" [_thread_blocked, id=6956, stack(0x00000002a6f00000,0x00000002a7000000)]
  0x000001169038b330 JavaThread "Unconstrained build operations Thread 43" [_thread_blocked, id=15952, stack(0x00000002a7000000,0x00000002a7100000)]
  0x000001169038b800 JavaThread "Unconstrained build operations Thread 44" [_thread_blocked, id=4312, stack(0x00000002a7100000,0x00000002a7200000)]
  0x0000011690389650 JavaThread "Unconstrained build operations Thread 45" [_thread_blocked, id=7764, stack(0x00000002a7200000,0x00000002a7300000)]
  0x00000116903887e0 JavaThread "Unconstrained build operations Thread 46" [_thread_blocked, id=2740, stack(0x00000002a7300000,0x00000002a7400000)]
  0x0000011690388310 JavaThread "Unconstrained build operations Thread 47" [_thread_blocked, id=5220, stack(0x00000002a7400000,0x00000002a7500000)]
  0x0000011690387970 JavaThread "Unconstrained build operations Thread 48" [_thread_blocked, id=13248, stack(0x00000002a7500000,0x00000002a7600000)]
  0x0000011690387e40 JavaThread "Unconstrained build operations Thread 49" [_thread_blocked, id=4940, stack(0x00000002a7600000,0x00000002a7700000)]
  0x0000011690389180 JavaThread "Unconstrained build operations Thread 50" [_thread_blocked, id=14028, stack(0x00000002a7700000,0x00000002a7800000)]
  0x000001169038c1a0 JavaThread "Unconstrained build operations Thread 51" [_thread_blocked, id=4012, stack(0x00000002a7800000,0x00000002a7900000)]
  0x000001169038d010 JavaThread "Unconstrained build operations Thread 52" [_thread_blocked, id=13972, stack(0x00000002a7900000,0x00000002a7a00000)]
  0x0000011690389b20 JavaThread "Unconstrained build operations Thread 53" [_thread_blocked, id=2824, stack(0x00000002a7a00000,0x00000002a7b00000)]
  0x000001169038d4e0 JavaThread "Unconstrained build operations Thread 54" [_thread_blocked, id=14496, stack(0x00000002a7b00000,0x00000002a7c00000)]
  0x000001169038d9b0 JavaThread "Unconstrained build operations Thread 55" [_thread_blocked, id=8704, stack(0x00000002a7c00000,0x00000002a7d00000)]
  0x0000011690652830 JavaThread "Unconstrained build operations Thread 56" [_thread_blocked, id=8788, stack(0x00000002a7d00000,0x00000002a7e00000)]
  0x000001169064d190 JavaThread "Unconstrained build operations Thread 57" [_thread_blocked, id=14916, stack(0x00000002a7e00000,0x00000002a7f00000)]
  0x000001169064f810 JavaThread "Unconstrained build operations Thread 58" [_thread_blocked, id=15128, stack(0x00000002a7f00000,0x00000002a8000000)]
  0x000001169064ccc0 JavaThread "Unconstrained build operations Thread 59" [_thread_blocked, id=4116, stack(0x00000002a8000000,0x00000002a8100000)]
  0x000001169064d660 JavaThread "Unconstrained build operations Thread 60" [_thread_blocked, id=7976, stack(0x00000002a8100000,0x00000002a8200000)]
  0x000001169064db30 JavaThread "Unconstrained build operations Thread 61" [_thread_blocked, id=1176, stack(0x00000002a8200000,0x00000002a8300000)]
  0x0000011690650b50 JavaThread "Unconstrained build operations Thread 62" [_thread_blocked, id=7144, stack(0x00000002a8300000,0x00000002a8400000)]
  0x00000116906531d0 JavaThread "Unconstrained build operations Thread 63" [_thread_blocked, id=4084, stack(0x00000002a8400000,0x00000002a8500000)]
  0x0000011690652d00 JavaThread "Unconstrained build operations Thread 64" [_thread_blocked, id=17796, stack(0x00000002a8500000,0x00000002a8600000)]
  0x000001169064c7f0 JavaThread "Unconstrained build operations Thread 65" [_thread_blocked, id=16096, stack(0x00000002a8600000,0x00000002a8700000)]
  0x00000116906536a0 JavaThread "Unconstrained build operations Thread 66" [_thread_blocked, id=16072, stack(0x00000002a8700000,0x00000002a8800000)]
  0x000001169064be50 JavaThread "Unconstrained build operations Thread 67" [_thread_blocked, id=16172, stack(0x00000002a8800000,0x00000002a8900000)]
  0x000001169064e4d0 JavaThread "Unconstrained build operations Thread 68" [_thread_blocked, id=13920, stack(0x00000002a8900000,0x00000002a8a00000)]
  0x000001169064c320 JavaThread "Unconstrained build operations Thread 69" [_thread_blocked, id=15464, stack(0x00000002a8a00000,0x00000002a8b00000)]
  0x000001169064e000 JavaThread "Unconstrained build operations Thread 70" [_thread_blocked, id=17956, stack(0x00000002a8b00000,0x00000002a8c00000)]
  0x000001169064e9a0 JavaThread "Unconstrained build operations Thread 71" [_thread_blocked, id=8640, stack(0x00000002a8c00000,0x00000002a8d00000)]
  0x000001169064ee70 JavaThread "Unconstrained build operations Thread 72" [_thread_blocked, id=3668, stack(0x00000002a8d00000,0x00000002a8e00000)]
  0x000001169064f340 JavaThread "Unconstrained build operations Thread 73" [_thread_blocked, id=4848, stack(0x00000002a8e00000,0x00000002a8f00000)]
  0x000001169064fce0 JavaThread "Unconstrained build operations Thread 74" [_thread_blocked, id=15248, stack(0x00000002a8f00000,0x00000002a9000000)]
  0x00000116906501b0 JavaThread "Unconstrained build operations Thread 75" [_thread_blocked, id=1820, stack(0x00000002a9000000,0x00000002a9100000)]
  0x0000011690651e90 JavaThread "Unconstrained build operations Thread 76" [_thread_blocked, id=2484, stack(0x00000002a9100000,0x00000002a9200000)]
  0x0000011690650680 JavaThread "Unconstrained build operations Thread 77" [_thread_blocked, id=15764, stack(0x00000002a9200000,0x00000002a9300000)]
  0x0000011690651020 JavaThread "Unconstrained build operations Thread 78" [_thread_blocked, id=18144, stack(0x00000002a9300000,0x00000002a9400000)]
  0x00000116906514f0 JavaThread "Unconstrained build operations Thread 79" [_thread_blocked, id=4328, stack(0x00000002a9400000,0x00000002a9500000)]
  0x00000116906519c0 JavaThread "Unconstrained build operations Thread 80" [_thread_blocked, id=13320, stack(0x00000002a9500000,0x00000002a9600000)]
  0x0000011690652360 JavaThread "jar transforms Thread 6" [_thread_blocked, id=15880, stack(0x00000002a9600000,0x00000002a9700000)]
  0x000001169057b230 JavaThread "jar transforms Thread 7" [_thread_blocked, id=5244, stack(0x00000002a9700000,0x00000002a9800000)]
  0x0000011690579a20 JavaThread "jar transforms Thread 8" [_thread_blocked, id=2412, stack(0x00000002a9800000,0x00000002a9900000)]
  0x0000011690577d40 JavaThread "build event listener" [_thread_blocked, id=16064, stack(0x00000002a9900000,0x00000002a9a00000)]
  0x000001169057c0a0 JavaThread "Memory manager" [_thread_blocked, id=15224, stack(0x00000002a9a00000,0x00000002a9b00000)]

Other Threads:
=>0x00000116fc7b66e0 VMThread "VM Thread" [stack: 0x00000002a1300000,0x00000002a1400000] [id=13220]
  0x00000116f19f95a0 WatcherThread [stack: 0x00000002a1f00000,0x00000002a2000000] [id=15936]
  0x00000116f19d8b10 GCTaskThread "GC Thread#0" [stack: 0x00000002a0e00000,0x00000002a0f00000] [id=7148]
  0x00000116fde10c40 GCTaskThread "GC Thread#1" [stack: 0x00000002a2100000,0x00000002a2200000] [id=14748]
  0x00000116fd9cee10 GCTaskThread "GC Thread#2" [stack: 0x00000002a2200000,0x00000002a2300000] [id=12500]
  0x00000116fd9cf0c0 GCTaskThread "GC Thread#3" [stack: 0x00000002a2300000,0x00000002a2400000] [id=17736]
  0x00000116fde94fe0 GCTaskThread "GC Thread#4" [stack: 0x00000002a2400000,0x00000002a2500000] [id=12552]
  0x00000116fe7f1790 GCTaskThread "GC Thread#5" [stack: 0x00000002a2700000,0x00000002a2800000] [id=16948]
  0x000001168f856100 GCTaskThread "GC Thread#6" [stack: 0x00000002a2f00000,0x00000002a3000000] [id=13344]
  0x000001168f543c00 GCTaskThread "GC Thread#7" [stack: 0x00000002a3000000,0x00000002a3100000] [id=4496]
  0x00000116f19e9960 ConcurrentGCThread "G1 Main Marker" [stack: 0x00000002a0f00000,0x00000002a1000000] [id=5440]
  0x00000116f19eaa20 ConcurrentGCThread "G1 Conc#0" [stack: 0x00000002a1000000,0x00000002a1100000] [id=13860]
  0x000001168f5cae90 ConcurrentGCThread "G1 Conc#1" [stack: 0x00000002a3100000,0x00000002a3200000] [id=17336]
  0x00000116f1a4e2c0 ConcurrentGCThread "G1 Refine#0" [stack: 0x00000002a1100000,0x00000002a1200000] [id=4696]
  0x00000116f1a4ebf0 ConcurrentGCThread "G1 Service" [stack: 0x00000002a1200000,0x00000002a1300000] [id=7004]

Threads with active compile tasks:
C2 CompilerThread0    11884 6907       4       java.lang.Class::getMethod (59 bytes)
C1 CompilerThread0    11884 7000       3       org.gradle.internal.operations.DefaultBuildOperationRunner$BuildOperationTrackingListener::stop (36 bytes)
C2 CompilerThread1    11884 6998   !   4       java.util.concurrent.ConcurrentHashMap::replaceNode (437 bytes)
C2 CompilerThread2    11884 6917   !   4       org.codehaus.groovy.reflection.stdclasses.CachedSAMClass::hasUsableImplementation (72 bytes)

VM state: at safepoint (normal execution)

VM Mutex/Monitor currently owned by a thread:  ([mutex/lock_event])
[0x00000116f19765f0] Threads_lock - owner thread: 0x00000116fc7b66e0
[0x00000116f1977370] Heap_lock - owner thread: 0x000001168f03b090

Heap address: 0x0000000080000000, size: 2048 MB, Compressed Oops mode: 32-bit

CDS archive(s) not mapped
Compressed class space mapped at: 0x0000000100000000-0x0000000140000000, reserved size: 1073741824
Narrow klass base: 0x0000000000000000, Narrow klass shift: 3, Narrow klass range: 0x140000000

GC Precious Log:
 CPUs: 8 total, 8 available
 Memory: 14269M
 Large Page Support: Disabled
 NUMA Support: Disabled
 Compressed Oops: Enabled (32-bit)
 Heap Region Size: 1M
 Heap Min Capacity: 8M
 Heap Initial Capacity: 224M
 Heap Max Capacity: 2G
 Pre-touch: Disabled
 Parallel Workers: 8
 Concurrent Workers: 2
 Concurrent Refinement Workers: 8
 Periodic GC: Disabled

Heap:
 garbage-first heap   total 104448K, used 55773K [0x0000000080000000, 0x0000000100000000)
  region size 1024K, 3 young (3072K), 3 survivors (3072K)
 Metaspace       used 68245K, committed 68736K, reserved 1114112K
  class space    used 9005K, committed 9216K, reserved 1048576K

Heap Regions: E=young(eden), S=young(survivor), O=old, HS=humongous(starts), HC=humongous(continues), CS=collection set, F=free, OA=open archive, CA=closed archive, TAMS=top-at-mark-start (previous, next)
|   0|0x0000000080000000, 0x0000000080100000, 0x0000000080100000|100%|HS|  |TAMS 0x0000000080100000, 0x0000000080100000| Complete 
|   1|0x0000000080100000, 0x0000000080200000, 0x0000000080200000|100%|HC|  |TAMS 0x0000000080200000, 0x0000000080200000| Complete 
|   2|0x0000000080200000, 0x0000000080300000, 0x0000000080300000|100%|HC|  |TAMS 0x0000000080300000, 0x0000000080300000| Complete 
|   3|0x0000000080300000, 0x0000000080400000, 0x0000000080400000|100%|HC|  |TAMS 0x0000000080400000, 0x0000000080400000| Complete 
|   4|0x0000000080400000, 0x0000000080500000, 0x0000000080500000|100%| O|  |TAMS 0x0000000080500000, 0x0000000080500000| Untracked 
|   5|0x0000000080500000, 0x0000000080600000, 0x0000000080600000|100%| O|  |TAMS 0x0000000080600000, 0x0000000080600000| Untracked 
|   6|0x0000000080600000, 0x0000000080700000, 0x0000000080700000|100%| O|  |TAMS 0x0000000080700000, 0x0000000080700000| Untracked 
|   7|0x0000000080700000, 0x0000000080800000, 0x0000000080800000|100%| O|  |TAMS 0x0000000080800000, 0x0000000080800000| Untracked 
|   8|0x0000000080800000, 0x0000000080900000, 0x0000000080900000|100%| O|  |TAMS 0x0000000080900000, 0x0000000080900000| Untracked 
|   9|0x0000000080900000, 0x0000000080a00000, 0x0000000080a00000|100%| O|  |TAMS 0x0000000080a00000, 0x0000000080a00000| Untracked 
|  10|0x0000000080a00000, 0x0000000080b00000, 0x0000000080b00000|100%| O|  |TAMS 0x0000000080b00000, 0x0000000080b00000| Untracked 
|  11|0x0000000080b00000, 0x0000000080c00000, 0x0000000080c00000|100%| O|  |TAMS 0x0000000080c00000, 0x0000000080c00000| Untracked 
|  12|0x0000000080c00000, 0x0000000080d00000, 0x0000000080d00000|100%| O|  |TAMS 0x0000000080d00000, 0x0000000080d00000| Untracked 
|  13|0x0000000080d00000, 0x0000000080e00000, 0x0000000080e00000|100%| O|  |TAMS 0x0000000080e00000, 0x0000000080e00000| Untracked 
|  14|0x0000000080e00000, 0x0000000080f00000, 0x0000000080f00000|100%| O|  |TAMS 0x0000000080f00000, 0x0000000080f00000| Untracked 
|  15|0x0000000080f00000, 0x0000000081000000, 0x0000000081000000|100%| O|  |TAMS 0x0000000081000000, 0x0000000081000000| Untracked 
|  16|0x0000000081000000, 0x0000000081100000, 0x0000000081100000|100%| O|  |TAMS 0x0000000081100000, 0x0000000081100000| Untracked 
|  17|0x0000000081100000, 0x0000000081200000, 0x0000000081200000|100%| O|  |TAMS 0x0000000081200000, 0x0000000081200000| Untracked 
|  18|0x0000000081200000, 0x0000000081300000, 0x0000000081300000|100%| O|  |TAMS 0x0000000081300000, 0x0000000081300000| Untracked 
|  19|0x0000000081300000, 0x0000000081400000, 0x0000000081400000|100%| O|  |TAMS 0x0000000081400000, 0x0000000081400000| Untracked 
|  20|0x0000000081400000, 0x0000000081500000, 0x0000000081500000|100%| O|  |TAMS 0x0000000081500000, 0x0000000081500000| Untracked 
|  21|0x0000000081500000, 0x0000000081600000, 0x0000000081600000|100%| O|  |TAMS 0x0000000081600000, 0x0000000081600000| Untracked 
|  22|0x0000000081600000, 0x0000000081700000, 0x0000000081700000|100%| O|  |TAMS 0x0000000081700000, 0x0000000081700000| Untracked 
|  23|0x0000000081700000, 0x0000000081700000, 0x0000000081800000|  0%| F|  |TAMS 0x0000000081700000, 0x0000000081700000| Untracked 
|  24|0x0000000081800000, 0x0000000081900000, 0x0000000081900000|100%| O|  |TAMS 0x0000000081900000, 0x0000000081900000| Untracked 
|  25|0x0000000081900000, 0x0000000081a00000, 0x0000000081a00000|100%| O|  |TAMS 0x0000000081a00000, 0x0000000081a00000| Untracked 
|  26|0x0000000081a00000, 0x0000000081b00000, 0x0000000081b00000|100%| O|  |TAMS 0x0000000081b00000, 0x0000000081b00000| Untracked 
|  27|0x0000000081b00000, 0x0000000081c00000, 0x0000000081c00000|100%| O|  |TAMS 0x0000000081c00000, 0x0000000081c00000| Untracked 
|  28|0x0000000081c00000, 0x0000000081d00000, 0x0000000081d00000|100%| O|  |TAMS 0x0000000081d00000, 0x0000000081d00000| Untracked 
|  29|0x0000000081d00000, 0x0000000081e00000, 0x0000000081e00000|100%| O|  |TAMS 0x0000000081e00000, 0x0000000081e00000| Untracked 
|  30|0x0000000081e00000, 0x0000000081f00000, 0x0000000081f00000|100%| O|  |TAMS 0x0000000081f00000, 0x0000000081f00000| Untracked 
|  31|0x0000000081f00000, 0x0000000082000000, 0x0000000082000000|100%| O|  |TAMS 0x0000000082000000, 0x0000000082000000| Untracked 
|  32|0x0000000082000000, 0x0000000082100000, 0x0000000082100000|100%| O|  |TAMS 0x0000000082100000, 0x0000000082100000| Untracked 
|  33|0x0000000082100000, 0x0000000082200000, 0x0000000082200000|100%| O|  |TAMS 0x0000000082200000, 0x0000000082200000| Untracked 
|  34|0x0000000082200000, 0x0000000082300000, 0x0000000082300000|100%| O|  |TAMS 0x0000000082300000, 0x0000000082300000| Untracked 
|  35|0x0000000082300000, 0x0000000082400000, 0x0000000082400000|100%|HS|  |TAMS 0x0000000082400000, 0x0000000082400000| Complete 
|  36|0x0000000082400000, 0x0000000082500000, 0x0000000082500000|100%|HS|  |TAMS 0x0000000082500000, 0x0000000082500000| Complete 
|  37|0x0000000082500000, 0x0000000082600000, 0x0000000082600000|100%| O|  |TAMS 0x0000000082600000, 0x0000000082600000| Untracked 
|  38|0x0000000082600000, 0x0000000082700000, 0x0000000082700000|100%| O|  |TAMS 0x0000000082700000, 0x0000000082700000| Untracked 
|  39|0x0000000082700000, 0x0000000082800000, 0x0000000082800000|100%| O|  |TAMS 0x0000000082800000, 0x0000000082800000| Untracked 
|  40|0x0000000082800000, 0x0000000082900000, 0x0000000082900000|100%| O|  |TAMS 0x0000000082900000, 0x0000000082900000| Untracked 
|  41|0x0000000082900000, 0x0000000082a00000, 0x0000000082a00000|100%| O|  |TAMS 0x0000000082a00000, 0x0000000082a00000| Untracked 
|  42|0x0000000082a00000, 0x0000000082b00000, 0x0000000082b00000|100%| O|  |TAMS 0x0000000082b00000, 0x0000000082b00000| Untracked 
|  43|0x0000000082b00000, 0x0000000082c00000, 0x0000000082c00000|100%| O|  |TAMS 0x0000000082c00000, 0x0000000082c00000| Untracked 
|  44|0x0000000082c00000, 0x0000000082d00000, 0x0000000082d00000|100%| O|  |TAMS 0x0000000082d00000, 0x0000000082d00000| Untracked 
|  45|0x0000000082d00000, 0x0000000082e00000, 0x0000000082e00000|100%| O|  |TAMS 0x0000000082e00000, 0x0000000082e00000| Untracked 
|  46|0x0000000082e00000, 0x0000000082f00000, 0x0000000082f00000|100%| O|  |TAMS 0x0000000082e00000, 0x0000000082f00000| Untracked 
|  47|0x0000000082f00000, 0x0000000083000000, 0x0000000083000000|100%| O|  |TAMS 0x0000000082f00000, 0x0000000083000000| Untracked 
|  48|0x0000000083000000, 0x0000000083100000, 0x0000000083100000|100%| O|  |TAMS 0x0000000083000000, 0x0000000083100000| Untracked 
|  49|0x0000000083100000, 0x0000000083200000, 0x0000000083200000|100%| O|  |TAMS 0x0000000083100000, 0x0000000083200000| Untracked 
|  50|0x0000000083200000, 0x0000000083300000, 0x0000000083300000|100%| O|  |TAMS 0x0000000083300000, 0x0000000083300000| Untracked 
|  51|0x0000000083300000, 0x0000000083400000, 0x0000000083400000|100%| O|  |TAMS 0x0000000083300000, 0x0000000083400000| Untracked 
|  52|0x0000000083400000, 0x0000000083500000, 0x0000000083500000|100%| O|  |TAMS 0x00000000834d4800, 0x0000000083500000| Untracked 
|  53|0x0000000083500000, 0x000000008353ea00, 0x0000000083600000| 24%| O|  |TAMS 0x0000000083500000, 0x000000008353ea00| Untracked 
|  54|0x0000000083600000, 0x0000000083600000, 0x0000000083700000|  0%| F|  |TAMS 0x0000000083600000, 0x0000000083600000| Untracked 
|  55|0x0000000083700000, 0x0000000083700000, 0x0000000083800000|  0%| F|  |TAMS 0x0000000083700000, 0x0000000083700000| Untracked 
|  56|0x0000000083800000, 0x0000000083800000, 0x0000000083900000|  0%| F|  |TAMS 0x0000000083800000, 0x0000000083800000| Untracked 
|  57|0x0000000083900000, 0x0000000083900000, 0x0000000083a00000|  0%| F|  |TAMS 0x0000000083900000, 0x0000000083900000| Untracked 
|  58|0x0000000083a00000, 0x0000000083a00000, 0x0000000083b00000|  0%| F|  |TAMS 0x0000000083a00000, 0x0000000083a00000| Untracked 
|  59|0x0000000083b00000, 0x0000000083b00000, 0x0000000083c00000|  0%| F|  |TAMS 0x0000000083b00000, 0x0000000083b00000| Untracked 
|  60|0x0000000083c00000, 0x0000000083c00000, 0x0000000083d00000|  0%| F|  |TAMS 0x0000000083c00000, 0x0000000083c00000| Untracked 
|  61|0x0000000083d00000, 0x0000000083d00000, 0x0000000083e00000|  0%| F|  |TAMS 0x0000000083d00000, 0x0000000083d00000| Untracked 
|  62|0x0000000083e00000, 0x0000000083e00000, 0x0000000083f00000|  0%| F|  |TAMS 0x0000000083e00000, 0x0000000083e00000| Untracked 
|  63|0x0000000083f00000, 0x0000000083f00000, 0x0000000084000000|  0%| F|  |TAMS 0x0000000083f00000, 0x0000000083f00000| Untracked 
|  64|0x0000000084000000, 0x0000000084000000, 0x0000000084100000|  0%| F|  |TAMS 0x0000000084000000, 0x0000000084000000| Untracked 
|  65|0x0000000084100000, 0x0000000084100000, 0x0000000084200000|  0%| F|  |TAMS 0x0000000084100000, 0x0000000084100000| Untracked 
|  66|0x0000000084200000, 0x0000000084200000, 0x0000000084300000|  0%| F|  |TAMS 0x0000000084200000, 0x0000000084200000| Untracked 
|  67|0x0000000084300000, 0x0000000084300000, 0x0000000084400000|  0%| F|  |TAMS 0x0000000084300000, 0x0000000084300000| Untracked 
|  68|0x0000000084400000, 0x0000000084400000, 0x0000000084500000|  0%| F|  |TAMS 0x0000000084400000, 0x0000000084400000| Untracked 
|  69|0x0000000084500000, 0x0000000084500000, 0x0000000084600000|  0%| F|  |TAMS 0x0000000084500000, 0x0000000084500000| Untracked 
|  70|0x0000000084600000, 0x0000000084600000, 0x0000000084700000|  0%| F|  |TAMS 0x0000000084600000, 0x0000000084600000| Untracked 
|  71|0x0000000084700000, 0x0000000084700000, 0x0000000084800000|  0%| F|  |TAMS 0x0000000084700000, 0x0000000084700000| Untracked 
|  72|0x0000000084800000, 0x0000000084800000, 0x0000000084900000|  0%| F|  |TAMS 0x0000000084800000, 0x0000000084800000| Untracked 
|  73|0x0000000084900000, 0x0000000084900000, 0x0000000084a00000|  0%| F|  |TAMS 0x0000000084900000, 0x0000000084900000| Untracked 
|  74|0x0000000084a00000, 0x0000000084a38c20, 0x0000000084b00000| 22%| S|CS|TAMS 0x0000000084a00000, 0x0000000084a00000| Complete 
|  75|0x0000000084b00000, 0x0000000084c00000, 0x0000000084c00000|100%| S|CS|TAMS 0x0000000084b00000, 0x0000000084b00000| Complete 
|  76|0x0000000084c00000, 0x0000000084d00000, 0x0000000084d00000|100%| S|CS|TAMS 0x0000000084c00000, 0x0000000084c00000| Complete 
|  77|0x0000000084d00000, 0x0000000084d00000, 0x0000000084e00000|  0%| F|  |TAMS 0x0000000084d00000, 0x0000000084d00000| Untracked 
|  78|0x0000000084e00000, 0x0000000084e00000, 0x0000000084f00000|  0%| F|  |TAMS 0x0000000084e00000, 0x0000000084e00000| Untracked 
|  79|0x0000000084f00000, 0x0000000084f00000, 0x0000000085000000|  0%| F|  |TAMS 0x0000000084f00000, 0x0000000084f00000| Untracked 
|  80|0x0000000085000000, 0x0000000085000000, 0x0000000085100000|  0%| F|  |TAMS 0x0000000085000000, 0x0000000085000000| Untracked 
|  81|0x0000000085100000, 0x0000000085100000, 0x0000000085200000|  0%| F|  |TAMS 0x0000000085100000, 0x0000000085100000| Untracked 
|  82|0x0000000085200000, 0x0000000085200000, 0x0000000085300000|  0%| F|  |TAMS 0x0000000085200000, 0x0000000085200000| Untracked 
|  83|0x0000000085300000, 0x0000000085300000, 0x0000000085400000|  0%| F|  |TAMS 0x0000000085300000, 0x0000000085300000| Untracked 
|  84|0x0000000085400000, 0x0000000085400000, 0x0000000085500000|  0%| F|  |TAMS 0x0000000085400000, 0x0000000085400000| Untracked 
|  85|0x0000000085500000, 0x0000000085500000, 0x0000000085600000|  0%| F|  |TAMS 0x0000000085500000, 0x0000000085500000| Untracked 
|  86|0x0000000085600000, 0x0000000085600000, 0x0000000085700000|  0%| F|  |TAMS 0x0000000085600000, 0x0000000085600000| Untracked 
|  87|0x0000000085700000, 0x0000000085700000, 0x0000000085800000|  0%| F|  |TAMS 0x0000000085700000, 0x0000000085700000| Untracked 
|  88|0x0000000085800000, 0x0000000085800000, 0x0000000085900000|  0%| F|  |TAMS 0x0000000085800000, 0x0000000085800000| Untracked 
|  89|0x0000000085900000, 0x0000000085900000, 0x0000000085a00000|  0%| F|  |TAMS 0x0000000085900000, 0x0000000085900000| Untracked 
|  90|0x0000000085a00000, 0x0000000085a00000, 0x0000000085b00000|  0%| F|  |TAMS 0x0000000085a00000, 0x0000000085a00000| Untracked 
|  91|0x0000000085b00000, 0x0000000085b00000, 0x0000000085c00000|  0%| F|  |TAMS 0x0000000085b00000, 0x0000000085b00000| Untracked 
| 171|0x000000008ab00000, 0x000000008ab00000, 0x000000008ac00000|  0%| F|  |TAMS 0x000000008ab00000, 0x000000008ab00000| Untracked 
| 172|0x000000008ac00000, 0x000000008ac00000, 0x000000008ad00000|  0%| F|  |TAMS 0x000000008ac00000, 0x000000008ac00000| Untracked 
| 173|0x000000008ad00000, 0x000000008ad00000, 0x000000008ae00000|  0%| F|  |TAMS 0x000000008ad00000, 0x000000008ad00000| Untracked 
| 174|0x000000008ae00000, 0x000000008ae00000, 0x000000008af00000|  0%| F|  |TAMS 0x000000008ae00000, 0x000000008ae00000| Untracked 
| 175|0x000000008af00000, 0x000000008af00000, 0x000000008b000000|  0%| F|  |TAMS 0x000000008af00000, 0x000000008af00000| Untracked 
| 176|0x000000008b000000, 0x000000008b000000, 0x000000008b100000|  0%| F|  |TAMS 0x000000008b000000, 0x000000008b000000| Untracked 
| 177|0x000000008b100000, 0x000000008b100000, 0x000000008b200000|  0%| F|  |TAMS 0x000000008b100000, 0x000000008b100000| Untracked 
| 178|0x000000008b200000, 0x000000008b200000, 0x000000008b300000|  0%| F|  |TAMS 0x000000008b200000, 0x000000008b200000| Untracked 
| 179|0x000000008b300000, 0x000000008b300000, 0x000000008b400000|  0%| F|  |TAMS 0x000000008b300000, 0x000000008b300000| Untracked 
| 223|0x000000008df00000, 0x000000008df00000, 0x000000008e000000|  0%| F|  |TAMS 0x000000008df00000, 0x000000008df00000| Untracked 

Card table byte_map: [0x00000116f5580000,0x00000116f5980000] _byte_map_base: 0x00000116f5180000

Marking Bits (Prev, Next): (CMBitMap*) 0x00000116f19d9070, (CMBitMap*) 0x00000116f19d9030
 Prev Bits: [0x00000116f7d80000, 0x00000116f9d80000)
 Next Bits: [0x00000116f5d80000, 0x00000116f7d80000)

Polling page: 0x00000116f1150000

Metaspace:

Usage:
  Non-class:     57.85 MB used.
      Class:      8.79 MB used.
       Both:     66.65 MB used.

Virtual space:
  Non-class space:       64.00 MB reserved,      58.12 MB ( 91%) committed,  8 nodes.
      Class space:        1.00 GB reserved,       9.00 MB ( <1%) committed,  1 nodes.
             Both:        1.06 GB reserved,      67.12 MB (  6%) committed. 

Chunk freelists:
   Non-Class:  1.56 MB
       Class:  2.88 MB
        Both:  4.44 MB

MaxMetaspaceSize: unlimited
CompressedClassSpaceSize: 1.00 GB
Initial GC threshold: 21.00 MB
Current GC threshold: 109.31 MB
CDS: off
MetaspaceReclaimPolicy: balanced
 - commit_granule_bytes: 65536.
 - commit_granule_words: 8192.
 - virtual_space_node_default_size: 1048576.
 - enlarge_chunks_in_place: 1.
 - new_chunks_are_fully_committed: 0.
 - uncommit_free_chunks: 1.
 - use_allocation_guard: 0.
 - handle_deallocations: 1.


Internal statistics:

num_allocs_failed_limit: 6.
num_arena_births: 622.
num_arena_deaths: 0.
num_vsnodes_births: 9.
num_vsnodes_deaths: 0.
num_space_committed: 1074.
num_space_uncommitted: 0.
num_chunks_returned_to_freelist: 6.
num_chunks_taken_from_freelist: 2861.
num_chunk_merges: 3.
num_chunk_splits: 1913.
num_chunks_enlarged: 1325.
num_purges: 0.
num_inconsistent_stats: 0.

CodeHeap 'non-profiled nmethods': size=120000Kb used=3751Kb max_used=3751Kb free=116248Kb
 bounds [0x0000011687ad0000, 0x0000011687e80000, 0x000001168f000000]
CodeHeap 'profiled nmethods': size=120000Kb used=11967Kb max_used=12305Kb free=108032Kb
 bounds [0x0000011680000000, 0x0000011680c10000, 0x0000011687530000]
CodeHeap 'non-nmethods': size=5760Kb used=2393Kb max_used=2413Kb free=3366Kb
 bounds [0x0000011687530000, 0x00000116877a0000, 0x0000011687ad0000]
 total_blobs=7011 nmethods=6129 adapters=792
 compilation: enabled
              stopped_count=0, restarted_count=0
 full_count=0

Compilation events (20 events):
Event: 11.797 Thread 0x000001169048b560 nmethod 6985 0x0000011687e79c90 code [0x0000011687e79e00, 0x0000011687e79e58]
Event: 11.797 Thread 0x00000116fd09e560 nmethod 6991 0x000001168012e010 code [0x000001168012e1e0, 0x000001168012e7f8]
Event: 11.797 Thread 0x00000116fd09e560 6992       3       org.gradle.internal.operations.BuildOperationDescriptor$Builder::details (7 bytes)
Event: 11.798 Thread 0x00000116fd09e560 nmethod 6992 0x0000011680827290 code [0x0000011680827420, 0x0000011680827578]
Event: 11.798 Thread 0x00000116fd09e560 6993       3       org.gradle.internal.operations.DefaultBuildOperationExecutor$ListenerAdapter::<init> (20 bytes)
Event: 11.798 Thread 0x00000116fd09e560 nmethod 6993 0x0000011680014990 code [0x0000011680014b40, 0x0000011680014db8]
Event: 11.798 Thread 0x00000116fd09e560 6994   !   3       org.gradle.internal.operations.DefaultBuildOperationRunner$2::execute (110 bytes)
Event: 11.798 Thread 0x00000116fd09e560 nmethod 6994 0x0000011680035710 code [0x0000011680035940, 0x0000011680036158]
Event: 11.799 Thread 0x00000116fd09e560 6995       3       org.gradle.internal.operations.DefaultBuildOperationRunner$BuildOperationTrackingListener::start (53 bytes)
Event: 11.799 Thread 0x000001169048b560 6998   !   4       java.util.concurrent.ConcurrentHashMap::replaceNode (437 bytes)
Event: 11.799 Thread 0x00000116fd09e560 nmethod 6995 0x0000011680034710 code [0x0000011680034960, 0x0000011680035368]
Event: 11.799 Thread 0x00000116fd09e560 6996       3       org.gradle.tooling.internal.provider.runner.TestTaskExecutionTracker::started (100 bytes)
Event: 11.800 Thread 0x00000116fd09e560 nmethod 6996 0x0000011680033590 code [0x0000011680033800, 0x0000011680034388]
Event: 11.800 Thread 0x00000116fd09e560 7002       3       org.gradle.internal.operations.DefaultBuildOperationListenerManager$1::finished (48 bytes)
Event: 11.800 Thread 0x00000116fd09e560 nmethod 7002 0x0000011680032c90 code [0x0000011680032e80, 0x00000116800333a8]
Event: 11.800 Thread 0x00000116fd09e560 6997       3       org.gradle.api.internal.artifacts.configurations.DefaultConfiguration::validateMutationType (8 bytes)
Event: 11.801 Thread 0x00000116fd09e560 nmethod 6997 0x0000011680120b90 code [0x0000011680120d80, 0x00000116801213c8]
Event: 11.801 Thread 0x00000116fd09e560 6999       3       org.gradle.internal.logging.progress.DefaultProgressLoggerFactory$ProgressLoggerImpl::<init> (69 bytes)
Event: 11.801 Thread 0x00000116fd09e560 nmethod 6999 0x0000011680032290 code [0x0000011680032460, 0x0000011680032998]
Event: 11.801 Thread 0x00000116fd09e560 7000       3       org.gradle.internal.operations.DefaultBuildOperationRunner$BuildOperationTrackingListener::stop (36 bytes)

GC Heap History (20 events):
Event: 9.087 GC heap after
{Heap after GC invocations=23 (full 0):
 garbage-first heap   total 86016K, used 44440K [0x0000000080000000, 0x0000000100000000)
  region size 1024K, 3 young (3072K), 3 survivors (3072K)
 Metaspace       used 53629K, committed 54080K, reserved 1097728K
  class space    used 7091K, committed 7296K, reserved 1048576K
}
Event: 9.452 GC heap before
{Heap before GC invocations=23 (full 0):
 garbage-first heap   total 86016K, used 58776K [0x0000000080000000, 0x0000000100000000)
  region size 1024K, 18 young (18432K), 3 survivors (3072K)
 Metaspace       used 55704K, committed 56256K, reserved 1105920K
  class space    used 7391K, committed 7616K, reserved 1048576K
}
Event: 9.455 GC heap after
{Heap after GC invocations=24 (full 0):
 garbage-first heap   total 86016K, used 45203K [0x0000000080000000, 0x0000000100000000)
  region size 1024K, 1 young (1024K), 1 survivors (1024K)
 Metaspace       used 55704K, committed 56256K, reserved 1105920K
  class space    used 7391K, committed 7616K, reserved 1048576K
}
Event: 9.803 GC heap before
{Heap before GC invocations=25 (full 0):
 garbage-first heap   total 86016K, used 61587K [0x0000000080000000, 0x0000000100000000)
  region size 1024K, 17 young (17408K), 1 survivors (1024K)
 Metaspace       used 58457K, committed 58944K, reserved 1105920K
  class space    used 7727K, committed 7936K, reserved 1048576K
}
Event: 9.806 GC heap after
{Heap after GC invocations=26 (full 0):
 garbage-first heap   total 86016K, used 45806K [0x0000000080000000, 0x0000000100000000)
  region size 1024K, 2 young (2048K), 2 survivors (2048K)
 Metaspace       used 58457K, committed 58944K, reserved 1105920K
  class space    used 7727K, committed 7936K, reserved 1048576K
}
Event: 10.289 GC heap before
{Heap before GC invocations=26 (full 0):
 garbage-first heap   total 86016K, used 62190K [0x0000000080000000, 0x0000000100000000)
  region size 1024K, 19 young (19456K), 2 survivors (2048K)
 Metaspace       used 62432K, committed 62976K, reserved 1105920K
  class space    used 8256K, committed 8512K, reserved 1048576K
}
Event: 10.293 GC heap after
{Heap after GC invocations=27 (full 0):
 garbage-first heap   total 86016K, used 47516K [0x0000000080000000, 0x0000000100000000)
  region size 1024K, 3 young (3072K), 3 survivors (3072K)
 Metaspace       used 62432K, committed 62976K, reserved 1105920K
  class space    used 8256K, committed 8512K, reserved 1048576K
}
Event: 10.357 GC heap before
{Heap before GC invocations=28 (full 0):
 garbage-first heap   total 86016K, used 48540K [0x0000000080000000, 0x0000000100000000)
  region size 1024K, 5 young (5120K), 3 survivors (3072K)
 Metaspace       used 62474K, committed 62976K, reserved 1105920K
  class space    used 8261K, committed 8512K, reserved 1048576K
}
Event: 10.361 GC heap after
{Heap after GC invocations=29 (full 0):
 garbage-first heap   total 86016K, used 47968K [0x0000000080000000, 0x0000000100000000)
  region size 1024K, 2 young (2048K), 2 survivors (2048K)
 Metaspace       used 62474K, committed 62976K, reserved 1105920K
  class space    used 8261K, committed 8512K, reserved 1048576K
}
Event: 10.425 GC heap before
{Heap before GC invocations=30 (full 0):
 garbage-first heap   total 104448K, used 59232K [0x0000000080000000, 0x0000000100000000)
  region size 1024K, 11 young (11264K), 2 survivors (2048K)
 Metaspace       used 62479K, committed 62976K, reserved 1105920K
  class space    used 8261K, committed 8512K, reserved 1048576K
}
Event: 10.428 GC heap after
{Heap after GC invocations=31 (full 0):
 garbage-first heap   total 104448K, used 53759K [0x0000000080000000, 0x0000000100000000)
  region size 1024K, 3 young (3072K), 3 survivors (3072K)
 Metaspace       used 62479K, committed 62976K, reserved 1105920K
  class space    used 8261K, committed 8512K, reserved 1048576K
}
Event: 10.845 GC heap before
{Heap before GC invocations=32 (full 0):
 garbage-first heap   total 104448K, used 76287K [0x0000000080000000, 0x0000000100000000)
  region size 1024K, 23 young (23552K), 3 survivors (3072K)
 Metaspace       used 64557K, committed 65088K, reserved 1105920K
  class space    used 8524K, committed 8768K, reserved 1048576K
}
Event: 10.848 GC heap after
{Heap after GC invocations=33 (full 0):
 garbage-first heap   total 104448K, used 50869K [0x0000000080000000, 0x0000000100000000)
  region size 1024K, 2 young (2048K), 2 survivors (2048K)
 Metaspace       used 64557K, committed 65088K, reserved 1105920K
  class space    used 8524K, committed 8768K, reserved 1048576K
}
Event: 11.175 GC heap before
{Heap before GC invocations=33 (full 0):
 garbage-first heap   total 104448K, used 74421K [0x0000000080000000, 0x0000000100000000)
  region size 1024K, 25 young (25600K), 2 survivors (2048K)
 Metaspace       used 66423K, committed 66944K, reserved 1114112K
  class space    used 8759K, committed 8960K, reserved 1048576K
}
Event: 11.179 GC heap after
{Heap after GC invocations=34 (full 0):
 garbage-first heap   total 104448K, used 52838K [0x0000000080000000, 0x0000000100000000)
  region size 1024K, 4 young (4096K), 4 survivors (4096K)
 Metaspace       used 66423K, committed 66944K, reserved 1114112K
  class space    used 8759K, committed 8960K, reserved 1048576K
}
Event: 11.515 GC heap before
{Heap before GC invocations=35 (full 0):
 garbage-first heap   total 104448K, used 76390K [0x0000000080000000, 0x0000000100000000)
  region size 1024K, 27 young (27648K), 4 survivors (4096K)
 Metaspace       used 67576K, committed 68160K, reserved 1114112K
  class space    used 8920K, committed 9152K, reserved 1048576K
}
Event: 11.521 GC heap after
{Heap after GC invocations=36 (full 0):
 garbage-first heap   total 104448K, used 54414K [0x0000000080000000, 0x0000000100000000)
  region size 1024K, 4 young (4096K), 4 survivors (4096K)
 Metaspace       used 67576K, committed 68160K, reserved 1114112K
  class space    used 8920K, committed 9152K, reserved 1048576K
}
Event: 11.530 GC heap before
{Heap before GC invocations=36 (full 0):
 garbage-first heap   total 104448K, used 55438K [0x0000000080000000, 0x0000000100000000)
  region size 1024K, 5 young (5120K), 4 survivors (4096K)
 Metaspace       used 67576K, committed 68160K, reserved 1114112K
  class space    used 8920K, committed 9152K, reserved 1048576K
}
Event: 11.535 GC heap after
{Heap after GC invocations=37 (full 0):
 garbage-first heap   total 104448K, used 53921K [0x0000000080000000, 0x0000000100000000)
  region size 1024K, 1 young (1024K), 1 survivors (1024K)
 Metaspace       used 67576K, committed 68160K, reserved 1114112K
  class space    used 8920K, committed 9152K, reserved 1048576K
}
Event: 11.802 GC heap before
{Heap before GC invocations=37 (full 0):
 garbage-first heap   total 104448K, used 78497K [0x0000000080000000, 0x0000000100000000)
  region size 1024K, 25 young (25600K), 1 survivors (1024K)
 Metaspace       used 68245K, committed 68736K, reserved 1114112K
  class space    used 9005K, committed 9216K, reserved 1048576K
}

Dll operation events (2 events):
Event: 0.018 Loaded shared library C:\Program Files\Android\Android Studio\jbr\bin\java.dll
Event: 0.640 Loaded shared library C:\Program Files\Android\Android Studio\jbr\bin\verify.dll

Deoptimization events (20 events):
Event: 11.464 Thread 0x000001168f03b090 Uncommon trap: trap_request=0xffffffdc fr.pc=0x0000011687b8db18 relative=0x0000000000000278
Event: 11.464 Thread 0x000001168f03b090 Uncommon trap: reason=class_check action=make_not_entrant pc=0x0000011687b8db18 method=java.util.ArrayList.toArray([Ljava/lang/Object;)[Ljava/lang/Object; @ 21 c2
Event: 11.464 Thread 0x000001168f03b090 DEOPT PACKING pc=0x0000011687b8db18 sp=0x00000002a2bf7980
Event: 11.464 Thread 0x000001168f03b090 DEOPT UNPACKING pc=0x00000116875869a3 sp=0x00000002a2bf7940 mode 2
Event: 11.573 Thread 0x000001168f03b090 Uncommon trap: trap_request=0xfffffff4 fr.pc=0x0000011687b8cec4 relative=0x00000000000009a4
Event: 11.573 Thread 0x000001168f03b090 Uncommon trap: reason=null_check action=make_not_entrant pc=0x0000011687b8cec4 method=com.sun.beans.introspect.MethodInfo$MethodOrder.compare(Ljava/lang/reflect/Method;Ljava/lang/reflect/Method;)I @ 133 c2
Event: 11.573 Thread 0x000001168f03b090 DEOPT PACKING pc=0x0000011687b8cec4 sp=0x00000002a2bf4b60
Event: 11.573 Thread 0x000001168f03b090 DEOPT UNPACKING pc=0x00000116875869a3 sp=0x00000002a2bf4a90 mode 2
Event: 11.573 Thread 0x000001168f03b090 Uncommon trap: trap_request=0xfffffff4 fr.pc=0x0000011687b8ad68 relative=0x0000000000000968
Event: 11.573 Thread 0x000001168f03b090 Uncommon trap: reason=null_check action=make_not_entrant pc=0x0000011687b8ad68 method=com.sun.beans.introspect.MethodInfo$MethodOrder.compare(Ljava/lang/reflect/Method;Ljava/lang/reflect/Method;)I @ 133 c2
Event: 11.573 Thread 0x000001168f03b090 DEOPT PACKING pc=0x0000011687b8ad68 sp=0x00000002a2bf4ae0
Event: 11.573 Thread 0x000001168f03b090 DEOPT UNPACKING pc=0x00000116875869a3 sp=0x00000002a2bf4a98 mode 2
Event: 11.620 Thread 0x000001168f03b090 Uncommon trap: trap_request=0xffffffde fr.pc=0x0000011687c42874 relative=0x00000000000017f4
Event: 11.620 Thread 0x000001168f03b090 Uncommon trap: reason=class_check action=maybe_recompile pc=0x0000011687c42874 method=java.util.WeakHashMap.matchesKey(Ljava/util/WeakHashMap$Entry;Ljava/lang/Object;)Z @ 21 c2
Event: 11.620 Thread 0x000001168f03b090 DEOPT PACKING pc=0x0000011687c42874 sp=0x00000002a2bf4bd0
Event: 11.620 Thread 0x000001168f03b090 DEOPT UNPACKING pc=0x00000116875869a3 sp=0x00000002a2bf4b50 mode 2
Event: 11.704 Thread 0x000001168f03b090 Uncommon trap: trap_request=0xffffff45 fr.pc=0x0000011687d6fba4 relative=0x00000000000001e4
Event: 11.704 Thread 0x000001168f03b090 Uncommon trap: reason=unstable_if action=reinterpret pc=0x0000011687d6fba4 method=java.lang.ThreadLocal$ThreadLocalMap.getEntryAfterMiss(Ljava/lang/ThreadLocal;ILjava/lang/ThreadLocal$ThreadLocalMap$Entry;)Ljava/lang/ThreadLocal$ThreadLocalMap$Entry; @ 30
Event: 11.704 Thread 0x000001168f03b090 DEOPT PACKING pc=0x0000011687d6fba4 sp=0x00000002a2bf7020
Event: 11.704 Thread 0x000001168f03b090 DEOPT UNPACKING pc=0x00000116875869a3 sp=0x00000002a2bf6ea8 mode 2

Classes unloaded (0 events):
No events

Classes redefined (0 events):
No events

Internal exceptions (20 events):
Event: 11.662 Thread 0x000001168f03b090 Exception <a 'java/lang/ClassNotFoundException'{0x000000008558d640}: com/android/builder/core/AbstractBuildTypeCustomizer> (0x000000008558d640) 
thrown [s\src\hotspot\share\classfile\systemDictionary.cpp, line 256]
Event: 11.663 Thread 0x000001168f03b090 Exception <a 'java/lang/ClassNotFoundException'{0x00000000855b8548}: com/android/build/gradle/internal/dsl/BuildTypeCustomizer> (0x00000000855b8548) 
thrown [s\src\hotspot\share\classfile\systemDictionary.cpp, line 256]
Event: 11.666 Thread 0x000001168f03b090 Exception <a 'java/lang/ClassNotFoundException'{0x0000000085442058}: com/android/build/gradle/internal/dsl/BuildType$AgpDecoratedCustomizer> (0x0000000085442058) 
thrown [s\src\hotspot\share\classfile\systemDictionary.cpp, line 256]
Event: 11.668 Thread 0x000001168f03b090 Exception <a 'java/lang/ClassNotFoundException'{0x00000000854959b8}: com/android/build/gradle/internal/dsl/BuildType$AgpDecorated_DecoratedCustomizer> (0x00000000854959b8) 
thrown [s\src\hotspot\share\classfile\systemDictionary.cpp, line 256]
Event: 11.674 Thread 0x000001168f03b090 Exception <a 'java/lang/ClassNotFoundException'{0x00000000853732d8}: build_jaaehcj39n7jkag8pfhn2ec7$_run_closure1$_closure4BeanInfo> (0x00000000853732d8) 
thrown [s\src\hotspot\share\classfile\systemDictionary.cpp, line 256]
Event: 11.675 Thread 0x000001168f03b090 Exception <a 'java/lang/ClassNotFoundException'{0x000000008537e2b8}: build_jaaehcj39n7jkag8pfhn2ec7$_run_closure1$_closure4Customizer> (0x000000008537e2b8) 
thrown [s\src\hotspot\share\classfile\systemDictionary.cpp, line 256]
Event: 11.678 Thread 0x000001168f03b090 Exception <a 'java/lang/ClassNotFoundException'{0x00000000853a5120}: build_jaaehcj39n7jkag8pfhn2ec7$_run_closure1BeanInfo> (0x00000000853a5120) 
thrown [s\src\hotspot\share\classfile\systemDictionary.cpp, line 256]
Event: 11.678 Thread 0x000001168f03b090 Exception <a 'java/lang/ClassNotFoundException'{0x00000000853b04d8}: build_jaaehcj39n7jkag8pfhn2ec7$_run_closure1Customizer> (0x00000000853b04d8) 
thrown [s\src\hotspot\share\classfile\systemDictionary.cpp, line 256]
Event: 11.683 Thread 0x000001168f03b090 Exception <a 'java/lang/ClassNotFoundException'{0x00000000853ed178}: org/gradle/api/JavaVersionBeanInfo> (0x00000000853ed178) 
thrown [s\src\hotspot\share\classfile\systemDictionary.cpp, line 256]
Event: 11.684 Thread 0x000001168f03b090 Exception <a 'java/lang/ClassNotFoundException'{0x0000000085203b60}: org/gradle/api/JavaVersionCustomizer> (0x0000000085203b60) 
thrown [s\src\hotspot\share\classfile\systemDictionary.cpp, line 256]
Event: 11.687 Thread 0x000001168f03b090 Exception <a 'java/lang/ClassNotFoundException'{0x0000000085253860}: com/android/build/gradle/internal/CompileOptions$AgpDecorated_DecoratedBeanInfo> (0x0000000085253860) 
thrown [s\src\hotspot\share\classfile\systemDictionary.cpp, line 256]
Event: 11.688 Thread 0x000001168f03b090 Exception <a 'java/lang/ClassNotFoundException'{0x0000000085260ec0}: com/android/build/gradle/internal/CompileOptions$AgpDecoratedBeanInfo> (0x0000000085260ec0) 
thrown [s\src\hotspot\share\classfile\systemDictionary.cpp, line 256]
Event: 11.688 Thread 0x000001168f03b090 Exception <a 'java/lang/ClassNotFoundException'{0x000000008526e328}: com/android/build/gradle/internal/CompileOptionsBeanInfo> (0x000000008526e328) 
thrown [s\src\hotspot\share\classfile\systemDictionary.cpp, line 256]
Event: 11.689 Thread 0x000001168f03b090 Exception <a 'java/lang/ClassNotFoundException'{0x000000008527ba60}: com/android/build/gradle/internal/CompileOptionsCustomizer> (0x000000008527ba60) 
thrown [s\src\hotspot\share\classfile\systemDictionary.cpp, line 256]
Event: 11.690 Thread 0x000001168f03b090 Exception <a 'java/lang/ClassNotFoundException'{0x0000000085295718}: com/android/build/gradle/internal/CompileOptions$AgpDecoratedCustomizer> (0x0000000085295718) 
thrown [s\src\hotspot\share\classfile\systemDictionary.cpp, line 256]
Event: 11.691 Thread 0x000001168f03b090 Exception <a 'java/lang/ClassNotFoundException'{0x00000000852b2190}: com/android/build/gradle/internal/CompileOptions$AgpDecorated_DecoratedCustomizer> (0x00000000852b2190) 
thrown [s\src\hotspot\share\classfile\systemDictionary.cpp, line 256]
Event: 11.698 Thread 0x000001168f03b090 Exception <a 'java/lang/ClassNotFoundException'{0x000000008512fe20}: org/gradle/api/internal/artifacts/dsl/dependencies/DefaultDependencyHandler_DecoratedBeanInfo> (0x000000008512fe20) 
thrown [s\src\hotspot\share\classfile\systemDictionary.cpp, line 256]
Event: 11.699 Thread 0x000001168f03b090 Exception <a 'java/lang/ClassNotFoundException'{0x0000000085149da8}: org/gradle/api/internal/artifacts/dsl/dependencies/DefaultDependencyHandlerBeanInfo> (0x0000000085149da8) 
thrown [s\src\hotspot\share\classfile\systemDictionary.cpp, line 256]
Event: 11.700 Thread 0x000001168f03b090 Exception <a 'java/lang/ClassNotFoundException'{0x0000000085163cf0}: org/gradle/api/internal/artifacts/dsl/dependencies/DefaultDependencyHandlerCustomizer> (0x0000000085163cf0) 
thrown [s\src\hotspot\share\classfile\systemDictionary.cpp, line 256]
Event: 11.703 Thread 0x000001168f03b090 Exception <a 'java/lang/ClassNotFoundException'{0x00000000851a54a8}: org/gradle/api/internal/artifacts/dsl/dependencies/DefaultDependencyHandler_DecoratedCustomizer> (0x00000000851a54a8) 
thrown [s\src\hotspot\share\classfile\systemDictionary.cpp, line 256]

VM Operations (20 events):
Event: 10.428 Executing VM operation: G1TryInitiateConcMark done
Event: 10.474 Executing VM operation: G1Concurrent
Event: 10.478 Executing VM operation: G1Concurrent done
Event: 10.496 Executing VM operation: G1Concurrent
Event: 10.496 Executing VM operation: G1Concurrent done
Event: 10.844 Executing VM operation: G1CollectForAllocation
Event: 10.848 Executing VM operation: G1CollectForAllocation done
Event: 11.174 Executing VM operation: G1CollectForAllocation
Event: 11.179 Executing VM operation: G1CollectForAllocation done
Event: 11.223 Executing VM operation: G1Concurrent
Event: 11.228 Executing VM operation: G1Concurrent done
Event: 11.243 Executing VM operation: G1Concurrent
Event: 11.244 Executing VM operation: G1Concurrent done
Event: 11.515 Executing VM operation: G1CollectForAllocation
Event: 11.521 Executing VM operation: G1CollectForAllocation done
Event: 11.530 Executing VM operation: G1CollectForAllocation
Event: 11.535 Executing VM operation: G1CollectForAllocation done
Event: 11.733 Executing VM operation: HandshakeAllThreads
Event: 11.733 Executing VM operation: HandshakeAllThreads done
Event: 11.802 Executing VM operation: G1CollectForAllocation

Events (20 events):
Event: 11.089 loading class javax/management/MBeanRegistrationException
Event: 11.089 loading class javax/management/MBeanRegistrationException done
Event: 11.089 loading class javax/management/NotCompliantMBeanException
Event: 11.089 loading class javax/management/NotCompliantMBeanException done
Event: 11.092 loading class com/sun/jmx/mbeanserver/StandardMBeanSupport
Event: 11.093 loading class com/sun/jmx/mbeanserver/StandardMBeanSupport done
Event: 11.093 loading class com/sun/jmx/mbeanserver/StandardMBeanIntrospector
Event: 11.093 loading class com/sun/jmx/mbeanserver/StandardMBeanIntrospector done
Event: 11.140 loading class javax/xml/stream/XMLStreamException
Event: 11.140 loading class javax/xml/stream/XMLStreamException done
Event: 11.161 loading class sun/reflect/annotation/AnnotationInvocationHandler$1
Event: 11.161 loading class sun/reflect/annotation/AnnotationInvocationHandler$1 done
Event: 11.247 loading class sun/reflect/generics/repository/FieldRepository
Event: 11.247 loading class sun/reflect/generics/repository/FieldRepository done
Event: 11.257 loading class jdk/internal/vm/annotation/ForceInline
Event: 11.257 loading class jdk/internal/vm/annotation/ForceInline done
Event: 11.329 loading class java/util/regex/Pattern$Caret
Event: 11.330 loading class java/util/regex/Pattern$Caret done
Event: 11.581 loading class java/beans/IntrospectionException
Event: 11.581 loading class java/beans/IntrospectionException done


Dynamic libraries:
0x00007ff7afbb0000 - 0x00007ff7afbba000 	C:\Program Files\Android\Android Studio\jbr\bin\java.exe
0x00007ffa636d0000 - 0x00007ffa638c8000 	C:\WINDOWS\SYSTEM32\ntdll.dll
0x00007ffa62a90000 - 0x00007ffa62b4f000 	C:\WINDOWS\System32\KERNEL32.DLL
0x00007ffa61340000 - 0x00007ffa61612000 	C:\WINDOWS\System32\KERNELBASE.dll
0x00007ffa61160000 - 0x00007ffa61260000 	C:\WINDOWS\System32\ucrtbase.dll
0x00007ffa31cd0000 - 0x00007ffa31ceb000 	C:\Program Files\Android\Android Studio\jbr\bin\VCRUNTIME140.dll
0x00007ffa44b40000 - 0x00007ffa44b57000 	C:\Program Files\Android\Android Studio\jbr\bin\jli.dll
0x00007ffa62b70000 - 0x00007ffa62d11000 	C:\WINDOWS\System32\USER32.dll
0x00007ffa60f30000 - 0x00007ffa60f52000 	C:\WINDOWS\System32\win32u.dll
0x00007ffa62280000 - 0x00007ffa622ab000 	C:\WINDOWS\System32\GDI32.dll
0x00007ffa60f60000 - 0x00007ffa6106f000 	C:\WINDOWS\System32\gdi32full.dll
0x00007ffa61070000 - 0x00007ffa6110d000 	C:\WINDOWS\System32\msvcp_win.dll
0x00007ffa49ee0000 - 0x00007ffa4a17a000 	C:\WINDOWS\WinSxS\amd64_microsoft.windows.common-controls_6595b64144ccf1df_6.0.19041.1110_none_60b5254171f9507e\COMCTL32.dll
0x00007ffa62940000 - 0x00007ffa629de000 	C:\WINDOWS\System32\msvcrt.dll
0x00007ffa62900000 - 0x00007ffa62930000 	C:\WINDOWS\System32\IMM32.DLL
0x00007ffa4bd90000 - 0x00007ffa4bd9c000 	C:\Program Files\Android\Android Studio\jbr\bin\vcruntime140_1.dll
0x00007ffa252a0000 - 0x00007ffa2532d000 	C:\Program Files\Android\Android Studio\jbr\bin\msvcp140.dll
0x00007ff9faf40000 - 0x00007ff9fbbad000 	C:\Program Files\Android\Android Studio\jbr\bin\server\jvm.dll
0x00007ffa63350000 - 0x00007ffa633fe000 	C:\WINDOWS\System32\ADVAPI32.dll
0x00007ffa620c0000 - 0x00007ffa6215c000 	C:\WINDOWS\System32\sechost.dll
0x00007ffa61e80000 - 0x00007ffa61fa4000 	C:\WINDOWS\System32\RPCRT4.dll
0x00007ffa56440000 - 0x00007ffa56467000 	C:\WINDOWS\SYSTEM32\WINMM.dll
0x00007ffa3c1c0000 - 0x00007ffa3c1c9000 	C:\WINDOWS\SYSTEM32\WSOCK32.dll
0x00007ffa595c0000 - 0x00007ffa595ca000 	C:\WINDOWS\SYSTEM32\VERSION.dll
0x00007ffa62d20000 - 0x00007ffa62d8b000 	C:\WINDOWS\System32\WS2_32.dll
0x00007ffa5f620000 - 0x00007ffa5f632000 	C:\WINDOWS\SYSTEM32\kernel.appcore.dll
0x00007ffa5c380000 - 0x00007ffa5c38a000 	C:\Program Files\Android\Android Studio\jbr\bin\jimage.dll
0x00007ffa5f400000 - 0x00007ffa5f5e4000 	C:\WINDOWS\SYSTEM32\DBGHELP.DLL
0x00007ffa42640000 - 0x00007ffa42675000 	C:\WINDOWS\SYSTEM32\dbgcore.DLL
0x00007ffa61620000 - 0x00007ffa616a2000 	C:\WINDOWS\System32\bcryptPrimitives.dll
0x00007ffa5c300000 - 0x00007ffa5c325000 	C:\Program Files\Android\Android Studio\jbr\bin\java.dll
0x00007ffa5c2c0000 - 0x00007ffa5c2d8000 	C:\Program Files\Android\Android Studio\jbr\bin\zip.dll
0x00007ffa61730000 - 0x00007ffa61e75000 	C:\WINDOWS\System32\SHELL32.dll
0x00007ffa5eba0000 - 0x00007ffa5f332000 	C:\WINDOWS\SYSTEM32\windows.storage.dll
0x00007ffa625a0000 - 0x00007ffa628f5000 	C:\WINDOWS\System32\combase.dll
0x00007ffa60750000 - 0x00007ffa60780000 	C:\WINDOWS\SYSTEM32\Wldp.dll
0x00007ffa629e0000 - 0x00007ffa62a8d000 	C:\WINDOWS\System32\SHCORE.dll
0x00007ffa62060000 - 0x00007ffa620b5000 	C:\WINDOWS\System32\shlwapi.dll
0x00007ffa60d10000 - 0x00007ffa60d2f000 	C:\WINDOWS\SYSTEM32\profapi.dll
0x00007ffa5b830000 - 0x00007ffa5b849000 	C:\Program Files\Android\Android Studio\jbr\bin\net.dll
0x00007ffa540f0000 - 0x00007ffa541fa000 	C:\WINDOWS\SYSTEM32\WINHTTP.dll
0x00007ffa604b0000 - 0x00007ffa6051a000 	C:\WINDOWS\system32\mswsock.dll
0x00007ffa4c350000 - 0x00007ffa4c366000 	C:\Program Files\Android\Android Studio\jbr\bin\nio.dll
0x00007ffa4c340000 - 0x00007ffa4c350000 	C:\Program Files\Android\Android Studio\jbr\bin\verify.dll
0x00007ffa5c350000 - 0x00007ffa5c377000 	C:\Users\user\.gradle\native\68d5fa5c4cc2d200863cafc0d521ce42e7d3e7ee720ec0a83991735586a16f82\windows-amd64\native-platform.dll
0x00007ffa221e0000 - 0x00007ffa22324000 	C:\Users\user\.gradle\native\e376f236ea51e6404a007f0833ffe2c6e607c4080706a723a18a27aeea778392\windows-amd64\native-platform-file-events.dll
0x00007ffa5c2b0000 - 0x00007ffa5c2b9000 	C:\Program Files\Android\Android Studio\jbr\bin\management.dll
0x00007ffa4cd70000 - 0x00007ffa4cd7b000 	C:\Program Files\Android\Android Studio\jbr\bin\management_ext.dll
0x00007ffa63260000 - 0x00007ffa63268000 	C:\WINDOWS\System32\PSAPI.DLL
0x00007ffa606b0000 - 0x00007ffa606c8000 	C:\WINDOWS\SYSTEM32\CRYPTSP.dll
0x00007ffa5fdd0000 - 0x00007ffa5fe04000 	C:\WINDOWS\system32\rsaenh.dll
0x00007ffa61310000 - 0x00007ffa61337000 	C:\WINDOWS\System32\bcrypt.dll
0x00007ffa60cd0000 - 0x00007ffa60cfe000 	C:\WINDOWS\SYSTEM32\USERENV.dll
0x00007ffa606a0000 - 0x00007ffa606ac000 	C:\WINDOWS\SYSTEM32\CRYPTBASE.dll
0x00007ffa601a0000 - 0x00007ffa601db000 	C:\WINDOWS\SYSTEM32\IPHLPAPI.DLL
0x00007ffa62930000 - 0x00007ffa62938000 	C:\WINDOWS\System32\NSI.dll
0x00007ffa58770000 - 0x00007ffa58787000 	C:\WINDOWS\SYSTEM32\dhcpcsvc6.DLL
0x00007ffa58750000 - 0x00007ffa5876d000 	C:\WINDOWS\SYSTEM32\dhcpcsvc.DLL
0x00007ffa601e0000 - 0x00007ffa602ab000 	C:\WINDOWS\SYSTEM32\DNSAPI.dll
0x00007ffa4c330000 - 0x00007ffa4c337000 	C:\WINDOWS\system32\wshunix.dll

dbghelp: loaded successfully - version: 4.0.5 - missing functions: none
symbol engine: initialized successfully - sym options: 0x614 - pdb path: .;C:\Program Files\Android\Android Studio\jbr\bin;C:\WINDOWS\SYSTEM32;C:\WINDOWS\WinSxS\amd64_microsoft.windows.common-controls_6595b64144ccf1df_6.0.19041.1110_none_60b5254171f9507e;C:\Program Files\Android\Android Studio\jbr\bin\server;C:\Users\user\.gradle\native\68d5fa5c4cc2d200863cafc0d521ce42e7d3e7ee720ec0a83991735586a16f82\windows-amd64;C:\Users\user\.gradle\native\e376f236ea51e6404a007f0833ffe2c6e607c4080706a723a18a27aeea778392\windows-amd64

VM Arguments:
jvm_args: --add-opens=java.base/java.util=ALL-UNNAMED --add-opens=java.base/java.lang=ALL-UNNAMED --add-opens=java.base/java.lang.invoke=ALL-UNNAMED --add-opens=java.prefs/java.util.prefs=ALL-UNNAMED --add-opens=java.base/java.nio.charset=ALL-UNNAMED --add-opens=java.base/java.net=ALL-UNNAMED --add-opens=java.base/java.util.concurrent.atomic=ALL-UNNAMED -Xmx2048m -Dfile.encoding=UTF-8 -Duser.country=KR -Duser.language=ko -Duser.variant 
java_command: org.gradle.launcher.daemon.bootstrap.GradleDaemon 8.0
java_class_path (initial): C:\Users\user\.gradle\wrapper\dists\gradle-8.0-bin\ca5e32bp14vu59qr306oxotwh\gradle-8.0\lib\gradle-launcher-8.0.jar
Launcher Type: SUN_STANDARD

[Global flags]
     intx CICompilerCount                          = 4                                         {product} {ergonomic}
     uint ConcGCThreads                            = 2                                         {product} {ergonomic}
     uint G1ConcRefinementThreads                  = 8                                         {product} {ergonomic}
   size_t G1HeapRegionSize                         = 1048576                                   {product} {ergonomic}
    uintx GCDrainStackTargetSize                   = 64                                        {product} {ergonomic}
   size_t InitialHeapSize                          = 234881024                                 {product} {ergonomic}
   size_t MarkStackSize                            = 4194304                                   {product} {ergonomic}
   size_t MaxHeapSize                              = 2147483648                                {product} {command line}
   size_t MaxNewSize                               = 1287651328                                {product} {ergonomic}
   size_t MinHeapDeltaBytes                        = 1048576                                   {product} {ergonomic}
   size_t MinHeapSize                              = 8388608                                   {product} {ergonomic}
    uintx NonNMethodCodeHeapSize                   = 5839372                                {pd product} {ergonomic}
    uintx NonProfiledCodeHeapSize                  = 122909434                              {pd product} {ergonomic}
    uintx ProfiledCodeHeapSize                     = 122909434                              {pd product} {ergonomic}
    uintx ReservedCodeCacheSize                    = 251658240                              {pd product} {ergonomic}
     bool SegmentedCodeCache                       = true                                      {product} {ergonomic}
   size_t SoftMaxHeapSize                          = 2147483648                             {manageable} {ergonomic}
     bool UseCompressedClassPointers               = true                           {product lp64_product} {ergonomic}
     bool UseCompressedOops                        = true                           {product lp64_product} {ergonomic}
     bool UseG1GC                                  = true                                      {product} {ergonomic}
     bool UseLargePagesIndividualAllocation        = false                                  {pd product} {ergonomic}

Logging:
Log output configuration:
 #0: stdout all=warning uptime,level,tags
 #1: stderr all=off uptime,level,tags

Environment Variables:
JAVA_HOME=C:\Users\user\Desktop\jsp\bin
CLASSPATH=%java_home%\lib\tools.jar
PATH=C:\oracle_setup\bin;C:\Oracle\bin;C:\Program Files\Common Files\Oracle\Java\javapath;C:\Program Files (x86)\Common Files\Oracle\Java\javapath;C:\Users\python\Scripts\;C:\Users\python\;C:\Program Files\Python39\Scripts\;C:\Program Files\Python39\;C:\Program Files\Python38\Scripts\;C:\Program Files\Python38\;C:\WINDOWS\system32;C:\WINDOWS;C:\WINDOWS\System32\Wbem;C:\WINDOWS\System32\WindowsPowerShell\v1.0\;C:\WINDOWS\System32\OpenSSH\;C:\Users\user\.dnx\bin;C:\Program Files\Microsoft DNX\Dnvm\;C:\Program Files\Microsoft SQL Server\130\Tools\Binn\;C:\Program Files\dotnet\;%java_home%bin;C:\Users\user\anaconda3;C:\Users\user\anaconda3\Library\mingw-w64\bin;C:\Users\user\anaconda3\Library\usr\bin;C:\Users\user\anaconda3\Library\bin;C:\Users\user\anaconda3\Scripts;C:\Users\user\AppData\Local\Microsoft\WindowsApps;C:\Apache24\bin;C:\Users\pycharm\PyCharm Community Edition 2020.2.3\bin;;C:\Users\user\.dotnet\tools;C:\Program Files\CMake\bin
USERNAME=user
OS=Windows_NT
PROCESSOR_IDENTIFIER=AMD64 Family 23 Model 24 Stepping 1, AuthenticAMD
TMP=C:\Users\user\AppData\Local\Temp
TEMP=C:\Users\user\AppData\Local\Temp



---------------  S Y S T E M  ---------------

OS:
 Windows 10 , 64 bit Build 19041 (10.0.19041.2546)
OS uptime: 0 days 0:56 hours

CPU: total 8 (initial active 8) (8 cores per cpu, 2 threads per core) family 23 model 24 stepping 1 microcode 0x0, cx8, cmov, fxsr, ht, mmx, 3dnowpref, sse, sse2, sse3, ssse3, sse4a, sse4.1, sse4.2, popcnt, lzcnt, tsc, tscinvbit, avx, avx2, aes, clmul, bmi1, bmi2, adx, sha, fma, vzeroupper, clflush, clflushopt

Memory: 4k page, system-wide physical 14269M (4740M free)
TotalPageFile size 15924M (AvailPageFile size 34M)
current process WorkingSet (physical memory assigned to process): 315M, peak: 320M
current process commit charge ("private bytes"): 352M, peak: 431M

vm_info: OpenJDK 64-Bit Server VM (17.0.6+0-b2043.56-9586694) for windows-amd64 JRE (17.0.6+0-b2043.56-9586694), built on Feb  9 2023 20:06:20 by "androidbuild" with MS VC++ 16.10 / 16.11 (VS2019)

END.
