#
# There is insufficient memory for the Java Runtime Environment to continue.
# Native memory allocation (malloc) failed to allocate 761744 bytes for Chunk::new
# Possible reasons:
#   The system is out of physical RAM or swap space
#   The process is running with CompressedOops enabled, and the Java Heap may be blocking the growth of the native heap
# Possible solutions:
#   Reduce memory load on the system
#   Increase physical memory or swap space
#   Check if swap backing store is full
#   Decrease Java heap size (-Xmx/-Xms)
#   Decrease number of Java threads
#   Decrease Java thread stack sizes (-Xss)
#   Set larger code cache with -XX:ReservedCodeCacheSize=
#   JVM is running with Unscaled Compressed Oops mode in which the Java heap is
#     placed in the first 4GB address space. The Java Heap base address is the
#     maximum limit for the native heap growth. Please use -XX:HeapBaseMinAddress
#     to set the Java Heap base and to place the Java Heap above 4GB virtual address.
# This output file may be truncated or incomplete.
#
#  Out of Memory Error (arena.cpp:189), pid=5196, tid=2232
#
# JRE version: OpenJDK Runtime Environment (17.0.6) (build 17.0.6+0-b2043.56-9586694)
# Java VM: OpenJDK 64-Bit Server VM (17.0.6+0-b2043.56-9586694, mixed mode, tiered, compressed oops, compressed class ptrs, g1 gc, windows-amd64)
# No core dump will be written. Minidumps are not enabled by default on client versions of Windows
#

---------------  S U M M A R Y ------------

Command Line: --add-opens=java.base/java.util=ALL-UNNAMED --add-opens=java.base/java.lang=ALL-UNNAMED --add-opens=java.base/java.lang.invoke=ALL-UNNAMED --add-opens=java.prefs/java.util.prefs=ALL-UNNAMED --add-opens=java.base/java.nio.charset=ALL-UNNAMED --add-opens=java.base/java.net=ALL-UNNAMED --add-opens=java.base/java.util.concurrent.atomic=ALL-UNNAMED -Xmx2048m -Dfile.encoding=UTF-8 -Duser.country=KR -Duser.language=ko -Duser.variant org.gradle.launcher.daemon.bootstrap.GradleDaemon 8.0

Host: AMD Ryzen 7 3700U with Radeon Vega Mobile Gfx  , 8 cores, 13G,  Windows 10 , 64 bit Build 19041 (10.0.19041.2788)
Time: Thu Apr 20 20:22:02 2023  Windows 10 , 64 bit Build 19041 (10.0.19041.2788) elapsed time: 17.746216 seconds (0d 0h 0m 17s)

---------------  T H R E A D  ---------------

Current thread (0x0000021b6709af80):  JavaThread "C2 CompilerThread0" daemon [_thread_in_native, id=2232, stack(0x0000008f4cb00000,0x0000008f4cc00000)]


Current CompileTask:
C2:  17746 10589       4       java.util.regex.Pattern::split (288 bytes)

Stack: [0x0000008f4cb00000,0x0000008f4cc00000]
Native frames: (J=compiled Java code, j=interpreted, Vv=VM code, C=native code)
V  [jvm.dll+0x683b4a]
V  [jvm.dll+0x842654]
V  [jvm.dll+0x843dfe]
V  [jvm.dll+0x844463]
V  [jvm.dll+0x249b75]
V  [jvm.dll+0xabcac]
V  [jvm.dll+0xac27c]
V  [jvm.dll+0x368857]
V  [jvm.dll+0x332f31]
V  [jvm.dll+0x3323da]
V  [jvm.dll+0x21c201]
V  [jvm.dll+0x21b621]
V  [jvm.dll+0x1a4fdd]
V  [jvm.dll+0x22b098]
V  [jvm.dll+0x229159]
V  [jvm.dll+0x7f809c]
V  [jvm.dll+0x7f25fa]
V  [jvm.dll+0x682985]
C  [ucrtbase.dll+0x21bb2]
C  [KERNEL32.DLL+0x17604]
C  [ntdll.dll+0x526a1]


---------------  P R O C E S S  ---------------

Threads class SMR info:
_java_thread_list=0x0000021b699f9f20, length=135, elements={
0x0000021b4c76ab90, 0x0000021b665eb5b0, 0x0000021b665ec330, 0x0000021b67032440,
0x0000021b67032f00, 0x0000021b6706bbc0, 0x0000021b67070120, 0x0000021b6709af80,
0x0000021b6709e880, 0x0000021b670b1950, 0x0000021b672003f0, 0x0000021b67205cf0,
0x0000021b6a158680, 0x0000021b69b80af0, 0x0000021b674e3df0, 0x0000021b6a4b2fd0,
0x0000021b69fdab40, 0x0000021b68a02240, 0x0000021b6a83cef0, 0x0000021b69afb2d0,
0x0000021b683ffa00, 0x0000021b683fd850, 0x0000021b683fc040, 0x0000021b683ff530,
0x0000021b683fd380, 0x0000021b683fc510, 0x0000021b683fe1f0, 0x0000021b683fe6c0,
0x0000021b69f878a0, 0x0000021b69f88be0, 0x0000021b69f84880, 0x0000021b69f856f0,
0x0000021b69f890b0, 0x0000021b69f86090, 0x0000021b69f87d70, 0x0000021b69f873d0,
0x0000021b69f85220, 0x0000021b69f8a3f0, 0x0000021b69f83540, 0x0000021b69f88240,
0x0000021b69f843b0, 0x0000021b69f88710, 0x0000021b69f84d50, 0x0000021b69f85bc0,
0x0000021b6895e3d0, 0x0000021b689600b0, 0x0000021b6895f710, 0x0000021b6895a540,
0x0000021b6895a070, 0x0000021b6895e8a0, 0x0000021b68960a50, 0x0000021b68960580,
0x0000021b6895d090, 0x0000021b6895ed70, 0x0000021b6895aa10, 0x0000021b6895f240,
0x0000021b68959200, 0x0000021b689596d0, 0x0000021b6895fbe0, 0x0000021b6895aee0,
0x0000021b68959ba0, 0x0000021b6895b3b0, 0x0000021b6895b880, 0x0000021b6895bd50,
0x0000021b6895c220, 0x0000021b6895c6f0, 0x0000021b6895cbc0, 0x0000021b6895d560,
0x0000021b6895da30, 0x0000021b6895df00, 0x0000021b6adfe3f0, 0x0000021b6adfa560,
0x0000021b6ae00a70, 0x0000021b6ae000d0, 0x0000021b6adfc240, 0x0000021b6ae01db0,
0x0000021b6adfed90, 0x0000021b6adff260, 0x0000021b6adff730, 0x0000021b6adfaa30,
0x0000021b6ae005a0, 0x0000021b6ae00f40, 0x0000021b6adfe8c0, 0x0000021b6adfdf20,
0x0000021b6ae01410, 0x0000021b6adfc710, 0x0000021b6adfaf00, 0x0000021b6adffc00,
0x0000021b6ae018e0, 0x0000021b6adfb3d0, 0x0000021b6adfb8a0, 0x0000021b6adfbd70,
0x0000021b6adfcbe0, 0x0000021b6adfd0b0, 0x0000021b6adfda50, 0x0000021b6adfd580,
0x0000021b694426d0, 0x0000021b694409f0, 0x0000021b69442200, 0x0000021b69444880,
0x0000021b69441390, 0x0000021b694456f0, 0x0000021b69443a10, 0x0000021b69446560,
0x0000021b69440ec0, 0x0000021b69443ee0, 0x0000021b69446a30, 0x0000021b69443070,
0x0000021b694473d0, 0x0000021b69444d50, 0x0000021b69445220, 0x0000021b69441860,
0x0000021b69443540, 0x0000021b694443b0, 0x0000021b69445bc0, 0x0000021b69446090,
0x0000021b69446f00, 0x0000021b69440520, 0x0000021b694478a0, 0x0000021b69440050,
0x0000021b69441d30, 0x0000021b69442ba0, 0x0000021b6a7f2500, 0x0000021b6a7f6390,
0x0000021b6a7f6d30, 0x0000021b6a7f8070, 0x0000021b6a7f2ea0, 0x0000021b6a7f0820,
0x0000021b6a7f3840, 0x0000021b6a7f76d0, 0x0000021b6a7f0cf0, 0x0000021b6a7f41e0,
0x0000021b6a7f1b60, 0x0000021b6a7f3d10, 0x0000021b6a9114f0
}

Java Threads: ( => current thread )
  0x0000021b4c76ab90 JavaThread "main" [_thread_blocked, id=7832, stack(0x0000008f4be00000,0x0000008f4bf00000)]
  0x0000021b665eb5b0 JavaThread "Reference Handler" daemon [_thread_blocked, id=5992, stack(0x0000008f4c500000,0x0000008f4c600000)]
  0x0000021b665ec330 JavaThread "Finalizer" daemon [_thread_blocked, id=5660, stack(0x0000008f4c600000,0x0000008f4c700000)]
  0x0000021b67032440 JavaThread "Signal Dispatcher" daemon [_thread_blocked, id=9412, stack(0x0000008f4c700000,0x0000008f4c800000)]
  0x0000021b67032f00 JavaThread "Attach Listener" daemon [_thread_blocked, id=9680, stack(0x0000008f4c800000,0x0000008f4c900000)]
  0x0000021b6706bbc0 JavaThread "Service Thread" daemon [_thread_blocked, id=5900, stack(0x0000008f4c900000,0x0000008f4ca00000)]
  0x0000021b67070120 JavaThread "Monitor Deflation Thread" daemon [_thread_blocked, id=3248, stack(0x0000008f4ca00000,0x0000008f4cb00000)]
=>0x0000021b6709af80 JavaThread "C2 CompilerThread0" daemon [_thread_in_native, id=2232, stack(0x0000008f4cb00000,0x0000008f4cc00000)]
  0x0000021b6709e880 JavaThread "C1 CompilerThread0" daemon [_thread_in_native, id=13496, stack(0x0000008f4cc00000,0x0000008f4cd00000)]
  0x0000021b670b1950 JavaThread "Sweeper thread" daemon [_thread_blocked, id=7576, stack(0x0000008f4cd00000,0x0000008f4ce00000)]
  0x0000021b672003f0 JavaThread "Common-Cleaner" daemon [_thread_blocked, id=8968, stack(0x0000008f4ce00000,0x0000008f4cf00000)]
  0x0000021b67205cf0 JavaThread "Notification Thread" daemon [_thread_blocked, id=5884, stack(0x0000008f4cf00000,0x0000008f4d000000)]
  0x0000021b6a158680 JavaThread "Daemon health stats" [_thread_blocked, id=2568, stack(0x0000008f4d700000,0x0000008f4d800000)]
  0x0000021b69b80af0 JavaThread "Incoming local TCP Connector on port 50280" [_thread_in_native, id=3464, stack(0x0000008f4d100000,0x0000008f4d200000)]
  0x0000021b674e3df0 JavaThread "Daemon periodic checks" [_thread_blocked, id=17156, stack(0x0000008f4d200000,0x0000008f4d300000)]
  0x0000021b6a4b2fd0 JavaThread "Daemon" [_thread_blocked, id=6068, stack(0x0000008f4da00000,0x0000008f4db00000)]
  0x0000021b69fdab40 JavaThread "Handler for socket connection from /127.0.0.1:50280 to /127.0.0.1:50281" [_thread_in_native, id=3316, stack(0x0000008f4db00000,0x0000008f4dc00000)]
  0x0000021b68a02240 JavaThread "Cancel handler" [_thread_blocked, id=10624, stack(0x0000008f4dc00000,0x0000008f4dd00000)]
  0x0000021b6a83cef0 JavaThread "Daemon worker" [_thread_blocked, id=14624, stack(0x0000008f4dd00000,0x0000008f4de00000)]
  0x0000021b69afb2d0 JavaThread "Asynchronous log dispatcher for DefaultDaemonConnection: socket connection from /127.0.0.1:50280 to /127.0.0.1:50281" [_thread_blocked, id=2420, stack(0x0000008f4de00000,0x0000008f4df00000)]
  0x0000021b683ffa00 JavaThread "Stdin handler" [_thread_blocked, id=4568, stack(0x0000008f4df00000,0x0000008f4e000000)]
  0x0000021b683fd850 JavaThread "Daemon client event forwarder" [_thread_blocked, id=10628, stack(0x0000008f4e000000,0x0000008f4e100000)]
  0x0000021b683fc040 JavaThread "Cache worker for journal cache (C:\Users\user\.gradle\caches\journal-1)" [_thread_blocked, id=10644, stack(0x0000008f4e500000,0x0000008f4e600000)]
  0x0000021b683ff530 JavaThread "File lock request listener" [_thread_in_native, id=5096, stack(0x0000008f4e600000,0x0000008f4e700000)]
  0x0000021b683fd380 JavaThread "Cache worker for file hash cache (C:\Users\user\.gradle\caches\8.0\fileHashes)" [_thread_blocked, id=7544, stack(0x0000008f4d900000,0x0000008f4da00000)]
  0x0000021b683fc510 JavaThread "File watcher server" daemon [_thread_in_native, id=8424, stack(0x0000008f4e800000,0x0000008f4e900000)]
  0x0000021b683fe1f0 JavaThread "File watcher consumer" daemon [_thread_blocked, id=7888, stack(0x0000008f4e900000,0x0000008f4ea00000)]
  0x0000021b683fe6c0 JavaThread "Cache worker for checksums cache (C:\Users\user\AndroidStudioProjects\anyang_setup\.gradle\8.0\checksums)" [_thread_blocked, id=16312, stack(0x0000008f4e700000,0x0000008f4e800000)]
  0x0000021b69f878a0 JavaThread "Cache worker for cache directory md-rule (C:\Users\user\.gradle\caches\8.0\md-rule)" [_thread_blocked, id=15544, stack(0x0000008f4ea00000,0x0000008f4eb00000)]
  0x0000021b69f88be0 JavaThread "Cache worker for file content cache (C:\Users\user\.gradle\caches\8.0\fileContent)" [_thread_blocked, id=1712, stack(0x0000008f4eb00000,0x0000008f4ec00000)]
  0x0000021b69f84880 JavaThread "Cache worker for file hash cache (C:\Users\user\AndroidStudioProjects\anyang_setup\.gradle\8.0\fileHashes)" [_thread_blocked, id=16712, stack(0x0000008f4ec00000,0x0000008f4ed00000)]
  0x0000021b69f856f0 JavaThread "Cache worker for cache directory md-supplier (C:\Users\user\.gradle\caches\8.0\md-supplier)" [_thread_blocked, id=980, stack(0x0000008f4ed00000,0x0000008f4ee00000)]
  0x0000021b69f890b0 JavaThread "Cache worker for execution history cache (C:\Users\user\.gradle\caches\8.0\executionHistory)" [_thread_blocked, id=1444, stack(0x0000008f4ee00000,0x0000008f4ef00000)]
  0x0000021b69f86090 JavaThread "jar transforms" [_thread_blocked, id=9284, stack(0x0000008f4ef00000,0x0000008f4f000000)]
  0x0000021b69f87d70 JavaThread "jar transforms Thread 2" [_thread_blocked, id=15396, stack(0x0000008f4f000000,0x0000008f4f100000)]
  0x0000021b69f873d0 JavaThread "jar transforms Thread 3" [_thread_blocked, id=7360, stack(0x0000008f4f200000,0x0000008f4f300000)]
  0x0000021b69f85220 JavaThread "jar transforms Thread 4" [_thread_blocked, id=6564, stack(0x0000008f4f300000,0x0000008f4f400000)]
  0x0000021b69f8a3f0 JavaThread "Cache worker for dependencies-accessors (C:\Users\user\AndroidStudioProjects\anyang_setup\.gradle\8.0\dependencies-accessors)" [_thread_blocked, id=13952, stack(0x0000008f4f400000,0x0000008f4f500000)]
  0x0000021b69f83540 JavaThread "jar transforms Thread 5" [_thread_blocked, id=17108, stack(0x0000008f4f500000,0x0000008f4f600000)]
  0x0000021b69f88240 JavaThread "Cache worker for Build Output Cleanup Cache (C:\Users\user\AndroidStudioProjects\anyang_setup\.gradle\buildOutputCleanup)" [_thread_blocked, id=276, stack(0x0000008f4f600000,0x0000008f4f700000)]
  0x0000021b69f843b0 JavaThread "Unconstrained build operations" [_thread_blocked, id=8088, stack(0x0000008f4f700000,0x0000008f4f800000)]
  0x0000021b69f88710 JavaThread "Unconstrained build operations Thread 2" [_thread_blocked, id=2884, stack(0x0000008f4f800000,0x0000008f4f900000)]
  0x0000021b69f84d50 JavaThread "Unconstrained build operations Thread 3" [_thread_blocked, id=9220, stack(0x0000008f4f900000,0x0000008f4fa00000)]
  0x0000021b69f85bc0 JavaThread "Unconstrained build operations Thread 4" [_thread_blocked, id=13424, stack(0x0000008f4fa00000,0x0000008f4fb00000)]
  0x0000021b6895e3d0 JavaThread "Unconstrained build operations Thread 5" [_thread_blocked, id=14976, stack(0x0000008f4fb00000,0x0000008f4fc00000)]
  0x0000021b689600b0 JavaThread "Unconstrained build operations Thread 6" [_thread_blocked, id=9476, stack(0x0000008f4fc00000,0x0000008f4fd00000)]
  0x0000021b6895f710 JavaThread "Unconstrained build operations Thread 7" [_thread_blocked, id=13848, stack(0x0000008f4fd00000,0x0000008f4fe00000)]
  0x0000021b6895a540 JavaThread "Unconstrained build operations Thread 8" [_thread_blocked, id=7340, stack(0x0000008f4fe00000,0x0000008f4ff00000)]
  0x0000021b6895a070 JavaThread "Unconstrained build operations Thread 9" [_thread_blocked, id=10588, stack(0x0000008f4ff00000,0x0000008f50000000)]
  0x0000021b6895e8a0 JavaThread "Unconstrained build operations Thread 10" [_thread_blocked, id=16268, stack(0x0000008f50000000,0x0000008f50100000)]
  0x0000021b68960a50 JavaThread "Unconstrained build operations Thread 11" [_thread_blocked, id=8236, stack(0x0000008f50100000,0x0000008f50200000)]
  0x0000021b68960580 JavaThread "Unconstrained build operations Thread 12" [_thread_blocked, id=14604, stack(0x0000008f50200000,0x0000008f50300000)]
  0x0000021b6895d090 JavaThread "Unconstrained build operations Thread 13" [_thread_blocked, id=5964, stack(0x0000008f50300000,0x0000008f50400000)]
  0x0000021b6895ed70 JavaThread "Unconstrained build operations Thread 14" [_thread_blocked, id=11608, stack(0x0000008f50400000,0x0000008f50500000)]
  0x0000021b6895aa10 JavaThread "Unconstrained build operations Thread 15" [_thread_blocked, id=6416, stack(0x0000008f50500000,0x0000008f50600000)]
  0x0000021b6895f240 JavaThread "Unconstrained build operations Thread 16" [_thread_blocked, id=14664, stack(0x0000008f50600000,0x0000008f50700000)]
  0x0000021b68959200 JavaThread "Unconstrained build operations Thread 17" [_thread_blocked, id=11168, stack(0x0000008f50700000,0x0000008f50800000)]
  0x0000021b689596d0 JavaThread "Unconstrained build operations Thread 18" [_thread_blocked, id=6944, stack(0x0000008f50800000,0x0000008f50900000)]
  0x0000021b6895fbe0 JavaThread "Unconstrained build operations Thread 19" [_thread_blocked, id=3100, stack(0x0000008f50900000,0x0000008f50a00000)]
  0x0000021b6895aee0 JavaThread "Unconstrained build operations Thread 20" [_thread_blocked, id=14816, stack(0x0000008f50a00000,0x0000008f50b00000)]
  0x0000021b68959ba0 JavaThread "Unconstrained build operations Thread 21" [_thread_blocked, id=2876, stack(0x0000008f50b00000,0x0000008f50c00000)]
  0x0000021b6895b3b0 JavaThread "Unconstrained build operations Thread 22" [_thread_blocked, id=9704, stack(0x0000008f50c00000,0x0000008f50d00000)]
  0x0000021b6895b880 JavaThread "Unconstrained build operations Thread 23" [_thread_blocked, id=3984, stack(0x0000008f50d00000,0x0000008f50e00000)]
  0x0000021b6895bd50 JavaThread "Unconstrained build operations Thread 24" [_thread_blocked, id=2740, stack(0x0000008f50e00000,0x0000008f50f00000)]
  0x0000021b6895c220 JavaThread "Unconstrained build operations Thread 25" [_thread_blocked, id=13148, stack(0x0000008f50f00000,0x0000008f51000000)]
  0x0000021b6895c6f0 JavaThread "Unconstrained build operations Thread 26" [_thread_blocked, id=6552, stack(0x0000008f51000000,0x0000008f51100000)]
  0x0000021b6895cbc0 JavaThread "Unconstrained build operations Thread 27" [_thread_blocked, id=3668, stack(0x0000008f51100000,0x0000008f51200000)]
  0x0000021b6895d560 JavaThread "Unconstrained build operations Thread 28" [_thread_blocked, id=16004, stack(0x0000008f51200000,0x0000008f51300000)]
  0x0000021b6895da30 JavaThread "Unconstrained build operations Thread 29" [_thread_blocked, id=14352, stack(0x0000008f51300000,0x0000008f51400000)]
  0x0000021b6895df00 JavaThread "Unconstrained build operations Thread 30" [_thread_blocked, id=5168, stack(0x0000008f51400000,0x0000008f51500000)]
  0x0000021b6adfe3f0 JavaThread "Unconstrained build operations Thread 31" [_thread_blocked, id=15576, stack(0x0000008f51500000,0x0000008f51600000)]
  0x0000021b6adfa560 JavaThread "Unconstrained build operations Thread 32" [_thread_blocked, id=4100, stack(0x0000008f51600000,0x0000008f51700000)]
  0x0000021b6ae00a70 JavaThread "Unconstrained build operations Thread 33" [_thread_blocked, id=3672, stack(0x0000008f51700000,0x0000008f51800000)]
  0x0000021b6ae000d0 JavaThread "Unconstrained build operations Thread 34" [_thread_blocked, id=4296, stack(0x0000008f51800000,0x0000008f51900000)]
  0x0000021b6adfc240 JavaThread "Unconstrained build operations Thread 35" [_thread_blocked, id=12916, stack(0x0000008f51900000,0x0000008f51a00000)]
  0x0000021b6ae01db0 JavaThread "Unconstrained build operations Thread 36" [_thread_blocked, id=2680, stack(0x0000008f51a00000,0x0000008f51b00000)]
  0x0000021b6adfed90 JavaThread "Unconstrained build operations Thread 37" [_thread_blocked, id=1032, stack(0x0000008f51b00000,0x0000008f51c00000)]
  0x0000021b6adff260 JavaThread "Unconstrained build operations Thread 38" [_thread_blocked, id=9976, stack(0x0000008f51c00000,0x0000008f51d00000)]
  0x0000021b6adff730 JavaThread "Unconstrained build operations Thread 39" [_thread_blocked, id=15424, stack(0x0000008f51d00000,0x0000008f51e00000)]
  0x0000021b6adfaa30 JavaThread "Unconstrained build operations Thread 40" [_thread_blocked, id=10636, stack(0x0000008f51e00000,0x0000008f51f00000)]
  0x0000021b6ae005a0 JavaThread "Unconstrained build operations Thread 41" [_thread_blocked, id=16108, stack(0x0000008f51f00000,0x0000008f52000000)]
  0x0000021b6ae00f40 JavaThread "Unconstrained build operations Thread 42" [_thread_blocked, id=1956, stack(0x0000008f52000000,0x0000008f52100000)]
  0x0000021b6adfe8c0 JavaThread "Unconstrained build operations Thread 43" [_thread_blocked, id=8540, stack(0x0000008f52100000,0x0000008f52200000)]
  0x0000021b6adfdf20 JavaThread "Unconstrained build operations Thread 44" [_thread_blocked, id=1952, stack(0x0000008f52200000,0x0000008f52300000)]
  0x0000021b6ae01410 JavaThread "Unconstrained build operations Thread 45" [_thread_blocked, id=784, stack(0x0000008f52300000,0x0000008f52400000)]
  0x0000021b6adfc710 JavaThread "Unconstrained build operations Thread 46" [_thread_blocked, id=12140, stack(0x0000008f52400000,0x0000008f52500000)]
  0x0000021b6adfaf00 JavaThread "Unconstrained build operations Thread 47" [_thread_blocked, id=11184, stack(0x0000008f52500000,0x0000008f52600000)]
  0x0000021b6adffc00 JavaThread "Unconstrained build operations Thread 48" [_thread_blocked, id=2736, stack(0x0000008f52600000,0x0000008f52700000)]
  0x0000021b6ae018e0 JavaThread "Unconstrained build operations Thread 49" [_thread_blocked, id=12212, stack(0x0000008f52700000,0x0000008f52800000)]
  0x0000021b6adfb3d0 JavaThread "Unconstrained build operations Thread 50" [_thread_blocked, id=6320, stack(0x0000008f52800000,0x0000008f52900000)]
  0x0000021b6adfb8a0 JavaThread "Unconstrained build operations Thread 51" [_thread_blocked, id=16804, stack(0x0000008f52900000,0x0000008f52a00000)]
  0x0000021b6adfbd70 JavaThread "Unconstrained build operations Thread 52" [_thread_blocked, id=3904, stack(0x0000008f52a00000,0x0000008f52b00000)]
  0x0000021b6adfcbe0 JavaThread "Unconstrained build operations Thread 53" [_thread_blocked, id=9784, stack(0x0000008f52b00000,0x0000008f52c00000)]
  0x0000021b6adfd0b0 JavaThread "Unconstrained build operations Thread 54" [_thread_blocked, id=14408, stack(0x0000008f52c00000,0x0000008f52d00000)]
  0x0000021b6adfda50 JavaThread "Unconstrained build operations Thread 55" [_thread_blocked, id=2044, stack(0x0000008f52d00000,0x0000008f52e00000)]
  0x0000021b6adfd580 JavaThread "Unconstrained build operations Thread 56" [_thread_blocked, id=14404, stack(0x0000008f52e00000,0x0000008f52f00000)]
  0x0000021b694426d0 JavaThread "Unconstrained build operations Thread 57" [_thread_blocked, id=4908, stack(0x0000008f52f00000,0x0000008f53000000)]
  0x0000021b694409f0 JavaThread "Unconstrained build operations Thread 58" [_thread_blocked, id=8044, stack(0x0000008f53000000,0x0000008f53100000)]
  0x0000021b69442200 JavaThread "Unconstrained build operations Thread 59" [_thread_blocked, id=4064, stack(0x0000008f53100000,0x0000008f53200000)]
  0x0000021b69444880 JavaThread "Unconstrained build operations Thread 60" [_thread_blocked, id=17104, stack(0x0000008f53200000,0x0000008f53300000)]
  0x0000021b69441390 JavaThread "Unconstrained build operations Thread 61" [_thread_blocked, id=3244, stack(0x0000008f53300000,0x0000008f53400000)]
  0x0000021b694456f0 JavaThread "Unconstrained build operations Thread 62" [_thread_blocked, id=11164, stack(0x0000008f53400000,0x0000008f53500000)]
  0x0000021b69443a10 JavaThread "Unconstrained build operations Thread 63" [_thread_blocked, id=10672, stack(0x0000008f53500000,0x0000008f53600000)]
  0x0000021b69446560 JavaThread "Unconstrained build operations Thread 64" [_thread_blocked, id=4164, stack(0x0000008f53600000,0x0000008f53700000)]
  0x0000021b69440ec0 JavaThread "Unconstrained build operations Thread 65" [_thread_blocked, id=15568, stack(0x0000008f53700000,0x0000008f53800000)]
  0x0000021b69443ee0 JavaThread "Unconstrained build operations Thread 66" [_thread_blocked, id=788, stack(0x0000008f53800000,0x0000008f53900000)]
  0x0000021b69446a30 JavaThread "Unconstrained build operations Thread 67" [_thread_blocked, id=3580, stack(0x0000008f53900000,0x0000008f53a00000)]
  0x0000021b69443070 JavaThread "Unconstrained build operations Thread 68" [_thread_blocked, id=4696, stack(0x0000008f53a00000,0x0000008f53b00000)]
  0x0000021b694473d0 JavaThread "Unconstrained build operations Thread 69" [_thread_blocked, id=792, stack(0x0000008f53b00000,0x0000008f53c00000)]
  0x0000021b69444d50 JavaThread "Unconstrained build operations Thread 70" [_thread_blocked, id=13324, stack(0x0000008f53c00000,0x0000008f53d00000)]
  0x0000021b69445220 JavaThread "Unconstrained build operations Thread 71" [_thread_blocked, id=4992, stack(0x0000008f53d00000,0x0000008f53e00000)]
  0x0000021b69441860 JavaThread "Unconstrained build operations Thread 72" [_thread_blocked, id=7312, stack(0x0000008f53e00000,0x0000008f53f00000)]
  0x0000021b69443540 JavaThread "Unconstrained build operations Thread 73" [_thread_blocked, id=12920, stack(0x0000008f53f00000,0x0000008f54000000)]
  0x0000021b694443b0 JavaThread "Unconstrained build operations Thread 74" [_thread_blocked, id=2152, stack(0x0000008f54000000,0x0000008f54100000)]
  0x0000021b69445bc0 JavaThread "Unconstrained build operations Thread 75" [_thread_blocked, id=12468, stack(0x0000008f54100000,0x0000008f54200000)]
  0x0000021b69446090 JavaThread "Unconstrained build operations Thread 76" [_thread_blocked, id=14316, stack(0x0000008f54200000,0x0000008f54300000)]
  0x0000021b69446f00 JavaThread "Unconstrained build operations Thread 77" [_thread_blocked, id=3392, stack(0x0000008f54300000,0x0000008f54400000)]
  0x0000021b69440520 JavaThread "Unconstrained build operations Thread 78" [_thread_blocked, id=14468, stack(0x0000008f54400000,0x0000008f54500000)]
  0x0000021b694478a0 JavaThread "Unconstrained build operations Thread 79" [_thread_blocked, id=11836, stack(0x0000008f54500000,0x0000008f54600000)]
  0x0000021b69440050 JavaThread "Unconstrained build operations Thread 80" [_thread_blocked, id=2656, stack(0x0000008f54600000,0x0000008f54700000)]
  0x0000021b69441d30 JavaThread "jar transforms Thread 6" [_thread_blocked, id=14712, stack(0x0000008f54700000,0x0000008f54800000)]
  0x0000021b69442ba0 JavaThread "jar transforms Thread 7" [_thread_blocked, id=7248, stack(0x0000008f54800000,0x0000008f54900000)]
  0x0000021b6a7f2500 JavaThread "jar transforms Thread 8" [_thread_blocked, id=1544, stack(0x0000008f54900000,0x0000008f54a00000)]
  0x0000021b6a7f6390 JavaThread "build event listener" [_thread_blocked, id=704, stack(0x0000008f54a00000,0x0000008f54b00000)]
  0x0000021b6a7f6d30 JavaThread "Memory manager" [_thread_blocked, id=9512, stack(0x0000008f54b00000,0x0000008f54c00000)]
  0x0000021b6a7f8070 JavaThread "included builds" [_thread_blocked, id=14476, stack(0x0000008f55000000,0x0000008f55100000)]
  0x0000021b6a7f2ea0 JavaThread "Execution worker" [_thread_in_native, id=16776, stack(0x0000008f55100000,0x0000008f55200000)]
  0x0000021b6a7f0820 JavaThread "Execution worker Thread 2" [_thread_blocked, id=17036, stack(0x0000008f55200000,0x0000008f55300000)]
  0x0000021b6a7f3840 JavaThread "Execution worker Thread 3" [_thread_blocked, id=9248, stack(0x0000008f55300000,0x0000008f55400000)]
  0x0000021b6a7f76d0 JavaThread "Execution worker Thread 4" [_thread_blocked, id=2404, stack(0x0000008f55400000,0x0000008f55500000)]
  0x0000021b6a7f0cf0 JavaThread "Execution worker Thread 5" [_thread_blocked, id=10448, stack(0x0000008f55500000,0x0000008f55600000)]
  0x0000021b6a7f41e0 JavaThread "Execution worker Thread 6" [_thread_blocked, id=4932, stack(0x0000008f55600000,0x0000008f55700000)]
  0x0000021b6a7f1b60 JavaThread "Execution worker Thread 7" [_thread_blocked, id=5000, stack(0x0000008f55700000,0x0000008f55800000)]
  0x0000021b6a7f3d10 JavaThread "Cache worker for execution history cache (C:\Users\user\AndroidStudioProjects\anyang_setup\.gradle\8.0\executionHistory)" [_thread_blocked, id=17196, stack(0x0000008f55800000,0x0000008f55900000)]
  0x0000021b6a9114f0 JavaThread "C2 CompilerThread1" daemon [_thread_in_native, id=10004, stack(0x0000008f4d800000,0x0000008f4d900000)]

Other Threads:
  0x0000021b665e9d00 VMThread "VM Thread" [stack: 0x0000008f4c400000,0x0000008f4c500000] [id=6340]
  0x0000021b4c7e1980 WatcherThread [stack: 0x0000008f4d000000,0x0000008f4d100000] [id=856]
  0x0000021b4c7c8d10 GCTaskThread "GC Thread#0" [stack: 0x0000008f4bf00000,0x0000008f4c000000] [id=3900]
  0x0000021b67dbe3f0 GCTaskThread "GC Thread#1" [stack: 0x0000008f4d300000,0x0000008f4d400000] [id=6968]
  0x0000021b67dbe6a0 GCTaskThread "GC Thread#2" [stack: 0x0000008f4d400000,0x0000008f4d500000] [id=14644]
  0x0000021b6775b0c0 GCTaskThread "GC Thread#3" [stack: 0x0000008f4d500000,0x0000008f4d600000] [id=11252]
  0x0000021b6775b370 GCTaskThread "GC Thread#4" [stack: 0x0000008f4d600000,0x0000008f4d700000] [id=13560]
  0x0000021b69a7fff0 GCTaskThread "GC Thread#5" [stack: 0x0000008f4e100000,0x0000008f4e200000] [id=7040]
  0x0000021b69a802a0 GCTaskThread "GC Thread#6" [stack: 0x0000008f4e200000,0x0000008f4e300000] [id=13508]
  0x0000021b6a7bb5d0 GCTaskThread "GC Thread#7" [stack: 0x0000008f4e300000,0x0000008f4e400000] [id=13220]
  0x0000021b4c7d9b60 ConcurrentGCThread "G1 Main Marker" [stack: 0x0000008f4c000000,0x0000008f4c100000] [id=5948]
  0x0000021b4c7dac20 ConcurrentGCThread "G1 Conc#0" [stack: 0x0000008f4c100000,0x0000008f4c200000] [id=6076]
  0x0000021b69b18810 ConcurrentGCThread "G1 Conc#1" [stack: 0x0000008f4e400000,0x0000008f4e500000] [id=14556]
  0x0000021b4c83dd00 ConcurrentGCThread "G1 Refine#0" [stack: 0x0000008f4c200000,0x0000008f4c300000] [id=5732]
  0x0000021b6a058960 ConcurrentGCThread "G1 Refine#1" [stack: 0x0000008f54c00000,0x0000008f54d00000] [id=1256]
  0x0000021b6a05a620 ConcurrentGCThread "G1 Refine#2" [stack: 0x0000008f54d00000,0x0000008f54e00000] [id=3852]
  0x0000021b6a057260 ConcurrentGCThread "G1 Refine#3" [stack: 0x0000008f54e00000,0x0000008f54f00000] [id=15208]
  0x0000021b6a057820 ConcurrentGCThread "G1 Refine#4" [stack: 0x0000008f54f00000,0x0000008f55000000] [id=272]
  0x0000021b4c83e630 ConcurrentGCThread "G1 Service" [stack: 0x0000008f4c300000,0x0000008f4c400000] [id=1200]

Threads with active compile tasks:
C2 CompilerThread0    17828 10589       4       java.util.regex.Pattern::split (288 bytes)
C2 CompilerThread1    17829 10660       4       java.lang.reflect.Method::invoke (65 bytes)
C2 CompilerThread2    17829 10685       4       java.util.LinkedHashMap::afterNodeAccess (116 bytes)

VM state: not at safepoint (normal execution)

VM Mutex/Monitor currently owned by a thread: None

Heap address: 0x0000000080000000, size: 2048 MB, Compressed Oops mode: 32-bit

CDS archive(s) not mapped
Compressed class space mapped at: 0x0000000100000000-0x0000000140000000, reserved size: 1073741824
Narrow klass base: 0x0000000000000000, Narrow klass shift: 3, Narrow klass range: 0x140000000

GC Precious Log:
 CPUs: 8 total, 8 available
 Memory: 14269M
 Large Page Support: Disabled
 NUMA Support: Disabled
 Compressed Oops: Enabled (32-bit)
 Heap Region Size: 1M
 Heap Min Capacity: 8M
 Heap Initial Capacity: 224M
 Heap Max Capacity: 2G
 Pre-touch: Disabled
 Parallel Workers: 8
 Concurrent Workers: 2
 Concurrent Refinement Workers: 8
 Periodic GC: Disabled

Heap:
 garbage-first heap   total 274432K, used 90958K [0x0000000080000000, 0x0000000100000000)
  region size 1024K, 13 young (13312K), 1 survivors (1024K)
 Metaspace       used 92523K, committed 93120K, reserved 1130496K
  class space    used 12651K, committed 12928K, reserved 1048576K

Heap Regions: E=young(eden), S=young(survivor), O=old, HS=humongous(starts), HC=humongous(continues), CS=collection set, F=free, OA=open archive, CA=closed archive, TAMS=top-at-mark-start (previous, next)
|   0|0x0000000080000000, 0x0000000080100000, 0x0000000080100000|100%|HS|  |TAMS 0x0000000080100000, 0x0000000080000000| Complete 
|   1|0x0000000080100000, 0x0000000080200000, 0x0000000080200000|100%|HC|  |TAMS 0x0000000080200000, 0x0000000080100000| Complete 
|   2|0x0000000080200000, 0x0000000080300000, 0x0000000080300000|100%|HC|  |TAMS 0x0000000080300000, 0x0000000080200000| Complete 
|   3|0x0000000080300000, 0x0000000080400000, 0x0000000080400000|100%|HC|  |TAMS 0x0000000080400000, 0x0000000080300000| Complete 
|   4|0x0000000080400000, 0x0000000080500000, 0x0000000080500000|100%| O|  |TAMS 0x0000000080500000, 0x0000000080400000| Untracked 
|   5|0x0000000080500000, 0x0000000080600000, 0x0000000080600000|100%| O|  |TAMS 0x0000000080600000, 0x0000000080500000| Untracked 
|   6|0x0000000080600000, 0x0000000080700000, 0x0000000080700000|100%| O|  |TAMS 0x0000000080700000, 0x0000000080600000| Untracked 
|   7|0x0000000080700000, 0x0000000080800000, 0x0000000080800000|100%| O|  |TAMS 0x0000000080800000, 0x0000000080700000| Untracked 
|   8|0x0000000080800000, 0x0000000080900000, 0x0000000080900000|100%| O|  |TAMS 0x0000000080900000, 0x0000000080800000| Untracked 
|   9|0x0000000080900000, 0x0000000080a00000, 0x0000000080a00000|100%| O|  |TAMS 0x0000000080a00000, 0x0000000080900000| Untracked 
|  10|0x0000000080a00000, 0x0000000080b00000, 0x0000000080b00000|100%| O|  |TAMS 0x0000000080b00000, 0x0000000080a00000| Untracked 
|  11|0x0000000080b00000, 0x0000000080c00000, 0x0000000080c00000|100%| O|  |TAMS 0x0000000080c00000, 0x0000000080b00000| Untracked 
|  12|0x0000000080c00000, 0x0000000080d00000, 0x0000000080d00000|100%| O|  |TAMS 0x0000000080d00000, 0x0000000080c00000| Untracked 
|  13|0x0000000080d00000, 0x0000000080e00000, 0x0000000080e00000|100%| O|  |TAMS 0x0000000080e00000, 0x0000000080d00000| Untracked 
|  14|0x0000000080e00000, 0x0000000080f00000, 0x0000000080f00000|100%| O|  |TAMS 0x0000000080f00000, 0x0000000080e00000| Untracked 
|  15|0x0000000080f00000, 0x0000000081000000, 0x0000000081000000|100%| O|  |TAMS 0x0000000081000000, 0x0000000080f00000| Untracked 
|  16|0x0000000081000000, 0x0000000081100000, 0x0000000081100000|100%| O|  |TAMS 0x0000000081100000, 0x0000000081000000| Untracked 
|  17|0x0000000081100000, 0x0000000081200000, 0x0000000081200000|100%| O|  |TAMS 0x0000000081200000, 0x0000000081100000| Untracked 
|  18|0x0000000081200000, 0x0000000081300000, 0x0000000081300000|100%| O|  |TAMS 0x0000000081300000, 0x0000000081200000| Untracked 
|  19|0x0000000081300000, 0x0000000081400000, 0x0000000081400000|100%| O|  |TAMS 0x0000000081400000, 0x0000000081300000| Untracked 
|  20|0x0000000081400000, 0x0000000081500000, 0x0000000081500000|100%| O|  |TAMS 0x0000000081500000, 0x0000000081400000| Untracked 
|  21|0x0000000081500000, 0x0000000081600000, 0x0000000081600000|100%| O|  |TAMS 0x0000000081600000, 0x0000000081500000| Untracked 
|  22|0x0000000081600000, 0x0000000081700000, 0x0000000081700000|100%| O|  |TAMS 0x0000000081700000, 0x0000000081600000| Untracked 
|  23|0x0000000081700000, 0x0000000081800000, 0x0000000081800000|100%| O|  |TAMS 0x0000000081800000, 0x0000000081700000| Untracked 
|  24|0x0000000081800000, 0x0000000081900000, 0x0000000081900000|100%| O|  |TAMS 0x0000000081900000, 0x0000000081800000| Untracked 
|  25|0x0000000081900000, 0x0000000081a00000, 0x0000000081a00000|100%| O|  |TAMS 0x0000000081a00000, 0x0000000081900000| Untracked 
|  26|0x0000000081a00000, 0x0000000081b00000, 0x0000000081b00000|100%| O|  |TAMS 0x0000000081b00000, 0x0000000081a00000| Untracked 
|  27|0x0000000081b00000, 0x0000000081c00000, 0x0000000081c00000|100%| O|  |TAMS 0x0000000081c00000, 0x0000000081b00000| Untracked 
|  28|0x0000000081c00000, 0x0000000081d00000, 0x0000000081d00000|100%| O|  |TAMS 0x0000000081d00000, 0x0000000081c00000| Untracked 
|  29|0x0000000081d00000, 0x0000000081e00000, 0x0000000081e00000|100%| O|  |TAMS 0x0000000081e00000, 0x0000000081d00000| Untracked 
|  30|0x0000000081e00000, 0x0000000081f00000, 0x0000000081f00000|100%| O|  |TAMS 0x0000000081f00000, 0x0000000081e00000| Untracked 
|  31|0x0000000081f00000, 0x0000000082000000, 0x0000000082000000|100%| O|  |TAMS 0x0000000082000000, 0x0000000081f00000| Untracked 
|  32|0x0000000082000000, 0x0000000082100000, 0x0000000082100000|100%|HS|  |TAMS 0x0000000082100000, 0x0000000082000000| Complete 
|  33|0x0000000082100000, 0x0000000082200000, 0x0000000082200000|100%|HS|  |TAMS 0x0000000082200000, 0x0000000082100000| Complete 
|  34|0x0000000082200000, 0x0000000082300000, 0x0000000082300000|100%| O|  |TAMS 0x0000000082300000, 0x0000000082200000| Untracked 
|  35|0x0000000082300000, 0x0000000082400000, 0x0000000082400000|100%| O|  |TAMS 0x0000000082400000, 0x0000000082300000| Untracked 
|  36|0x0000000082400000, 0x0000000082500000, 0x0000000082500000|100%| O|  |TAMS 0x0000000082500000, 0x0000000082400000| Untracked 
|  37|0x0000000082500000, 0x0000000082600000, 0x0000000082600000|100%| O|  |TAMS 0x0000000082600000, 0x0000000082500000| Untracked 
|  38|0x0000000082600000, 0x0000000082700000, 0x0000000082700000|100%| O|  |TAMS 0x0000000082700000, 0x0000000082600000| Untracked 
|  39|0x0000000082700000, 0x0000000082800000, 0x0000000082800000|100%| O|  |TAMS 0x0000000082800000, 0x0000000082700000| Untracked 
|  40|0x0000000082800000, 0x0000000082900000, 0x0000000082900000|100%| O|  |TAMS 0x0000000082900000, 0x0000000082800000| Untracked 
|  41|0x0000000082900000, 0x0000000082a00000, 0x0000000082a00000|100%| O|  |TAMS 0x0000000082a00000, 0x0000000082900000| Untracked 
|  42|0x0000000082a00000, 0x0000000082b00000, 0x0000000082b00000|100%| O|  |TAMS 0x0000000082b00000, 0x0000000082a00000| Untracked 
|  43|0x0000000082b00000, 0x0000000082c00000, 0x0000000082c00000|100%| O|  |TAMS 0x0000000082c00000, 0x0000000082b00000| Untracked 
|  44|0x0000000082c00000, 0x0000000082d00000, 0x0000000082d00000|100%| O|  |TAMS 0x0000000082d00000, 0x0000000082c00000| Untracked 
|  45|0x0000000082d00000, 0x0000000082e00000, 0x0000000082e00000|100%| O|  |TAMS 0x0000000082e00000, 0x0000000082d00000| Untracked 
|  46|0x0000000082e00000, 0x0000000082f00000, 0x0000000082f00000|100%| O|  |TAMS 0x0000000082f00000, 0x0000000082e00000| Untracked 
|  47|0x0000000082f00000, 0x0000000083000000, 0x0000000083000000|100%| O|  |TAMS 0x0000000083000000, 0x0000000082f00000| Untracked 
|  48|0x0000000083000000, 0x0000000083100000, 0x0000000083100000|100%| O|  |TAMS 0x0000000083100000, 0x0000000083000000| Untracked 
|  49|0x0000000083100000, 0x0000000083200000, 0x0000000083200000|100%| O|  |TAMS 0x0000000083200000, 0x0000000083100000| Untracked 
|  50|0x0000000083200000, 0x0000000083300000, 0x0000000083300000|100%| O|  |TAMS 0x0000000083300000, 0x0000000083200000| Untracked 
|  51|0x0000000083300000, 0x0000000083400000, 0x0000000083400000|100%| O|  |TAMS 0x0000000083400000, 0x0000000083300000| Untracked 
|  52|0x0000000083400000, 0x0000000083500000, 0x0000000083500000|100%| O|  |TAMS 0x0000000083500000, 0x0000000083400000| Untracked 
|  53|0x0000000083500000, 0x0000000083600000, 0x0000000083600000|100%| O|  |TAMS 0x0000000083600000, 0x0000000083500000| Untracked 
|  54|0x0000000083600000, 0x0000000083700000, 0x0000000083700000|100%| O|  |TAMS 0x0000000083700000, 0x0000000083600000| Untracked 
|  55|0x0000000083700000, 0x0000000083800000, 0x0000000083800000|100%| O|  |TAMS 0x0000000083800000, 0x0000000083700000| Untracked 
|  56|0x0000000083800000, 0x0000000083900000, 0x0000000083900000|100%| O|  |TAMS 0x0000000083900000, 0x0000000083800000| Untracked 
|  57|0x0000000083900000, 0x0000000083a00000, 0x0000000083a00000|100%| O|  |TAMS 0x0000000083a00000, 0x0000000083900000| Untracked 
|  58|0x0000000083a00000, 0x0000000083b00000, 0x0000000083b00000|100%| O|  |TAMS 0x0000000083b00000, 0x0000000083a00000| Untracked 
|  59|0x0000000083b00000, 0x0000000083c00000, 0x0000000083c00000|100%| O|  |TAMS 0x0000000083c00000, 0x0000000083b00000| Untracked 
|  60|0x0000000083c00000, 0x0000000083d00000, 0x0000000083d00000|100%| O|  |TAMS 0x0000000083d00000, 0x0000000083c00000| Untracked 
|  61|0x0000000083d00000, 0x0000000083e00000, 0x0000000083e00000|100%| O|  |TAMS 0x0000000083e00000, 0x0000000083d00000| Untracked 
|  62|0x0000000083e00000, 0x0000000083f00000, 0x0000000083f00000|100%| O|  |TAMS 0x0000000083f00000, 0x0000000083e00000| Untracked 
|  63|0x0000000083f00000, 0x0000000084000000, 0x0000000084000000|100%| O|  |TAMS 0x0000000084000000, 0x0000000083f00000| Untracked 
|  64|0x0000000084000000, 0x0000000084100000, 0x0000000084100000|100%| O|  |TAMS 0x0000000084100000, 0x0000000084000000| Untracked 
|  65|0x0000000084100000, 0x0000000084200000, 0x0000000084200000|100%| O|  |TAMS 0x0000000084200000, 0x0000000084100000| Untracked 
|  66|0x0000000084200000, 0x0000000084300000, 0x0000000084300000|100%| O|  |TAMS 0x0000000084300000, 0x0000000084200000| Untracked 
|  67|0x0000000084300000, 0x0000000084400000, 0x0000000084400000|100%| O|  |TAMS 0x0000000084400000, 0x0000000084300000| Untracked 
|  68|0x0000000084400000, 0x0000000084400000, 0x0000000084500000|  0%| F|  |TAMS 0x0000000084400000, 0x0000000084400000| Untracked 
|  69|0x0000000084500000, 0x0000000084600000, 0x0000000084600000|100%| O|  |TAMS 0x0000000084600000, 0x0000000084500000| Untracked 
|  70|0x0000000084600000, 0x0000000084700000, 0x0000000084700000|100%| O|  |TAMS 0x0000000084700000, 0x0000000084600000| Untracked 
|  71|0x0000000084700000, 0x0000000084800000, 0x0000000084800000|100%| O|  |TAMS 0x0000000084800000, 0x0000000084700000| Untracked 
|  72|0x0000000084800000, 0x0000000084900000, 0x0000000084900000|100%| O|  |TAMS 0x0000000084800000, 0x0000000084800000| Untracked 
|  73|0x0000000084900000, 0x0000000084a00000, 0x0000000084a00000|100%| O|  |TAMS 0x0000000084900000, 0x0000000084900000| Untracked 
|  74|0x0000000084a00000, 0x0000000084b00000, 0x0000000084b00000|100%| O|  |TAMS 0x0000000084a00000, 0x0000000084a00000| Untracked 
|  75|0x0000000084b00000, 0x0000000084c00000, 0x0000000084c00000|100%| O|  |TAMS 0x0000000084b00000, 0x0000000084b00000| Untracked 
|  76|0x0000000084c00000, 0x0000000084d00000, 0x0000000084d00000|100%| O|  |TAMS 0x0000000084c00000, 0x0000000084c00000| Untracked 
|  77|0x0000000084d00000, 0x0000000084e00000, 0x0000000084e00000|100%| O|  |TAMS 0x0000000084d00000, 0x0000000084d00000| Untracked 
|  78|0x0000000084e00000, 0x0000000084e3aa00, 0x0000000084f00000| 22%| O|  |TAMS 0x0000000084e00000, 0x0000000084e00000| Untracked 
|  79|0x0000000084f00000, 0x0000000084f00000, 0x0000000085000000|  0%| F|  |TAMS 0x0000000084f00000, 0x0000000084f00000| Untracked 
|  80|0x0000000085000000, 0x0000000085000000, 0x0000000085100000|  0%| F|  |TAMS 0x0000000085000000, 0x0000000085000000| Untracked 
|  81|0x0000000085100000, 0x0000000085100000, 0x0000000085200000|  0%| F|  |TAMS 0x0000000085100000, 0x0000000085100000| Untracked 
|  82|0x0000000085200000, 0x0000000085200000, 0x0000000085300000|  0%| F|  |TAMS 0x0000000085200000, 0x0000000085200000| Untracked 
|  83|0x0000000085300000, 0x0000000085300000, 0x0000000085400000|  0%| F|  |TAMS 0x0000000085300000, 0x0000000085300000| Untracked 
|  84|0x0000000085400000, 0x0000000085400000, 0x0000000085500000|  0%| F|  |TAMS 0x0000000085400000, 0x0000000085400000| Untracked 
|  85|0x0000000085500000, 0x0000000085500000, 0x0000000085600000|  0%| F|  |TAMS 0x0000000085500000, 0x0000000085500000| Untracked 
|  86|0x0000000085600000, 0x0000000085600000, 0x0000000085700000|  0%| F|  |TAMS 0x0000000085600000, 0x0000000085600000| Untracked 
|  87|0x0000000085700000, 0x0000000085700000, 0x0000000085800000|  0%| F|  |TAMS 0x0000000085700000, 0x0000000085700000| Untracked 
|  88|0x0000000085800000, 0x0000000085800000, 0x0000000085900000|  0%| F|  |TAMS 0x0000000085800000, 0x0000000085800000| Untracked 
|  89|0x0000000085900000, 0x0000000085900000, 0x0000000085a00000|  0%| F|  |TAMS 0x0000000085900000, 0x0000000085900000| Untracked 
|  90|0x0000000085a00000, 0x0000000085a00000, 0x0000000085b00000|  0%| F|  |TAMS 0x0000000085a00000, 0x0000000085a00000| Untracked 
|  91|0x0000000085b00000, 0x0000000085b00000, 0x0000000085c00000|  0%| F|  |TAMS 0x0000000085b00000, 0x0000000085b00000| Untracked 
|  92|0x0000000085c00000, 0x0000000085c00000, 0x0000000085d00000|  0%| F|  |TAMS 0x0000000085c00000, 0x0000000085c00000| Untracked 
|  93|0x0000000085d00000, 0x0000000085d00000, 0x0000000085e00000|  0%| F|  |TAMS 0x0000000085d00000, 0x0000000085d00000| Untracked 
|  94|0x0000000085e00000, 0x0000000085e00000, 0x0000000085f00000|  0%| F|  |TAMS 0x0000000085e00000, 0x0000000085e00000| Untracked 
|  95|0x0000000085f00000, 0x0000000085f00000, 0x0000000086000000|  0%| F|  |TAMS 0x0000000085f00000, 0x0000000085f00000| Untracked 
|  96|0x0000000086000000, 0x0000000086000000, 0x0000000086100000|  0%| F|  |TAMS 0x0000000086000000, 0x0000000086000000| Untracked 
|  97|0x0000000086100000, 0x0000000086100000, 0x0000000086200000|  0%| F|  |TAMS 0x0000000086100000, 0x0000000086100000| Untracked 
|  98|0x0000000086200000, 0x0000000086200000, 0x0000000086300000|  0%| F|  |TAMS 0x0000000086200000, 0x0000000086200000| Untracked 
|  99|0x0000000086300000, 0x0000000086300000, 0x0000000086400000|  0%| F|  |TAMS 0x0000000086300000, 0x0000000086300000| Untracked 
| 100|0x0000000086400000, 0x0000000086400000, 0x0000000086500000|  0%| F|  |TAMS 0x0000000086400000, 0x0000000086400000| Untracked 
| 101|0x0000000086500000, 0x0000000086500000, 0x0000000086600000|  0%| F|  |TAMS 0x0000000086500000, 0x0000000086500000| Untracked 
| 102|0x0000000086600000, 0x0000000086600000, 0x0000000086700000|  0%| F|  |TAMS 0x0000000086600000, 0x0000000086600000| Untracked 
| 103|0x0000000086700000, 0x0000000086700000, 0x0000000086800000|  0%| F|  |TAMS 0x0000000086700000, 0x0000000086700000| Untracked 
| 104|0x0000000086800000, 0x0000000086800000, 0x0000000086900000|  0%| F|  |TAMS 0x0000000086800000, 0x0000000086800000| Untracked 
| 105|0x0000000086900000, 0x0000000086900000, 0x0000000086a00000|  0%| F|  |TAMS 0x0000000086900000, 0x0000000086900000| Untracked 
| 106|0x0000000086a00000, 0x0000000086a00000, 0x0000000086b00000|  0%| F|  |TAMS 0x0000000086a00000, 0x0000000086a00000| Untracked 
| 107|0x0000000086b00000, 0x0000000086b00000, 0x0000000086c00000|  0%| F|  |TAMS 0x0000000086b00000, 0x0000000086b00000| Untracked 
| 108|0x0000000086c00000, 0x0000000086c00000, 0x0000000086d00000|  0%| F|  |TAMS 0x0000000086c00000, 0x0000000086c00000| Untracked 
| 109|0x0000000086d00000, 0x0000000086d00000, 0x0000000086e00000|  0%| F|  |TAMS 0x0000000086d00000, 0x0000000086d00000| Untracked 
| 110|0x0000000086e00000, 0x0000000086e00000, 0x0000000086f00000|  0%| F|  |TAMS 0x0000000086e00000, 0x0000000086e00000| Untracked 
| 111|0x0000000086f00000, 0x0000000086f00000, 0x0000000087000000|  0%| F|  |TAMS 0x0000000086f00000, 0x0000000086f00000| Untracked 
| 112|0x0000000087000000, 0x0000000087000000, 0x0000000087100000|  0%| F|  |TAMS 0x0000000087000000, 0x0000000087000000| Untracked 
| 113|0x0000000087100000, 0x0000000087100000, 0x0000000087200000|  0%| F|  |TAMS 0x0000000087100000, 0x0000000087100000| Untracked 
| 114|0x0000000087200000, 0x0000000087200000, 0x0000000087300000|  0%| F|  |TAMS 0x0000000087200000, 0x0000000087200000| Untracked 
| 115|0x0000000087300000, 0x0000000087300000, 0x0000000087400000|  0%| F|  |TAMS 0x0000000087300000, 0x0000000087300000| Untracked 
| 116|0x0000000087400000, 0x0000000087400000, 0x0000000087500000|  0%| F|  |TAMS 0x0000000087400000, 0x0000000087400000| Untracked 
| 117|0x0000000087500000, 0x0000000087500000, 0x0000000087600000|  0%| F|  |TAMS 0x0000000087500000, 0x0000000087500000| Untracked 
| 118|0x0000000087600000, 0x0000000087600000, 0x0000000087700000|  0%| F|  |TAMS 0x0000000087600000, 0x0000000087600000| Untracked 
| 119|0x0000000087700000, 0x0000000087700000, 0x0000000087800000|  0%| F|  |TAMS 0x0000000087700000, 0x0000000087700000| Untracked 
| 120|0x0000000087800000, 0x0000000087800000, 0x0000000087900000|  0%| F|  |TAMS 0x0000000087800000, 0x0000000087800000| Untracked 
| 121|0x0000000087900000, 0x0000000087900000, 0x0000000087a00000|  0%| F|  |TAMS 0x0000000087900000, 0x0000000087900000| Untracked 
| 122|0x0000000087a00000, 0x0000000087a00000, 0x0000000087b00000|  0%| F|  |TAMS 0x0000000087a00000, 0x0000000087a00000| Untracked 
| 123|0x0000000087b00000, 0x0000000087b00000, 0x0000000087c00000|  0%| F|  |TAMS 0x0000000087b00000, 0x0000000087b00000| Untracked 
| 124|0x0000000087c00000, 0x0000000087c00000, 0x0000000087d00000|  0%| F|  |TAMS 0x0000000087c00000, 0x0000000087c00000| Untracked 
| 125|0x0000000087d00000, 0x0000000087d00000, 0x0000000087e00000|  0%| F|  |TAMS 0x0000000087d00000, 0x0000000087d00000| Untracked 
| 126|0x0000000087e00000, 0x0000000087e00000, 0x0000000087f00000|  0%| F|  |TAMS 0x0000000087e00000, 0x0000000087e00000| Untracked 
| 127|0x0000000087f00000, 0x0000000087f00000, 0x0000000088000000|  0%| F|  |TAMS 0x0000000087f00000, 0x0000000087f00000| Untracked 
| 128|0x0000000088000000, 0x0000000088000000, 0x0000000088100000|  0%| F|  |TAMS 0x0000000088000000, 0x0000000088000000| Untracked 
| 129|0x0000000088100000, 0x0000000088100000, 0x0000000088200000|  0%| F|  |TAMS 0x0000000088100000, 0x0000000088100000| Untracked 
| 130|0x0000000088200000, 0x0000000088200000, 0x0000000088300000|  0%| F|  |TAMS 0x0000000088200000, 0x0000000088200000| Untracked 
| 131|0x0000000088300000, 0x0000000088300000, 0x0000000088400000|  0%| F|  |TAMS 0x0000000088300000, 0x0000000088300000| Untracked 
| 132|0x0000000088400000, 0x0000000088400000, 0x0000000088500000|  0%| F|  |TAMS 0x0000000088400000, 0x0000000088400000| Untracked 
| 133|0x0000000088500000, 0x0000000088500000, 0x0000000088600000|  0%| F|  |TAMS 0x0000000088500000, 0x0000000088500000| Untracked 
| 134|0x0000000088600000, 0x0000000088600000, 0x0000000088700000|  0%| F|  |TAMS 0x0000000088600000, 0x0000000088600000| Untracked 
| 135|0x0000000088700000, 0x0000000088700000, 0x0000000088800000|  0%| F|  |TAMS 0x0000000088700000, 0x0000000088700000| Untracked 
| 136|0x0000000088800000, 0x0000000088800000, 0x0000000088900000|  0%| F|  |TAMS 0x0000000088800000, 0x0000000088800000| Untracked 
| 137|0x0000000088900000, 0x0000000088900000, 0x0000000088a00000|  0%| F|  |TAMS 0x0000000088900000, 0x0000000088900000| Untracked 
| 138|0x0000000088a00000, 0x0000000088a00000, 0x0000000088b00000|  0%| F|  |TAMS 0x0000000088a00000, 0x0000000088a00000| Untracked 
| 139|0x0000000088b00000, 0x0000000088b00000, 0x0000000088c00000|  0%| F|  |TAMS 0x0000000088b00000, 0x0000000088b00000| Untracked 
| 140|0x0000000088c00000, 0x0000000088c00000, 0x0000000088d00000|  0%| F|  |TAMS 0x0000000088c00000, 0x0000000088c00000| Untracked 
| 141|0x0000000088d00000, 0x0000000088d00000, 0x0000000088e00000|  0%| F|  |TAMS 0x0000000088d00000, 0x0000000088d00000| Untracked 
| 142|0x0000000088e00000, 0x0000000088e00000, 0x0000000088f00000|  0%| F|  |TAMS 0x0000000088e00000, 0x0000000088e00000| Untracked 
| 143|0x0000000088f00000, 0x0000000088f00000, 0x0000000089000000|  0%| F|  |TAMS 0x0000000088f00000, 0x0000000088f00000| Untracked 
| 144|0x0000000089000000, 0x0000000089000000, 0x0000000089100000|  0%| F|  |TAMS 0x0000000089000000, 0x0000000089000000| Untracked 
| 145|0x0000000089100000, 0x0000000089100000, 0x0000000089200000|  0%| F|  |TAMS 0x0000000089100000, 0x0000000089100000| Untracked 
| 146|0x0000000089200000, 0x0000000089200000, 0x0000000089300000|  0%| F|  |TAMS 0x0000000089200000, 0x0000000089200000| Untracked 
| 147|0x0000000089300000, 0x0000000089300000, 0x0000000089400000|  0%| F|  |TAMS 0x0000000089300000, 0x0000000089300000| Untracked 
| 148|0x0000000089400000, 0x0000000089400000, 0x0000000089500000|  0%| F|  |TAMS 0x0000000089400000, 0x0000000089400000| Untracked 
| 149|0x0000000089500000, 0x0000000089500000, 0x0000000089600000|  0%| F|  |TAMS 0x0000000089500000, 0x0000000089500000| Untracked 
| 150|0x0000000089600000, 0x0000000089600000, 0x0000000089700000|  0%| F|  |TAMS 0x0000000089600000, 0x0000000089600000| Untracked 
| 151|0x0000000089700000, 0x0000000089700000, 0x0000000089800000|  0%| F|  |TAMS 0x0000000089700000, 0x0000000089700000| Untracked 
| 152|0x0000000089800000, 0x0000000089800000, 0x0000000089900000|  0%| F|  |TAMS 0x0000000089800000, 0x0000000089800000| Untracked 
| 153|0x0000000089900000, 0x0000000089900000, 0x0000000089a00000|  0%| F|  |TAMS 0x0000000089900000, 0x0000000089900000| Untracked 
| 154|0x0000000089a00000, 0x0000000089a00000, 0x0000000089b00000|  0%| F|  |TAMS 0x0000000089a00000, 0x0000000089a00000| Untracked 
| 155|0x0000000089b00000, 0x0000000089b00000, 0x0000000089c00000|  0%| F|  |TAMS 0x0000000089b00000, 0x0000000089b00000| Untracked 
| 156|0x0000000089c00000, 0x0000000089c00000, 0x0000000089d00000|  0%| F|  |TAMS 0x0000000089c00000, 0x0000000089c00000| Untracked 
| 157|0x0000000089d00000, 0x0000000089d00000, 0x0000000089e00000|  0%| F|  |TAMS 0x0000000089d00000, 0x0000000089d00000| Untracked 
| 158|0x0000000089e00000, 0x0000000089e00000, 0x0000000089f00000|  0%| F|  |TAMS 0x0000000089e00000, 0x0000000089e00000| Untracked 
| 159|0x0000000089f00000, 0x0000000089f00000, 0x000000008a000000|  0%| F|  |TAMS 0x0000000089f00000, 0x0000000089f00000| Untracked 
| 160|0x000000008a000000, 0x000000008a000000, 0x000000008a100000|  0%| F|  |TAMS 0x000000008a000000, 0x000000008a000000| Untracked 
| 161|0x000000008a100000, 0x000000008a100000, 0x000000008a200000|  0%| F|  |TAMS 0x000000008a100000, 0x000000008a100000| Untracked 
| 162|0x000000008a200000, 0x000000008a200000, 0x000000008a300000|  0%| F|  |TAMS 0x000000008a200000, 0x000000008a200000| Untracked 
| 163|0x000000008a300000, 0x000000008a300000, 0x000000008a400000|  0%| F|  |TAMS 0x000000008a300000, 0x000000008a300000| Untracked 
| 164|0x000000008a400000, 0x000000008a400000, 0x000000008a500000|  0%| F|  |TAMS 0x000000008a400000, 0x000000008a400000| Untracked 
| 165|0x000000008a500000, 0x000000008a500000, 0x000000008a600000|  0%| F|  |TAMS 0x000000008a500000, 0x000000008a500000| Untracked 
| 166|0x000000008a600000, 0x000000008a600000, 0x000000008a700000|  0%| F|  |TAMS 0x000000008a600000, 0x000000008a600000| Untracked 
| 167|0x000000008a700000, 0x000000008a700000, 0x000000008a800000|  0%| F|  |TAMS 0x000000008a700000, 0x000000008a700000| Untracked 
| 168|0x000000008a800000, 0x000000008a800000, 0x000000008a900000|  0%| F|  |TAMS 0x000000008a800000, 0x000000008a800000| Untracked 
| 169|0x000000008a900000, 0x000000008a900000, 0x000000008aa00000|  0%| F|  |TAMS 0x000000008a900000, 0x000000008a900000| Untracked 
| 170|0x000000008aa00000, 0x000000008aa00000, 0x000000008ab00000|  0%| F|  |TAMS 0x000000008aa00000, 0x000000008aa00000| Untracked 
| 171|0x000000008ab00000, 0x000000008ab00000, 0x000000008ac00000|  0%| F|  |TAMS 0x000000008ab00000, 0x000000008ab00000| Untracked 
| 172|0x000000008ac00000, 0x000000008ac00000, 0x000000008ad00000|  0%| F|  |TAMS 0x000000008ac00000, 0x000000008ac00000| Untracked 
| 173|0x000000008ad00000, 0x000000008ad00000, 0x000000008ae00000|  0%| F|  |TAMS 0x000000008ad00000, 0x000000008ad00000| Untracked 
| 174|0x000000008ae00000, 0x000000008ae00000, 0x000000008af00000|  0%| F|  |TAMS 0x000000008ae00000, 0x000000008ae00000| Untracked 
| 175|0x000000008af00000, 0x000000008af00000, 0x000000008b000000|  0%| F|  |TAMS 0x000000008af00000, 0x000000008af00000| Untracked 
| 176|0x000000008b000000, 0x000000008b000000, 0x000000008b100000|  0%| F|  |TAMS 0x000000008b000000, 0x000000008b000000| Untracked 
| 177|0x000000008b100000, 0x000000008b100000, 0x000000008b200000|  0%| F|  |TAMS 0x000000008b100000, 0x000000008b100000| Untracked 
| 178|0x000000008b200000, 0x000000008b200000, 0x000000008b300000|  0%| F|  |TAMS 0x000000008b200000, 0x000000008b200000| Untracked 
| 179|0x000000008b300000, 0x000000008b399078, 0x000000008b400000| 59%| S|CS|TAMS 0x000000008b300000, 0x000000008b300000| Complete 
| 180|0x000000008b400000, 0x000000008b400000, 0x000000008b500000|  0%| F|  |TAMS 0x000000008b400000, 0x000000008b400000| Untracked 
| 181|0x000000008b500000, 0x000000008b500000, 0x000000008b600000|  0%| F|  |TAMS 0x000000008b500000, 0x000000008b500000| Untracked 
| 182|0x000000008b600000, 0x000000008b600000, 0x000000008b700000|  0%| F|  |TAMS 0x000000008b600000, 0x000000008b600000| Untracked 
| 183|0x000000008b700000, 0x000000008b700000, 0x000000008b800000|  0%| F|  |TAMS 0x000000008b700000, 0x000000008b700000| Untracked 
| 184|0x000000008b800000, 0x000000008b800000, 0x000000008b900000|  0%| F|  |TAMS 0x000000008b800000, 0x000000008b800000| Untracked 
| 185|0x000000008b900000, 0x000000008b900000, 0x000000008ba00000|  0%| F|  |TAMS 0x000000008b900000, 0x000000008b900000| Untracked 
| 186|0x000000008ba00000, 0x000000008ba00000, 0x000000008bb00000|  0%| F|  |TAMS 0x000000008ba00000, 0x000000008ba00000| Untracked 
| 187|0x000000008bb00000, 0x000000008bb00000, 0x000000008bc00000|  0%| F|  |TAMS 0x000000008bb00000, 0x000000008bb00000| Untracked 
| 188|0x000000008bc00000, 0x000000008bc00000, 0x000000008bd00000|  0%| F|  |TAMS 0x000000008bc00000, 0x000000008bc00000| Untracked 
| 189|0x000000008bd00000, 0x000000008bd00000, 0x000000008be00000|  0%| F|  |TAMS 0x000000008bd00000, 0x000000008bd00000| Untracked 
| 190|0x000000008be00000, 0x000000008be00000, 0x000000008bf00000|  0%| F|  |TAMS 0x000000008be00000, 0x000000008be00000| Untracked 
| 191|0x000000008bf00000, 0x000000008bf00000, 0x000000008c000000|  0%| F|  |TAMS 0x000000008bf00000, 0x000000008bf00000| Untracked 
| 192|0x000000008c000000, 0x000000008c000000, 0x000000008c100000|  0%| F|  |TAMS 0x000000008c000000, 0x000000008c000000| Untracked 
| 193|0x000000008c100000, 0x000000008c100000, 0x000000008c200000|  0%| F|  |TAMS 0x000000008c100000, 0x000000008c100000| Untracked 
| 194|0x000000008c200000, 0x000000008c200000, 0x000000008c300000|  0%| F|  |TAMS 0x000000008c200000, 0x000000008c200000| Untracked 
| 195|0x000000008c300000, 0x000000008c300000, 0x000000008c400000|  0%| F|  |TAMS 0x000000008c300000, 0x000000008c300000| Untracked 
| 196|0x000000008c400000, 0x000000008c400000, 0x000000008c500000|  0%| F|  |TAMS 0x000000008c400000, 0x000000008c400000| Untracked 
| 197|0x000000008c500000, 0x000000008c500000, 0x000000008c600000|  0%| F|  |TAMS 0x000000008c500000, 0x000000008c500000| Untracked 
| 198|0x000000008c600000, 0x000000008c600000, 0x000000008c700000|  0%| F|  |TAMS 0x000000008c600000, 0x000000008c600000| Untracked 
| 199|0x000000008c700000, 0x000000008c700000, 0x000000008c800000|  0%| F|  |TAMS 0x000000008c700000, 0x000000008c700000| Untracked 
| 200|0x000000008c800000, 0x000000008c800000, 0x000000008c900000|  0%| F|  |TAMS 0x000000008c800000, 0x000000008c800000| Untracked 
| 201|0x000000008c900000, 0x000000008c900000, 0x000000008ca00000|  0%| F|  |TAMS 0x000000008c900000, 0x000000008c900000| Untracked 
| 202|0x000000008ca00000, 0x000000008ca00000, 0x000000008cb00000|  0%| F|  |TAMS 0x000000008ca00000, 0x000000008ca00000| Untracked 
| 203|0x000000008cb00000, 0x000000008cb00000, 0x000000008cc00000|  0%| F|  |TAMS 0x000000008cb00000, 0x000000008cb00000| Untracked 
| 204|0x000000008cc00000, 0x000000008cc00000, 0x000000008cd00000|  0%| F|  |TAMS 0x000000008cc00000, 0x000000008cc00000| Untracked 
| 205|0x000000008cd00000, 0x000000008cd00000, 0x000000008ce00000|  0%| F|  |TAMS 0x000000008cd00000, 0x000000008cd00000| Untracked 
| 206|0x000000008ce00000, 0x000000008ce00000, 0x000000008cf00000|  0%| F|  |TAMS 0x000000008ce00000, 0x000000008ce00000| Untracked 
| 207|0x000000008cf00000, 0x000000008cf00000, 0x000000008d000000|  0%| F|  |TAMS 0x000000008cf00000, 0x000000008cf00000| Untracked 
| 208|0x000000008d000000, 0x000000008d000000, 0x000000008d100000|  0%| F|  |TAMS 0x000000008d000000, 0x000000008d000000| Untracked 
| 209|0x000000008d100000, 0x000000008d100000, 0x000000008d200000|  0%| F|  |TAMS 0x000000008d100000, 0x000000008d100000| Untracked 
| 210|0x000000008d200000, 0x000000008d200000, 0x000000008d300000|  0%| F|  |TAMS 0x000000008d200000, 0x000000008d200000| Untracked 
| 211|0x000000008d300000, 0x000000008d300000, 0x000000008d400000|  0%| F|  |TAMS 0x000000008d300000, 0x000000008d300000| Untracked 
| 212|0x000000008d400000, 0x000000008d400000, 0x000000008d500000|  0%| F|  |TAMS 0x000000008d400000, 0x000000008d400000| Untracked 
| 213|0x000000008d500000, 0x000000008d500000, 0x000000008d600000|  0%| F|  |TAMS 0x000000008d500000, 0x000000008d500000| Untracked 
| 214|0x000000008d600000, 0x000000008d600000, 0x000000008d700000|  0%| F|  |TAMS 0x000000008d600000, 0x000000008d600000| Untracked 
| 215|0x000000008d700000, 0x000000008d700000, 0x000000008d800000|  0%| F|  |TAMS 0x000000008d700000, 0x000000008d700000| Untracked 
| 216|0x000000008d800000, 0x000000008d800000, 0x000000008d900000|  0%| F|  |TAMS 0x000000008d800000, 0x000000008d800000| Untracked 
| 217|0x000000008d900000, 0x000000008d900000, 0x000000008da00000|  0%| F|  |TAMS 0x000000008d900000, 0x000000008d900000| Untracked 
| 218|0x000000008da00000, 0x000000008da00000, 0x000000008db00000|  0%| F|  |TAMS 0x000000008da00000, 0x000000008da00000| Untracked 
| 219|0x000000008db00000, 0x000000008db00000, 0x000000008dc00000|  0%| F|  |TAMS 0x000000008db00000, 0x000000008db00000| Untracked 
| 220|0x000000008dc00000, 0x000000008dc00000, 0x000000008dd00000|  0%| F|  |TAMS 0x000000008dc00000, 0x000000008dc00000| Untracked 
| 221|0x000000008dd00000, 0x000000008dd00000, 0x000000008de00000|  0%| F|  |TAMS 0x000000008dd00000, 0x000000008dd00000| Untracked 
| 222|0x000000008de00000, 0x000000008de00000, 0x000000008df00000|  0%| F|  |TAMS 0x000000008de00000, 0x000000008de00000| Untracked 
| 223|0x000000008df00000, 0x000000008df00000, 0x000000008e000000|  0%| F|  |TAMS 0x000000008df00000, 0x000000008df00000| Untracked 
| 224|0x000000008e000000, 0x000000008e000000, 0x000000008e100000|  0%| F|  |TAMS 0x000000008e000000, 0x000000008e000000| Untracked 
| 225|0x000000008e100000, 0x000000008e100000, 0x000000008e200000|  0%| F|  |TAMS 0x000000008e100000, 0x000000008e100000| Untracked 
| 226|0x000000008e200000, 0x000000008e200000, 0x000000008e300000|  0%| F|  |TAMS 0x000000008e200000, 0x000000008e200000| Untracked 
| 227|0x000000008e300000, 0x000000008e300000, 0x000000008e400000|  0%| F|  |TAMS 0x000000008e300000, 0x000000008e300000| Untracked 
| 228|0x000000008e400000, 0x000000008e400000, 0x000000008e500000|  0%| F|  |TAMS 0x000000008e400000, 0x000000008e400000| Untracked 
| 229|0x000000008e500000, 0x000000008e500000, 0x000000008e600000|  0%| F|  |TAMS 0x000000008e500000, 0x000000008e500000| Untracked 
| 230|0x000000008e600000, 0x000000008e600000, 0x000000008e700000|  0%| F|  |TAMS 0x000000008e600000, 0x000000008e600000| Untracked 
| 231|0x000000008e700000, 0x000000008e700000, 0x000000008e800000|  0%| F|  |TAMS 0x000000008e700000, 0x000000008e700000| Untracked 
| 232|0x000000008e800000, 0x000000008e800000, 0x000000008e900000|  0%| F|  |TAMS 0x000000008e800000, 0x000000008e800000| Untracked 
| 233|0x000000008e900000, 0x000000008e900000, 0x000000008ea00000|  0%| F|  |TAMS 0x000000008e900000, 0x000000008e900000| Untracked 
| 234|0x000000008ea00000, 0x000000008ea00000, 0x000000008eb00000|  0%| F|  |TAMS 0x000000008ea00000, 0x000000008ea00000| Untracked 
| 235|0x000000008eb00000, 0x000000008eb00000, 0x000000008ec00000|  0%| F|  |TAMS 0x000000008eb00000, 0x000000008eb00000| Untracked 
| 236|0x000000008ec00000, 0x000000008ec00000, 0x000000008ed00000|  0%| F|  |TAMS 0x000000008ec00000, 0x000000008ec00000| Untracked 
| 237|0x000000008ed00000, 0x000000008ed00000, 0x000000008ee00000|  0%| F|  |TAMS 0x000000008ed00000, 0x000000008ed00000| Untracked 
| 238|0x000000008ee00000, 0x000000008ee00000, 0x000000008ef00000|  0%| F|  |TAMS 0x000000008ee00000, 0x000000008ee00000| Untracked 
| 239|0x000000008ef00000, 0x000000008ef00000, 0x000000008f000000|  0%| F|  |TAMS 0x000000008ef00000, 0x000000008ef00000| Untracked 
| 240|0x000000008f000000, 0x000000008f000000, 0x000000008f100000|  0%| F|  |TAMS 0x000000008f000000, 0x000000008f000000| Untracked 
| 241|0x000000008f100000, 0x000000008f100000, 0x000000008f200000|  0%| F|  |TAMS 0x000000008f100000, 0x000000008f100000| Untracked 
| 242|0x000000008f200000, 0x000000008f200000, 0x000000008f300000|  0%| F|  |TAMS 0x000000008f200000, 0x000000008f200000| Untracked 
| 243|0x000000008f300000, 0x000000008f300000, 0x000000008f400000|  0%| F|  |TAMS 0x000000008f300000, 0x000000008f300000| Untracked 
| 244|0x000000008f400000, 0x000000008f400000, 0x000000008f500000|  0%| F|  |TAMS 0x000000008f400000, 0x000000008f400000| Untracked 
| 245|0x000000008f500000, 0x000000008f500000, 0x000000008f600000|  0%| F|  |TAMS 0x000000008f500000, 0x000000008f500000| Untracked 
| 246|0x000000008f600000, 0x000000008f600000, 0x000000008f700000|  0%| F|  |TAMS 0x000000008f600000, 0x000000008f600000| Untracked 
| 247|0x000000008f700000, 0x000000008f700000, 0x000000008f800000|  0%| F|  |TAMS 0x000000008f700000, 0x000000008f700000| Untracked 
| 248|0x000000008f800000, 0x000000008f800000, 0x000000008f900000|  0%| F|  |TAMS 0x000000008f800000, 0x000000008f800000| Untracked 
| 249|0x000000008f900000, 0x000000008f900000, 0x000000008fa00000|  0%| F|  |TAMS 0x000000008f900000, 0x000000008f900000| Untracked 
| 250|0x000000008fa00000, 0x000000008fa00000, 0x000000008fb00000|  0%| F|  |TAMS 0x000000008fa00000, 0x000000008fa00000| Untracked 
| 251|0x000000008fb00000, 0x000000008fb00000, 0x000000008fc00000|  0%| F|  |TAMS 0x000000008fb00000, 0x000000008fb00000| Untracked 
| 252|0x000000008fc00000, 0x000000008fc00000, 0x000000008fd00000|  0%| F|  |TAMS 0x000000008fc00000, 0x000000008fc00000| Untracked 
| 253|0x000000008fd00000, 0x000000008fd00000, 0x000000008fe00000|  0%| F|  |TAMS 0x000000008fd00000, 0x000000008fd00000| Untracked 
| 254|0x000000008fe00000, 0x000000008fe28898, 0x000000008ff00000| 15%| E|  |TAMS 0x000000008fe00000, 0x000000008fe00000| Complete 
| 255|0x000000008ff00000, 0x0000000090000000, 0x0000000090000000|100%| E|CS|TAMS 0x000000008ff00000, 0x000000008ff00000| Complete 
| 256|0x0000000090000000, 0x0000000090100000, 0x0000000090100000|100%| E|CS|TAMS 0x0000000090000000, 0x0000000090000000| Complete 
| 257|0x0000000090100000, 0x0000000090200000, 0x0000000090200000|100%| E|CS|TAMS 0x0000000090100000, 0x0000000090100000| Complete 
| 258|0x0000000090200000, 0x0000000090300000, 0x0000000090300000|100%| E|CS|TAMS 0x0000000090200000, 0x0000000090200000| Complete 
| 259|0x0000000090300000, 0x0000000090400000, 0x0000000090400000|100%| E|CS|TAMS 0x0000000090300000, 0x0000000090300000| Complete 
| 260|0x0000000090400000, 0x0000000090500000, 0x0000000090500000|100%| E|CS|TAMS 0x0000000090400000, 0x0000000090400000| Complete 
| 261|0x0000000090500000, 0x0000000090600000, 0x0000000090600000|100%| E|CS|TAMS 0x0000000090500000, 0x0000000090500000| Complete 
| 262|0x0000000090600000, 0x0000000090700000, 0x0000000090700000|100%| E|CS|TAMS 0x0000000090600000, 0x0000000090600000| Complete 
| 263|0x0000000090700000, 0x0000000090800000, 0x0000000090800000|100%| E|CS|TAMS 0x0000000090700000, 0x0000000090700000| Complete 
| 264|0x0000000090800000, 0x0000000090900000, 0x0000000090900000|100%| E|CS|TAMS 0x0000000090800000, 0x0000000090800000| Complete 
| 265|0x0000000090900000, 0x0000000090a00000, 0x0000000090a00000|100%| E|CS|TAMS 0x0000000090900000, 0x0000000090900000| Complete 
| 266|0x0000000090a00000, 0x0000000090b00000, 0x0000000090b00000|100%| E|CS|TAMS 0x0000000090a00000, 0x0000000090a00000| Complete 
| 267|0x0000000090b00000, 0x0000000090c00000, 0x0000000090c00000|100%| E|CS|TAMS 0x0000000090b00000, 0x0000000090b00000| Complete 

Card table byte_map: [0x0000021b5f370000,0x0000021b5f770000] _byte_map_base: 0x0000021b5ef70000

Marking Bits (Prev, Next): (CMBitMap*) 0x0000021b4c7c9230, (CMBitMap*) 0x0000021b4c7c9270
 Prev Bits: [0x0000021b5fb70000, 0x0000021b61b70000)
 Next Bits: [0x0000021b61b70000, 0x0000021b63b70000)

Polling page: 0x0000021b4a620000

Metaspace:

Usage:
  Non-class:     78.12 MB used.
      Class:     12.38 MB used.
       Both:     90.50 MB used.

Virtual space:
  Non-class space:       80.00 MB reserved,      78.44 MB ( 98%) committed,  10 nodes.
      Class space:        1.00 GB reserved,      12.62 MB (  1%) committed,  1 nodes.
             Both:        1.08 GB reserved,      91.06 MB (  8%) committed. 

Chunk freelists:
   Non-Class:  944.00 KB
       Class:  3.38 MB
        Both:  4.30 MB

MaxMetaspaceSize: unlimited
CompressedClassSpaceSize: 1.00 GB
Initial GC threshold: 21.00 MB
Current GC threshold: 143.06 MB
CDS: off
MetaspaceReclaimPolicy: balanced
 - commit_granule_bytes: 65536.
 - commit_granule_words: 8192.
 - virtual_space_node_default_size: 1048576.
 - enlarge_chunks_in_place: 1.
 - new_chunks_are_fully_committed: 0.
 - uncommit_free_chunks: 1.
 - use_allocation_guard: 0.
 - handle_deallocations: 1.


Internal statistics:

num_allocs_failed_limit: 6.
num_arena_births: 862.
num_arena_deaths: 14.
num_vsnodes_births: 11.
num_vsnodes_deaths: 0.
num_space_committed: 1457.
num_space_uncommitted: 0.
num_chunks_returned_to_freelist: 24.
num_chunks_taken_from_freelist: 4203.
num_chunk_merges: 13.
num_chunk_splits: 2797.
num_chunks_enlarged: 1900.
num_purges: 2.
num_inconsistent_stats: 0.

CodeHeap 'non-profiled nmethods': size=120000Kb used=5485Kb max_used=5874Kb free=114514Kb
 bounds [0x0000021b57710000, 0x0000021b57cd0000, 0x0000021b5ec40000]
CodeHeap 'profiled nmethods': size=120000Kb used=17882Kb max_used=18359Kb free=102117Kb
 bounds [0x0000021b4fc40000, 0x0000021b50e60000, 0x0000021b57170000]
CodeHeap 'non-nmethods': size=5760Kb used=2404Kb max_used=2431Kb free=3355Kb
 bounds [0x0000021b57170000, 0x0000021b573e0000, 0x0000021b57710000]
 total_blobs=10187 nmethods=9262 adapters=835
 compilation: enabled
              stopped_count=0, restarted_count=0
 full_count=0

Compilation events (20 events):
Event: 17.730 Thread 0x0000021b6709e880 10725       3       kotlin.reflect.jvm.internal.impl.name.ClassId::getPackageFqName (13 bytes)
Event: 17.730 Thread 0x0000021b6709e880 nmethod 10725 0x0000021b50114d10 code [0x0000021b50114ec0, 0x0000021b50115048]
Event: 17.730 Thread 0x0000021b6709e880 10721       1       kotlin.reflect.jvm.internal.impl.serialization.deserialization.DeserializationContext::getTypeTable (5 bytes)
Event: 17.730 Thread 0x0000021b6709e880 nmethod 10721 0x0000021b579a8290 code [0x0000021b579a8420, 0x0000021b579a84f8]
Event: 17.730 Thread 0x0000021b6709e880 10722       1       kotlin.reflect.jvm.internal.impl.serialization.deserialization.DeserializationComponents::getClassDataFinder (5 bytes)
Event: 17.730 Thread 0x0000021b6709e880 nmethod 10722 0x0000021b579a7f90 code [0x0000021b579a8120, 0x0000021b579a81f8]
Event: 17.731 Thread 0x0000021b6709e880 10726       3       kotlin.reflect.jvm.internal.impl.name.ClassId::equals (74 bytes)
Event: 17.731 Thread 0x0000021b6709e880 nmethod 10726 0x0000021b5025ab90 code [0x0000021b5025ad80, 0x0000021b5025b238]
Event: 17.732 Thread 0x0000021b6709e880 10727       3       java.io.ByteArrayInputStream::<init> (26 bytes)
Event: 17.732 Thread 0x0000021b6709e880 nmethod 10727 0x0000021b50940d10 code [0x0000021b50940ec0, 0x0000021b509410f8]
Event: 17.732 Thread 0x0000021b6709e880 10728       3       kotlin.reflect.jvm.internal.impl.storage.LockBasedStorageManager::createMemoizedFunctionWithNullableValues (27 bytes)
Event: 17.732 Thread 0x0000021b6709e880 nmethod 10728 0x0000021b5025a310 code [0x0000021b5025a4e0, 0x0000021b5025a7b8]
Event: 17.732 Thread 0x0000021b6709e880 10729       3       kotlin.reflect.jvm.internal.impl.storage.LockBasedStorageManager::createMemoizedFunctionWithNullableValues (29 bytes)
Event: 17.733 Thread 0x0000021b6709e880 nmethod 10729 0x0000021b50296b10 code [0x0000021b50296ce0, 0x0000021b50296f68]
Event: 17.737 Thread 0x0000021b6709e880 10730       3       kotlin.reflect.jvm.internal.impl.storage.StorageKt::getValue (19 bytes)
Event: 17.737 Thread 0x0000021b6709e880 nmethod 10730 0x0000021b50157090 code [0x0000021b50157320, 0x0000021b50157dc8]
Event: 17.738 Thread 0x0000021b6709e880 10733       3       kotlin.reflect.jvm.internal.impl.metadata.jvm.deserialization.UtfEncodingKt::stringsToBytes (173 bytes)
Event: 17.738 Thread 0x0000021b6a9114f0 10734       4       java.lang.StringLatin1::lastIndexOf (125 bytes)
Event: 17.740 Thread 0x0000021b6709e880 nmethod 10733 0x0000021b50188290 code [0x0000021b50188560, 0x0000021b501895b8]
Event: 17.740 Thread 0x0000021b6709e880 10735       3       java.lang.Class::getEnclosingConstructor (180 bytes)

GC Heap History (20 events):
Event: 13.172 GC heap before
{Heap before GC invocations=33 (full 0):
 garbage-first heap   total 101376K, used 82596K [0x0000000080000000, 0x0000000100000000)
  region size 1024K, 28 young (28672K), 4 survivors (4096K)
 Metaspace       used 74780K, committed 75328K, reserved 1114112K
  class space    used 10127K, committed 10368K, reserved 1048576K
}
Event: 13.178 GC heap after
{Heap after GC invocations=34 (full 0):
 garbage-first heap   total 101376K, used 60436K [0x0000000080000000, 0x0000000100000000)
  region size 1024K, 4 young (4096K), 4 survivors (4096K)
 Metaspace       used 74780K, committed 75328K, reserved 1114112K
  class space    used 10127K, committed 10368K, reserved 1048576K
}
Event: 13.676 GC heap before
{Heap before GC invocations=35 (full 0):
 garbage-first heap   total 109568K, used 82964K [0x0000000080000000, 0x0000000100000000)
  region size 1024K, 26 young (26624K), 4 survivors (4096K)
 Metaspace       used 76924K, committed 77504K, reserved 1122304K
  class space    used 10453K, committed 10688K, reserved 1048576K
}
Event: 13.682 GC heap after
{Heap after GC invocations=36 (full 0):
 garbage-first heap   total 109568K, used 61831K [0x0000000080000000, 0x0000000100000000)
  region size 1024K, 2 young (2048K), 2 survivors (2048K)
 Metaspace       used 76924K, committed 77504K, reserved 1122304K
  class space    used 10453K, committed 10688K, reserved 1048576K
}
Event: 14.403 GC heap before
{Heap before GC invocations=36 (full 0):
 garbage-first heap   total 109568K, used 89479K [0x0000000080000000, 0x0000000100000000)
  region size 1024K, 29 young (29696K), 2 survivors (2048K)
 Metaspace       used 80637K, committed 81280K, reserved 1122304K
  class space    used 10979K, committed 11264K, reserved 1048576K
}
Event: 14.407 GC heap after
{Heap after GC invocations=37 (full 0):
 garbage-first heap   total 132096K, used 63868K [0x0000000080000000, 0x0000000100000000)
  region size 1024K, 4 young (4096K), 4 survivors (4096K)
 Metaspace       used 80637K, committed 81280K, reserved 1122304K
  class space    used 10979K, committed 11264K, reserved 1048576K
}
Event: 14.940 GC heap before
{Heap before GC invocations=38 (full 0):
 garbage-first heap   total 132096K, used 106876K [0x0000000080000000, 0x0000000100000000)
  region size 1024K, 46 young (47104K), 4 survivors (4096K)
 Metaspace       used 81686K, committed 82304K, reserved 1122304K
  class space    used 11128K, committed 11392K, reserved 1048576K
}
Event: 14.949 GC heap after
{Heap after GC invocations=39 (full 0):
 garbage-first heap   total 132096K, used 69858K [0x0000000080000000, 0x0000000100000000)
  region size 1024K, 6 young (6144K), 6 survivors (6144K)
 Metaspace       used 81686K, committed 82304K, reserved 1122304K
  class space    used 11128K, committed 11392K, reserved 1048576K
}
Event: 14.960 GC heap before
{Heap before GC invocations=39 (full 0):
 garbage-first heap   total 132096K, used 70882K [0x0000000080000000, 0x0000000100000000)
  region size 1024K, 7 young (7168K), 6 survivors (6144K)
 Metaspace       used 81686K, committed 82304K, reserved 1122304K
  class space    used 11128K, committed 11392K, reserved 1048576K
}
Event: 14.966 GC heap after
{Heap after GC invocations=40 (full 0):
 garbage-first heap   total 132096K, used 70455K [0x0000000080000000, 0x0000000100000000)
  region size 1024K, 1 young (1024K), 1 survivors (1024K)
 Metaspace       used 81686K, committed 82304K, reserved 1122304K
  class space    used 11128K, committed 11392K, reserved 1048576K
}
Event: 15.690 GC heap before
{Heap before GC invocations=40 (full 0):
 garbage-first heap   total 132096K, used 107319K [0x0000000080000000, 0x0000000100000000)
  region size 1024K, 37 young (37888K), 1 survivors (1024K)
 Metaspace       used 84106K, committed 84800K, reserved 1130496K
  class space    used 11634K, committed 11968K, reserved 1048576K
}
Event: 15.697 GC heap after
{Heap after GC invocations=41 (full 0):
 garbage-first heap   total 132096K, used 73880K [0x0000000080000000, 0x0000000100000000)
  region size 1024K, 5 young (5120K), 5 survivors (5120K)
 Metaspace       used 84106K, committed 84800K, reserved 1130496K
  class space    used 11634K, committed 11968K, reserved 1048576K
}
Event: 16.181 GC heap before
{Heap before GC invocations=42 (full 0):
 garbage-first heap   total 135168K, used 105624K [0x0000000080000000, 0x0000000100000000)
  region size 1024K, 37 young (37888K), 5 survivors (5120K)
 Metaspace       used 84338K, committed 85056K, reserved 1130496K
  class space    used 11640K, committed 11968K, reserved 1048576K
}
Event: 16.186 GC heap after
{Heap after GC invocations=43 (full 0):
 garbage-first heap   total 135168K, used 76036K [0x0000000080000000, 0x0000000100000000)
  region size 1024K, 3 young (3072K), 3 survivors (3072K)
 Metaspace       used 84338K, committed 85056K, reserved 1130496K
  class space    used 11640K, committed 11968K, reserved 1048576K
}
Event: 16.841 GC heap before
{Heap before GC invocations=43 (full 0):
 garbage-first heap   total 135168K, used 108804K [0x0000000080000000, 0x0000000100000000)
  region size 1024K, 36 young (36864K), 3 survivors (3072K)
 Metaspace       used 86986K, committed 87616K, reserved 1130496K
  class space    used 11901K, committed 12160K, reserved 1048576K
}
Event: 16.845 GC heap after
{Heap after GC invocations=44 (full 0):
 garbage-first heap   total 135168K, used 77939K [0x0000000080000000, 0x0000000100000000)
  region size 1024K, 5 young (5120K), 5 survivors (5120K)
 Metaspace       used 86986K, committed 87616K, reserved 1130496K
  class space    used 11901K, committed 12160K, reserved 1048576K
}
Event: 17.557 GC heap before
{Heap before GC invocations=45 (full 0):
 garbage-first heap   total 137216K, used 109683K [0x0000000080000000, 0x0000000100000000)
  region size 1024K, 37 young (37888K), 5 survivors (5120K)
 Metaspace       used 91579K, committed 92160K, reserved 1130496K
  class space    used 12515K, committed 12800K, reserved 1048576K
}
Event: 17.563 GC heap after
{Heap after GC invocations=46 (full 0):
 garbage-first heap   total 137216K, used 79636K [0x0000000080000000, 0x0000000100000000)
  region size 1024K, 4 young (4096K), 4 survivors (4096K)
 Metaspace       used 91579K, committed 92160K, reserved 1130496K
  class space    used 12515K, committed 12800K, reserved 1048576K
}
Event: 17.597 GC heap before
{Heap before GC invocations=46 (full 0):
 garbage-first heap   total 137216K, used 81684K [0x0000000080000000, 0x0000000100000000)
  region size 1024K, 6 young (6144K), 4 survivors (4096K)
 Metaspace       used 91909K, committed 92544K, reserved 1130496K
  class space    used 12561K, committed 12864K, reserved 1048576K
}
Event: 17.603 GC heap after
{Heap after GC invocations=47 (full 0):
 garbage-first heap   total 274432K, used 79694K [0x0000000080000000, 0x0000000100000000)
  region size 1024K, 1 young (1024K), 1 survivors (1024K)
 Metaspace       used 91909K, committed 92544K, reserved 1130496K
  class space    used 12561K, committed 12864K, reserved 1048576K
}

Dll operation events (2 events):
Event: 0.021 Loaded shared library C:\Program Files\Android\Android Studio\jbr\bin\java.dll
Event: 0.785 Loaded shared library C:\Program Files\Android\Android Studio\jbr\bin\verify.dll

Deoptimization events (20 events):
Event: 17.467 Thread 0x0000021b6a7f41e0 Uncommon trap: trap_request=0xffffff45 fr.pc=0x0000021b57a17e14 relative=0x00000000000001f4
Event: 17.467 Thread 0x0000021b6a7f41e0 Uncommon trap: reason=unstable_if action=reinterpret pc=0x0000021b57a17e14 method=kotlin.reflect.jvm.internal.impl.protobuf.CodedInputStream.readRawVarint32()I @ 69 c2
Event: 17.467 Thread 0x0000021b6a7f41e0 DEOPT PACKING pc=0x0000021b57a17e14 sp=0x0000008f556f51f0
Event: 17.467 Thread 0x0000021b6a7f41e0 DEOPT UNPACKING pc=0x0000021b571c69a3 sp=0x0000008f556f5178 mode 2
Event: 17.582 Thread 0x0000021b6a7f41e0 Uncommon trap: trap_request=0xffffffde fr.pc=0x0000021b57ca68f8 relative=0x0000000000000498
Event: 17.582 Thread 0x0000021b6a7f41e0 Uncommon trap: reason=class_check action=maybe_recompile pc=0x0000021b57ca68f8 method=kotlin.reflect.jvm.internal.impl.protobuf.CodedInputStream.tryRefillBuffer(I)Z @ 175 c2
Event: 17.582 Thread 0x0000021b6a7f41e0 DEOPT PACKING pc=0x0000021b57ca68f8 sp=0x0000008f556f8c70
Event: 17.582 Thread 0x0000021b6a7f41e0 DEOPT UNPACKING pc=0x0000021b571c69a3 sp=0x0000008f556f8b58 mode 2
Event: 17.585 Thread 0x0000021b6a7f41e0 Uncommon trap: trap_request=0xffffffde fr.pc=0x0000021b57ca68f8 relative=0x0000000000000498
Event: 17.585 Thread 0x0000021b6a7f41e0 Uncommon trap: reason=class_check action=maybe_recompile pc=0x0000021b57ca68f8 method=kotlin.reflect.jvm.internal.impl.protobuf.CodedInputStream.tryRefillBuffer(I)Z @ 175 c2
Event: 17.585 Thread 0x0000021b6a7f41e0 DEOPT PACKING pc=0x0000021b57ca68f8 sp=0x0000008f556f8c70
Event: 17.585 Thread 0x0000021b6a7f41e0 DEOPT UNPACKING pc=0x0000021b571c69a3 sp=0x0000008f556f8b58 mode 2
Event: 17.585 Thread 0x0000021b6a7f41e0 Uncommon trap: trap_request=0xffffffde fr.pc=0x0000021b57ca68f8 relative=0x0000000000000498
Event: 17.585 Thread 0x0000021b6a7f41e0 Uncommon trap: reason=class_check action=maybe_recompile pc=0x0000021b57ca68f8 method=kotlin.reflect.jvm.internal.impl.protobuf.CodedInputStream.tryRefillBuffer(I)Z @ 175 c2
Event: 17.585 Thread 0x0000021b6a7f41e0 DEOPT PACKING pc=0x0000021b57ca68f8 sp=0x0000008f556f8d70
Event: 17.585 Thread 0x0000021b6a7f41e0 DEOPT UNPACKING pc=0x0000021b571c69a3 sp=0x0000008f556f8c58 mode 2
Event: 17.587 Thread 0x0000021b6a7f41e0 Uncommon trap: trap_request=0xffffffde fr.pc=0x0000021b57ca68f8 relative=0x0000000000000498
Event: 17.587 Thread 0x0000021b6a7f41e0 Uncommon trap: reason=class_check action=maybe_recompile pc=0x0000021b57ca68f8 method=kotlin.reflect.jvm.internal.impl.protobuf.CodedInputStream.tryRefillBuffer(I)Z @ 175 c2
Event: 17.587 Thread 0x0000021b6a7f41e0 DEOPT PACKING pc=0x0000021b57ca68f8 sp=0x0000008f556f8d70
Event: 17.587 Thread 0x0000021b6a7f41e0 DEOPT UNPACKING pc=0x0000021b571c69a3 sp=0x0000008f556f8c58 mode 2

Classes unloaded (7 events):
Event: 16.942 Thread 0x0000021b665e9d00 Unloading class 0x0000000100b91c00 'java/lang/invoke/LambdaForm$DMH+0x0000000100b91c00'
Event: 16.942 Thread 0x0000021b665e9d00 Unloading class 0x0000000100b91800 'java/lang/invoke/LambdaForm$DMH+0x0000000100b91800'
Event: 16.942 Thread 0x0000021b665e9d00 Unloading class 0x0000000100b91400 'java/lang/invoke/LambdaForm$DMH+0x0000000100b91400'
Event: 16.942 Thread 0x0000021b665e9d00 Unloading class 0x0000000100b91000 'java/lang/invoke/LambdaForm$DMH+0x0000000100b91000'
Event: 16.942 Thread 0x0000021b665e9d00 Unloading class 0x0000000100b90c00 'java/lang/invoke/LambdaForm$DMH+0x0000000100b90c00'
Event: 16.942 Thread 0x0000021b665e9d00 Unloading class 0x0000000100b90800 'java/lang/invoke/LambdaForm$DMH+0x0000000100b90800'
Event: 16.942 Thread 0x0000021b665e9d00 Unloading class 0x0000000100b90000 'java/lang/invoke/LambdaForm$DMH+0x0000000100b90000'

Classes redefined (0 events):
No events

Internal exceptions (20 events):
Event: 15.609 Thread 0x0000021b6a7f2ea0 Exception <a 'java/lang/NoSuchMethodError'{0x000000008610d3c0}: 'java.lang.Object java.lang.invoke.DirectMethodHandle$Holder.invokeSpecialIFC(java.lang.Object, java.lang.Object, java.lang.Object)'> (0x000000008610d3c0) 
thrown [s\src\hotspot\share\interpreter\linkResolver.cpp, line 771]
Event: 15.609 Thread 0x0000021b6895d560 Exception <a 'java/lang/NoSuchMethodError'{0x0000000086155fb0}: 'java.lang.Object java.lang.invoke.DirectMethodHandle$Holder.invokeSpecialIFC(java.lang.Object, java.lang.Object, java.lang.Object)'> (0x0000000086155fb0) 
thrown [s\src\hotspot\share\interpreter\linkResolver.cpp, line 771]
Event: 15.609 Thread 0x0000021b69440050 Exception <a 'java/lang/NoSuchMethodError'{0x000000008615f930}: 'java.lang.Object java.lang.invoke.DirectMethodHandle$Holder.invokeSpecialIFC(java.lang.Object, java.lang.Object, java.lang.Object)'> (0x000000008615f930) 
thrown [s\src\hotspot\share\interpreter\linkResolver.cpp, line 771]
Event: 15.610 Thread 0x0000021b6895b3b0 Exception <a 'java/lang/NoSuchMethodError'{0x000000008613a6e8}: 'java.lang.Object java.lang.invoke.DirectMethodHandle$Holder.invokeSpecialIFC(java.lang.Object, java.lang.Object, java.lang.Object)'> (0x000000008613a6e8) 
thrown [s\src\hotspot\share\interpreter\linkResolver.cpp, line 771]
Event: 15.609 Thread 0x0000021b6ae01db0 Exception <a 'java/lang/NoSuchMethodError'{0x00000000862fac88}: 'java.lang.Object java.lang.invoke.DirectMethodHandle$Holder.invokeSpecialIFC(java.lang.Object, java.lang.Object, java.lang.Object)'> (0x00000000862fac88) 
thrown [s\src\hotspot\share\interpreter\linkResolver.cpp, line 771]
Event: 16.089 Thread 0x0000021b6adffc00 Exception <a 'java/lang/NoSuchMethodError'{0x000000008b23f6a0}: 'void java.lang.invoke.DirectMethodHandle$Holder.invokeVirtual(java.lang.Object, java.lang.Object)'> (0x000000008b23f6a0) 
thrown [s\src\hotspot\share\interpreter\linkResolver.cpp, line 771]
Event: 16.165 Thread 0x0000021b6ae00f40 Implicit null exception at 0x0000021b57c756db to 0x0000021b57c75764
Event: 16.476 Thread 0x0000021b69440ec0 Implicit null exception at 0x0000021b57c9f884 to 0x0000021b57c9fa08
Event: 16.668 Thread 0x0000021b6a7f41e0 Exception <a 'sun/nio/fs/WindowsException'{0x00000000869201b0}> (0x00000000869201b0) 
thrown [s\src\hotspot\share\prims\jni.cpp, line 517]
Event: 16.668 Thread 0x0000021b6a7f41e0 Exception <a 'sun/nio/fs/WindowsException'{0x0000000086920640}> (0x0000000086920640) 
thrown [s\src\hotspot\share\prims\jni.cpp, line 517]
Event: 16.670 Thread 0x0000021b6a7f41e0 Exception <a 'sun/nio/fs/WindowsException'{0x0000000086922608}> (0x0000000086922608) 
thrown [s\src\hotspot\share\prims\jni.cpp, line 517]
Event: 16.670 Thread 0x0000021b6a7f41e0 Exception <a 'sun/nio/fs/WindowsException'{0x00000000869229e8}> (0x00000000869229e8) 
thrown [s\src\hotspot\share\prims\jni.cpp, line 517]
Event: 16.673 Thread 0x0000021b6a7f41e0 Exception <a 'sun/nio/fs/WindowsException'{0x0000000086924960}> (0x0000000086924960) 
thrown [s\src\hotspot\share\prims\jni.cpp, line 517]
Event: 16.673 Thread 0x0000021b6a7f41e0 Exception <a 'sun/nio/fs/WindowsException'{0x0000000086924d08}> (0x0000000086924d08) 
thrown [s\src\hotspot\share\prims\jni.cpp, line 517]
Event: 17.068 Thread 0x0000021b6a7f41e0 Implicit null exception at 0x0000021b57a7d2f2 to 0x0000021b57a7d9dc
Event: 17.178 Thread 0x0000021b683fd850 Exception <a 'java/lang/NoSuchMethodError'{0x0000000087c30658}: static [Ljava/lang/Object;.<clinit>()V> (0x0000000087c30658) 
thrown [s\src\hotspot\share\prims\jni.cpp, line 1108]
Event: 17.191 Thread 0x0000021b6a7f41e0 Exception <a 'sun/nio/fs/WindowsException'{0x0000000087c6ac30}> (0x0000000087c6ac30) 
thrown [s\src\hotspot\share\prims\jni.cpp, line 517]
Event: 17.191 Thread 0x0000021b6a7f41e0 Exception <a 'sun/nio/fs/WindowsException'{0x0000000087c6b018}> (0x0000000087c6b018) 
thrown [s\src\hotspot\share\prims\jni.cpp, line 517]
Event: 17.193 Thread 0x0000021b6a7f41e0 Exception <a 'sun/nio/fs/WindowsException'{0x0000000087c6cfe0}> (0x0000000087c6cfe0) 
thrown [s\src\hotspot\share\prims\jni.cpp, line 517]
Event: 17.193 Thread 0x0000021b6a7f41e0 Exception <a 'sun/nio/fs/WindowsException'{0x0000000087c6d3d0}> (0x0000000087c6d3d0) 
thrown [s\src\hotspot\share\prims\jni.cpp, line 517]

VM Operations (20 events):
Event: 16.876 Executing VM operation: HandshakeAllThreads
Event: 16.876 Executing VM operation: HandshakeAllThreads done
Event: 16.883 Executing VM operation: HandshakeAllThreads
Event: 16.884 Executing VM operation: HandshakeAllThreads done
Event: 16.941 Executing VM operation: G1Concurrent
Event: 16.950 Executing VM operation: G1Concurrent done
Event: 16.986 Executing VM operation: G1Concurrent
Event: 16.986 Executing VM operation: G1Concurrent done
Event: 17.098 Executing VM operation: HandshakeAllThreads
Event: 17.098 Executing VM operation: HandshakeAllThreads done
Event: 17.103 Executing VM operation: HandshakeAllThreads
Event: 17.104 Executing VM operation: HandshakeAllThreads done
Event: 17.168 Executing VM operation: HandshakeAllThreads
Event: 17.168 Executing VM operation: HandshakeAllThreads done
Event: 17.169 Executing VM operation: HandshakeAllThreads
Event: 17.170 Executing VM operation: HandshakeAllThreads done
Event: 17.556 Executing VM operation: G1CollectForAllocation
Event: 17.563 Executing VM operation: G1CollectForAllocation done
Event: 17.597 Executing VM operation: G1CollectForAllocation
Event: 17.603 Executing VM operation: G1CollectForAllocation done

Events (20 events):
Event: 17.118 Thread 0x0000021b670b1950 flushing nmethod 0x0000021b50c0fd10
Event: 17.118 Thread 0x0000021b670b1950 flushing nmethod 0x0000021b50c23a10
Event: 17.118 Thread 0x0000021b670b1950 flushing nmethod 0x0000021b50c25f10
Event: 17.118 Thread 0x0000021b670b1950 flushing nmethod 0x0000021b50c2d090
Event: 17.118 Thread 0x0000021b670b1950 flushing nmethod 0x0000021b50c2e390
Event: 17.118 Thread 0x0000021b670b1950 flushing nmethod 0x0000021b50c32690
Event: 17.118 Thread 0x0000021b670b1950 flushing nmethod 0x0000021b50c3c490
Event: 17.118 Thread 0x0000021b670b1950 flushing nmethod 0x0000021b50c3cd10
Event: 17.118 Thread 0x0000021b670b1950 flushing nmethod 0x0000021b50c3ef90
Event: 17.118 Thread 0x0000021b670b1950 flushing nmethod 0x0000021b50c3f510
Event: 17.118 Thread 0x0000021b670b1950 flushing nmethod 0x0000021b50c6f290
Event: 17.118 Thread 0x0000021b670b1950 flushing nmethod 0x0000021b50c82890
Event: 17.118 Thread 0x0000021b670b1950 flushing nmethod 0x0000021b50c83610
Event: 17.118 Thread 0x0000021b670b1950 flushing nmethod 0x0000021b50c84b90
Event: 17.118 Thread 0x0000021b670b1950 flushing nmethod 0x0000021b50cb1e90
Event: 17.119 Thread 0x0000021b670b1950 flushing nmethod 0x0000021b50d6ba10
Event: 17.590 Thread 0x0000021b6a913350 Thread exited: 0x0000021b6a913350
Event: 17.614 loading class java/util/ArrayList$SubList$1
Event: 17.615 loading class java/util/ArrayList$SubList$1 done
Event: 17.738 Thread 0x0000021b6a9114f0 Thread added: 0x0000021b6a9114f0


Dynamic libraries:
0x00007ff7ce260000 - 0x00007ff7ce26a000 	C:\Program Files\Android\Android Studio\jbr\bin\java.exe
0x00007ff96df10000 - 0x00007ff96e108000 	C:\WINDOWS\SYSTEM32\ntdll.dll
0x00007ff96dc80000 - 0x00007ff96dd3f000 	C:\WINDOWS\System32\KERNEL32.DLL
0x00007ff96bae0000 - 0x00007ff96bdba000 	C:\WINDOWS\System32\KERNELBASE.dll
0x00007ff96b7e0000 - 0x00007ff96b8e0000 	C:\WINDOWS\System32\ucrtbase.dll
0x00007ff966b90000 - 0x00007ff966bab000 	C:\Program Files\Android\Android Studio\jbr\bin\VCRUNTIME140.dll
0x00007ff954bc0000 - 0x00007ff954bd7000 	C:\Program Files\Android\Android Studio\jbr\bin\jli.dll
0x00007ff96cfa0000 - 0x00007ff96d13d000 	C:\WINDOWS\System32\USER32.dll
0x00007ff96bdc0000 - 0x00007ff96bde2000 	C:\WINDOWS\System32\win32u.dll
0x00007ff96d140000 - 0x00007ff96d16b000 	C:\WINDOWS\System32\GDI32.dll
0x00007ff96b620000 - 0x00007ff96b730000 	C:\WINDOWS\System32\gdi32full.dll
0x00007ff96b8e0000 - 0x00007ff96b97d000 	C:\WINDOWS\System32\msvcp_win.dll
0x00007ff9547b0000 - 0x00007ff954a4a000 	C:\WINDOWS\WinSxS\amd64_microsoft.windows.common-controls_6595b64144ccf1df_6.0.19041.1110_none_60b5254171f9507e\COMCTL32.dll
0x00007ff96dd40000 - 0x00007ff96ddde000 	C:\WINDOWS\System32\msvcrt.dll
0x00007ff96dc40000 - 0x00007ff96dc70000 	C:\WINDOWS\System32\IMM32.DLL
0x00007ff963440000 - 0x00007ff96344c000 	C:\Program Files\Android\Android Studio\jbr\bin\vcruntime140_1.dll
0x00007ff936e10000 - 0x00007ff936e9d000 	C:\Program Files\Android\Android Studio\jbr\bin\msvcp140.dll
0x00007ff9370b0000 - 0x00007ff937d1d000 	C:\Program Files\Android\Android Studio\jbr\bin\server\jvm.dll
0x00007ff96ca00000 - 0x00007ff96caae000 	C:\WINDOWS\System32\ADVAPI32.dll
0x00007ff96da70000 - 0x00007ff96db0c000 	C:\WINDOWS\System32\sechost.dll
0x00007ff96db10000 - 0x00007ff96dc36000 	C:\WINDOWS\System32\RPCRT4.dll
0x00007ff94e550000 - 0x00007ff94e559000 	C:\WINDOWS\SYSTEM32\WSOCK32.dll
0x00007ff96d9a0000 - 0x00007ff96da0b000 	C:\WINDOWS\System32\WS2_32.dll
0x00007ff95fba0000 - 0x00007ff95fbc7000 	C:\WINDOWS\SYSTEM32\WINMM.dll
0x00007ff964670000 - 0x00007ff96467a000 	C:\WINDOWS\SYSTEM32\VERSION.dll
0x00007ff969e70000 - 0x00007ff969e82000 	C:\WINDOWS\SYSTEM32\kernel.appcore.dll
0x00007ff968530000 - 0x00007ff96853a000 	C:\Program Files\Android\Android Studio\jbr\bin\jimage.dll
0x00007ff969c50000 - 0x00007ff969e34000 	C:\WINDOWS\SYSTEM32\DBGHELP.DLL
0x00007ff950e20000 - 0x00007ff950e54000 	C:\WINDOWS\SYSTEM32\dbgcore.DLL
0x00007ff96be20000 - 0x00007ff96bea2000 	C:\WINDOWS\System32\bcryptPrimitives.dll
0x00007ff966b60000 - 0x00007ff966b85000 	C:\Program Files\Android\Android Studio\jbr\bin\java.dll
0x00007ff966b40000 - 0x00007ff966b58000 	C:\Program Files\Android\Android Studio\jbr\bin\zip.dll
0x00007ff96bfd0000 - 0x00007ff96c714000 	C:\WINDOWS\System32\SHELL32.dll
0x00007ff9693f0000 - 0x00007ff969b83000 	C:\WINDOWS\SYSTEM32\windows.storage.dll
0x00007ff96d640000 - 0x00007ff96d994000 	C:\WINDOWS\System32\combase.dll
0x00007ff96afa0000 - 0x00007ff96afce000 	C:\WINDOWS\SYSTEM32\Wldp.dll
0x00007ff96d170000 - 0x00007ff96d21d000 	C:\WINDOWS\System32\SHCORE.dll
0x00007ff96da10000 - 0x00007ff96da65000 	C:\WINDOWS\System32\shlwapi.dll
0x00007ff96b560000 - 0x00007ff96b57f000 	C:\WINDOWS\SYSTEM32\profapi.dll
0x00007ff966b20000 - 0x00007ff966b39000 	C:\Program Files\Android\Android Studio\jbr\bin\net.dll
0x00007ff963280000 - 0x00007ff96338a000 	C:\WINDOWS\SYSTEM32\WINHTTP.dll
0x00007ff96ad00000 - 0x00007ff96ad6a000 	C:\WINDOWS\system32\mswsock.dll
0x00007ff966b00000 - 0x00007ff966b16000 	C:\Program Files\Android\Android Studio\jbr\bin\nio.dll
0x00007ff966080000 - 0x00007ff966090000 	C:\Program Files\Android\Android Studio\jbr\bin\verify.dll
0x00007ff966bd0000 - 0x00007ff966bf7000 	C:\Users\user\.gradle\native\68d5fa5c4cc2d200863cafc0d521ce42e7d3e7ee720ec0a83991735586a16f82\windows-amd64\native-platform.dll
0x00007ff92ac00000 - 0x00007ff92ad44000 	C:\Users\user\.gradle\native\e376f236ea51e6404a007f0833ffe2c6e607c4080706a723a18a27aeea778392\windows-amd64\native-platform-file-events.dll
0x00007ff966af0000 - 0x00007ff966af9000 	C:\Program Files\Android\Android Studio\jbr\bin\management.dll
0x00007ff966090000 - 0x00007ff96609b000 	C:\Program Files\Android\Android Studio\jbr\bin\management_ext.dll
0x00007ff96dc70000 - 0x00007ff96dc78000 	C:\WINDOWS\System32\PSAPI.DLL
0x00007ff96af00000 - 0x00007ff96af18000 	C:\WINDOWS\SYSTEM32\CRYPTSP.dll
0x00007ff96a620000 - 0x00007ff96a654000 	C:\WINDOWS\system32\rsaenh.dll
0x00007ff96bdf0000 - 0x00007ff96be17000 	C:\WINDOWS\System32\bcrypt.dll
0x00007ff96b520000 - 0x00007ff96b54e000 	C:\WINDOWS\SYSTEM32\USERENV.dll
0x00007ff96aef0000 - 0x00007ff96aefc000 	C:\WINDOWS\SYSTEM32\CRYPTBASE.dll
0x00007ff96a9f0000 - 0x00007ff96aa2c000 	C:\WINDOWS\SYSTEM32\IPHLPAPI.DLL
0x00007ff96dde0000 - 0x00007ff96dde8000 	C:\WINDOWS\System32\NSI.dll
0x00007ff962f40000 - 0x00007ff962f57000 	C:\WINDOWS\SYSTEM32\dhcpcsvc6.DLL
0x00007ff962dd0000 - 0x00007ff962ded000 	C:\WINDOWS\SYSTEM32\dhcpcsvc.DLL
0x00007ff96aa30000 - 0x00007ff96aafb000 	C:\WINDOWS\SYSTEM32\DNSAPI.dll
0x00007ff966070000 - 0x00007ff966077000 	C:\WINDOWS\system32\wshunix.dll

dbghelp: loaded successfully - version: 4.0.5 - missing functions: none
symbol engine: initialized successfully - sym options: 0x614 - pdb path: .;C:\Program Files\Android\Android Studio\jbr\bin;C:\WINDOWS\SYSTEM32;C:\WINDOWS\WinSxS\amd64_microsoft.windows.common-controls_6595b64144ccf1df_6.0.19041.1110_none_60b5254171f9507e;C:\Program Files\Android\Android Studio\jbr\bin\server;C:\Users\user\.gradle\native\68d5fa5c4cc2d200863cafc0d521ce42e7d3e7ee720ec0a83991735586a16f82\windows-amd64;C:\Users\user\.gradle\native\e376f236ea51e6404a007f0833ffe2c6e607c4080706a723a18a27aeea778392\windows-amd64

VM Arguments:
jvm_args: --add-opens=java.base/java.util=ALL-UNNAMED --add-opens=java.base/java.lang=ALL-UNNAMED --add-opens=java.base/java.lang.invoke=ALL-UNNAMED --add-opens=java.prefs/java.util.prefs=ALL-UNNAMED --add-opens=java.base/java.nio.charset=ALL-UNNAMED --add-opens=java.base/java.net=ALL-UNNAMED --add-opens=java.base/java.util.concurrent.atomic=ALL-UNNAMED -Xmx2048m -Dfile.encoding=UTF-8 -Duser.country=KR -Duser.language=ko -Duser.variant 
java_command: org.gradle.launcher.daemon.bootstrap.GradleDaemon 8.0
java_class_path (initial): C:\Users\user\.gradle\wrapper\dists\gradle-8.0-bin\ca5e32bp14vu59qr306oxotwh\gradle-8.0\lib\gradle-launcher-8.0.jar
Launcher Type: SUN_STANDARD

[Global flags]
     intx CICompilerCount                          = 4                                         {product} {ergonomic}
     uint ConcGCThreads                            = 2                                         {product} {ergonomic}
     uint G1ConcRefinementThreads                  = 8                                         {product} {ergonomic}
   size_t G1HeapRegionSize                         = 1048576                                   {product} {ergonomic}
    uintx GCDrainStackTargetSize                   = 64                                        {product} {ergonomic}
   size_t InitialHeapSize                          = 234881024                                 {product} {ergonomic}
   size_t MarkStackSize                            = 4194304                                   {product} {ergonomic}
   size_t MaxHeapSize                              = 2147483648                                {product} {command line}
   size_t MaxNewSize                               = 1287651328                                {product} {ergonomic}
   size_t MinHeapDeltaBytes                        = 1048576                                   {product} {ergonomic}
   size_t MinHeapSize                              = 8388608                                   {product} {ergonomic}
    uintx NonNMethodCodeHeapSize                   = 5839372                                {pd product} {ergonomic}
    uintx NonProfiledCodeHeapSize                  = 122909434                              {pd product} {ergonomic}
    uintx ProfiledCodeHeapSize                     = 122909434                              {pd product} {ergonomic}
    uintx ReservedCodeCacheSize                    = 251658240                              {pd product} {ergonomic}
     bool SegmentedCodeCache                       = true                                      {product} {ergonomic}
   size_t SoftMaxHeapSize                          = 2147483648                             {manageable} {ergonomic}
     bool UseCompressedClassPointers               = true                           {product lp64_product} {ergonomic}
     bool UseCompressedOops                        = true                           {product lp64_product} {ergonomic}
     bool UseG1GC                                  = true                                      {product} {ergonomic}
     bool UseLargePagesIndividualAllocation        = false                                  {pd product} {ergonomic}

Logging:
Log output configuration:
 #0: stdout all=warning uptime,level,tags
 #1: stderr all=off uptime,level,tags

Environment Variables:
JAVA_HOME=C:\Users\user\Desktop\jsp\bin
CLASSPATH=%java_home%\lib\tools.jar
PATH=C:\oracle_setup\bin;C:\Oracle\bin;C:\Program Files\Common Files\Oracle\Java\javapath;C:\Program Files (x86)\Common Files\Oracle\Java\javapath;C:\Users\python\Scripts\;C:\Users\python\;C:\Program Files\Python39\Scripts\;C:\Program Files\Python39\;C:\Program Files\Python38\Scripts\;C:\Program Files\Python38\;C:\WINDOWS\system32;C:\WINDOWS;C:\WINDOWS\System32\Wbem;C:\WINDOWS\System32\WindowsPowerShell\v1.0\;C:\WINDOWS\System32\OpenSSH\;C:\Users\user\.dnx\bin;C:\Program Files\Microsoft DNX\Dnvm\;C:\Program Files\Microsoft SQL Server\130\Tools\Binn\;C:\Program Files\dotnet\;%java_home%bin;C:\Users\user\anaconda3;C:\Users\user\anaconda3\Library\mingw-w64\bin;C:\Users\user\anaconda3\Library\usr\bin;C:\Users\user\anaconda3\Library\bin;C:\Users\user\anaconda3\Scripts;C:\Users\user\AppData\Local\Microsoft\WindowsApps;C:\Apache24\bin;C:\Users\pycharm\PyCharm Community Edition 2020.2.3\bin;;C:\Users\user\.dotnet\tools;C:\Program Files\CMake\bin
USERNAME=user
OS=Windows_NT
PROCESSOR_IDENTIFIER=AMD64 Family 23 Model 24 Stepping 1, AuthenticAMD
TMP=C:\Users\user\AppData\Local\Temp
TEMP=C:\Users\user\AppData\Local\Temp



---------------  S Y S T E M  ---------------

OS:
 Windows 10 , 64 bit Build 19041 (10.0.19041.2788)
OS uptime: 0 days 0:31 hours

CPU: total 8 (initial active 8) (8 cores per cpu, 2 threads per core) family 23 model 24 stepping 1 microcode 0x0, cx8, cmov, fxsr, ht, mmx, 3dnowpref, sse, sse2, sse3, ssse3, sse4a, sse4.1, sse4.2, popcnt, lzcnt, tsc, tscinvbit, avx, avx2, aes, clmul, bmi1, bmi2, adx, sha, fma, vzeroupper, clflush, clflushopt

Memory: 4k page, system-wide physical 14269M (4863M free)
TotalPageFile size 15924M (AvailPageFile size 5M)
current process WorkingSet (physical memory assigned to process): 408M, peak: 408M
current process commit charge ("private bytes"): 568M, peak: 568M

vm_info: OpenJDK 64-Bit Server VM (17.0.6+0-b2043.56-9586694) for windows-amd64 JRE (17.0.6+0-b2043.56-9586694), built on Feb  9 2023 20:06:20 by "androidbuild" with MS VC++ 16.10 / 16.11 (VS2019)

END.
